
## Job started at 22-03-2023 as 09:38:42 #####################


## Jobs activated by olender: 

             JOBID PARTITION     NAME     USER ST       TIME  NODES NODELIST(REASON)
             23636 intel_lar meshing4  olender  R       0:01      1 n06
             23635 intel_lar meshing4  olender  R       0:55      1 n08
             23633 intel_lar meshing4  olender  R       4:28      1 n07

## Execution node:         n06 


## Number of tasks per job: 5 


## Diretorio de submissao do job:   /home/olender/Thesis/chapter_acoustic_wave_fundamentals/spyro-1 

100.0
Reading binary file: overthrust_3D_exact_model_reduced_v5.bin
Mesh sizes will be built to resolve an estimate of wavelength of a 5.0 hz wavelet with 3.0 vertices...
Enforcing minimum edge length of 100.0
Enforcing maximum edge length of 300
Enforcing mesh size gradation of 0.35 decimal percent...
Including a 750.0 meter domain extension...
Using the pad_style: edge
Reading binary file: overthrust_3D_exact_model_reduced_v5.bin
Adding a domain pad to the velocity model...
Including a 750.0 meter domain extension...
Using the pad_style: edge
Writing velocity model: overthrust_3D_exact_model_reduced_v5.hdf5
Constraining 0 fixed points..
Commencing mesh generation with 8016 vertices on rank 0.
100.0
Commencing mesh generation with 7486 vertices on rank 1.
100.0
Commencing mesh generation with 8082 vertices on rank 3.
100.0
Commencing mesh generation with 7812 vertices on rank 2.
100.0
Commencing mesh generation with 7860 vertices on rank 4.
Iteration #1, max movement is 436.780796, there are 8016 vertices and 62595 cells
     Elapsed wall-clock time 0.308506 : 
Iteration #2, max movement is 241.704276, there are 8016 vertices and 61486 cells
     Elapsed wall-clock time 0.332820 : 
Iteration #3, max movement is 161.048090, there are 8016 vertices and 61274 cells
     Elapsed wall-clock time 0.248173 : 
Iteration #4, max movement is 147.924504, there are 8016 vertices and 61571 cells
     Elapsed wall-clock time 0.295779 : 
Iteration #5, max movement is 147.859224, there are 8016 vertices and 61614 cells
     Elapsed wall-clock time 0.286919 : 
Iteration #6, max movement is 151.509340, there are 8016 vertices and 61735 cells
     Elapsed wall-clock time 0.293246 : 
Iteration #7, max movement is 130.477575, there are 8016 vertices and 61555 cells
     Elapsed wall-clock time 0.287748 : 
Iteration #8, max movement is 141.768495, there are 8016 vertices and 61499 cells
     Elapsed wall-clock time 0.283782 : 
Iteration #9, max movement is 122.953613, there are 8016 vertices and 61175 cells
     Elapsed wall-clock time 0.281313 : 
Iteration #10, max movement is 141.430974, there are 8016 vertices and 60948 cells
     Elapsed wall-clock time 0.282161 : 
Iteration #11, max movement is 122.762121, there are 8016 vertices and 60587 cells
     Elapsed wall-clock time 0.283238 : 
Iteration #12, max movement is 139.919333, there are 8016 vertices and 60329 cells
     Elapsed wall-clock time 0.304677 : 
Iteration #13, max movement is 135.939020, there are 8016 vertices and 60140 cells
     Elapsed wall-clock time 0.298496 : 
Iteration #14, max movement is 134.787226, there are 8016 vertices and 59782 cells
     Elapsed wall-clock time 0.279092 : 
Iteration #15, max movement is 134.247577, there are 8016 vertices and 59669 cells
     Elapsed wall-clock time 0.362020 : 
Iteration #16, max movement is 134.110453, there are 8016 vertices and 59470 cells
     Elapsed wall-clock time 0.371343 : 
Iteration #17, max movement is 137.792929, there are 8016 vertices and 59263 cells
     Elapsed wall-clock time 0.279786 : 
Iteration #18, max movement is 127.967700, there are 8016 vertices and 59065 cells
     Elapsed wall-clock time 0.274843 : 
Iteration #19, max movement is 135.861450, there are 8016 vertices and 58905 cells
     Elapsed wall-clock time 0.275800 : 
Iteration #20, max movement is 122.695909, there are 8016 vertices and 58760 cells
     Elapsed wall-clock time 0.270844 : 
Iteration #21, max movement is 129.137729, there are 8016 vertices and 58656 cells
     Elapsed wall-clock time 0.276086 : 
Iteration #22, max movement is 120.228253, there are 8016 vertices and 58506 cells
     Elapsed wall-clock time 0.272779 : 
Iteration #23, max movement is 128.090507, there are 8016 vertices and 58452 cells
     Elapsed wall-clock time 0.279783 : 
Iteration #24, max movement is 118.644053, there are 8016 vertices and 58335 cells
     Elapsed wall-clock time 0.272324 : 
Iteration #25, max movement is 130.932855, there are 8016 vertices and 58200 cells
     Elapsed wall-clock time 0.271726 : 
Iteration #26, max movement is 118.761146, there are 8016 vertices and 58084 cells
     Elapsed wall-clock time 0.324674 : 
Iteration #27, max movement is 130.002499, there are 8016 vertices and 58044 cells
     Elapsed wall-clock time 0.308915 : 
Iteration #28, max movement is 117.848256, there are 8016 vertices and 57983 cells
     Elapsed wall-clock time 0.280703 : 
Iteration #29, max movement is 127.900660, there are 8016 vertices and 57851 cells
     Elapsed wall-clock time 0.361731 : 
Iteration #30, max movement is 116.285137, there are 8016 vertices and 57793 cells
     Elapsed wall-clock time 0.268235 : 
Iteration #31, max movement is 124.761015, there are 8016 vertices and 57763 cells
     Elapsed wall-clock time 0.271813 : 
Iteration #32, max movement is 115.089618, there are 8016 vertices and 57708 cells
     Elapsed wall-clock time 0.264027 : 
Iteration #33, max movement is 126.559714, there are 8016 vertices and 57669 cells
     Elapsed wall-clock time 0.270098 : 
Iteration #34, max movement is 112.191780, there are 8016 vertices and 57562 cells
     Elapsed wall-clock time 0.267841 : 
Iteration #35, max movement is 108.483009, there are 8016 vertices and 57528 cells
     Elapsed wall-clock time 0.268202 : 
Iteration #36, max movement is 111.763419, there are 8016 vertices and 57447 cells
     Elapsed wall-clock time 0.267659 : 
Iteration #37, max movement is 133.311662, there are 8016 vertices and 57441 cells
     Elapsed wall-clock time 0.266925 : 
Iteration #38, max movement is 109.738408, there are 8016 vertices and 57328 cells
     Elapsed wall-clock time 0.265896 : 
Iteration #39, max movement is 136.788916, there are 8016 vertices and 57435 cells
     Elapsed wall-clock time 0.272292 : 
Iteration #40, max movement is 112.609133, there are 8016 vertices and 57352 cells
     Elapsed wall-clock time 0.270210 : 
Iteration #41, max movement is 119.070005, there are 8016 vertices and 57303 cells
     Elapsed wall-clock time 0.270750 : 
Iteration #42, max movement is 103.417687, there are 8016 vertices and 57324 cells
     Elapsed wall-clock time 0.267472 : 
Iteration #43, max movement is 118.710049, there are 8016 vertices and 57365 cells
     Elapsed wall-clock time 0.289461 : 
Iteration #44, max movement is 113.521613, there are 8016 vertices and 57278 cells
     Elapsed wall-clock time 0.334009 : 
Iteration #45, max movement is 126.713346, there are 8016 vertices and 57287 cells
     Elapsed wall-clock time 0.272902 : 
Iteration #46, max movement is 100.477968, there are 8016 vertices and 57264 cells
     Elapsed wall-clock time 0.271920 : 
Iteration #47, max movement is 148.155611, there are 8016 vertices and 57329 cells
     Elapsed wall-clock time 0.343640 : 
Iteration #48, max movement is 110.079108, there are 8016 vertices and 57226 cells
     Elapsed wall-clock time 0.287579 : 
Iteration #49, max movement is 127.245049, there are 8016 vertices and 57203 cells
     Elapsed wall-clock time 0.267809 : 
Iteration #50, max movement is 104.141413, there are 8016 vertices and 57191 cells
     Elapsed wall-clock time 0.268061 : 
Iteration #51, max movement is 148.040897, there are 8016 vertices and 57152 cells
     Elapsed wall-clock time 0.268051 : 
Iteration #52, max movement is 104.609529, there are 8016 vertices and 57181 cells
     Elapsed wall-clock time 0.267404 : 
Iteration #53, max movement is 146.673360, there are 8016 vertices and 57181 cells
     Elapsed wall-clock time 0.267405 : 
Iteration #54, max movement is 105.852537, there are 8016 vertices and 57165 cells
     Elapsed wall-clock time 0.267514 : 
Iteration #55, max movement is 144.411011, there are 8016 vertices and 57215 cells
     Elapsed wall-clock time 0.267500 : 
Iteration #56, max movement is 104.525509, there are 8016 vertices and 57148 cells
     Elapsed wall-clock time 0.267714 : 
Iteration #57, max movement is 141.444520, there are 8016 vertices and 57125 cells
     Elapsed wall-clock time 0.308218 : 
Iteration #58, max movement is 101.883888, there are 8016 vertices and 57187 cells
     Elapsed wall-clock time 0.315439 : 
Iteration #59, max movement is 131.426508, there are 8016 vertices and 57151 cells
     Elapsed wall-clock time 0.271974 : 
Iteration #60, max movement is 105.220559, there are 8016 vertices and 57144 cells
     Elapsed wall-clock time 0.363502 : 
Iteration #61, max movement is 134.006759, there are 8016 vertices and 57129 cells
     Elapsed wall-clock time 0.266572 : 
Iteration #62, max movement is 103.327749, there are 8016 vertices and 57208 cells
     Elapsed wall-clock time 0.267021 : 
Iteration #63, max movement is 130.527882, there are 8016 vertices and 57183 cells
     Elapsed wall-clock time 0.265612 : 
Iteration #64, max movement is 105.325226, there are 8016 vertices and 57195 cells
     Elapsed wall-clock time 0.265894 : 
Iteration #65, max movement is 122.645379, there are 8016 vertices and 57174 cells
     Elapsed wall-clock time 0.265855 : 
Iteration #66, max movement is 108.502255, there are 8016 vertices and 57178 cells
     Elapsed wall-clock time 0.266800 : 
Iteration #67, max movement is 130.518226, there are 8016 vertices and 57161 cells
     Elapsed wall-clock time 0.261604 : 
Iteration #68, max movement is 115.365833, there are 8016 vertices and 57183 cells
     Elapsed wall-clock time 0.266165 : 
Iteration #69, max movement is 130.646103, there are 8016 vertices and 57211 cells
     Elapsed wall-clock time 0.271183 : 
Iteration #70, max movement is 115.236143, there are 8016 vertices and 57198 cells
     Elapsed wall-clock time 0.265145 : 
Iteration #71, max movement is 129.931150, there are 8016 vertices and 57159 cells
     Elapsed wall-clock time 0.266402 : 
Iteration #72, max movement is 114.236634, there are 8016 vertices and 57159 cells
     Elapsed wall-clock time 0.265201 : 
Iteration #73, max movement is 129.615794, there are 8016 vertices and 57156 cells
     Elapsed wall-clock time 0.267467 : 
Iteration #74, max movement is 107.754567, there are 8016 vertices and 57189 cells
     Elapsed wall-clock time 0.266287 : 
Iteration #75, max movement is 129.094164, there are 8016 vertices and 57124 cells
     Elapsed wall-clock time 0.267478 : 
Iteration #76, max movement is 104.590990, there are 8016 vertices and 57119 cells
     Elapsed wall-clock time 0.268180 : 
Iteration #77, max movement is 109.899535, there are 8016 vertices and 57140 cells
     Elapsed wall-clock time 0.274901 : 
Iteration #78, max movement is 103.389595, there are 8016 vertices and 57184 cells
     Elapsed wall-clock time 0.268362 : 
Iteration #79, max movement is 110.333344, there are 8016 vertices and 57142 cells
     Elapsed wall-clock time 0.268596 : 
Iteration #80, max movement is 102.602999, there are 8016 vertices and 57201 cells
     Elapsed wall-clock time 0.269853 : 
Iteration #81, max movement is 111.228301, there are 8016 vertices and 57207 cells
     Elapsed wall-clock time 0.266491 : 
Iteration #82, max movement is 113.547969, there are 8016 vertices and 57258 cells
     Elapsed wall-clock time 0.268924 : 
Iteration #83, max movement is 127.310949, there are 8016 vertices and 57185 cells
     Elapsed wall-clock time 0.267364 : 
Iteration #84, max movement is 114.005514, there are 8016 vertices and 57205 cells
     Elapsed wall-clock time 0.268199 : 
Iteration #85, max movement is 125.992778, there are 8016 vertices and 57192 cells
     Elapsed wall-clock time 0.267967 : 
Iteration #86, max movement is 114.510030, there are 8016 vertices and 57284 cells
     Elapsed wall-clock time 0.353064 : 
Iteration #87, max movement is 124.849815, there are 8016 vertices and 57161 cells
     Elapsed wall-clock time 0.200049 : 
Iteration #88, max movement is 114.556956, there are 8016 vertices and 57323 cells
     Elapsed wall-clock time 0.263983 : 
Iteration #89, max movement is 123.774413, there are 8016 vertices and 57152 cells
     Elapsed wall-clock time 0.263804 : 
Iteration #90, max movement is 105.139589, there are 8016 vertices and 57303 cells
     Elapsed wall-clock time 0.267220 : 
Iteration #91, max movement is 123.132472, there are 8016 vertices and 57223 cells
     Elapsed wall-clock time 0.265290 : 
Iteration #92, max movement is 104.022225, there are 8016 vertices and 57292 cells
     Elapsed wall-clock time 0.266205 : 
Iteration #93, max movement is 112.308870, there are 8016 vertices and 57202 cells
     Elapsed wall-clock time 0.259086 : 
Iteration #94, max movement is 114.245569, there are 8016 vertices and 57347 cells
     Elapsed wall-clock time 0.267442 : 
Iteration #95, max movement is 126.368831, there are 8016 vertices and 57201 cells
     Elapsed wall-clock time 0.258890 : 
Iteration #96, max movement is 116.213042, there are 8016 vertices and 57279 cells
     Elapsed wall-clock time 0.266648 : 
Iteration #97, max movement is 126.197630, there are 8016 vertices and 57216 cells
     Elapsed wall-clock time 0.267031 : 
Iteration #98, max movement is 114.140027, there are 8016 vertices and 57262 cells
     Elapsed wall-clock time 0.265918 : 
Iteration #99, max movement is 126.066583, there are 8016 vertices and 57222 cells
     Elapsed wall-clock time 0.266839 : 
Iteration #100, max movement is 112.996127, there are 8016 vertices and 57285 cells
     Elapsed wall-clock time 0.265818 : 
Iteration #101, max movement is 125.678235, there are 8016 vertices and 57181 cells
     Elapsed wall-clock time 0.345974 : 
Iteration #102, max movement is 111.417793, there are 8016 vertices and 57275 cells
     Elapsed wall-clock time 0.205363 : 
Iteration #103, max movement is 126.066855, there are 8016 vertices and 57243 cells
     Elapsed wall-clock time 0.267689 : 
Iteration #104, max movement is 106.433704, there are 8016 vertices and 57279 cells
     Elapsed wall-clock time 0.352782 : 
Iteration #105, max movement is 126.630099, there are 8016 vertices and 57271 cells
     Elapsed wall-clock time 0.198698 : 
Iteration #106, max movement is 108.558026, there are 8016 vertices and 57248 cells
     Elapsed wall-clock time 0.263420 : 
Iteration #107, max movement is 125.077586, there are 8016 vertices and 57254 cells
     Elapsed wall-clock time 0.265468 : 
Iteration #108, max movement is 107.082430, there are 8016 vertices and 57279 cells
     Elapsed wall-clock time 0.265501 : 
Iteration #109, max movement is 124.422722, there are 8016 vertices and 57229 cells
     Elapsed wall-clock time 0.265002 : 
Iteration #110, max movement is 107.381621, there are 8016 vertices and 57206 cells
     Elapsed wall-clock time 0.265261 : 
Iteration #111, max movement is 125.046445, there are 8016 vertices and 57251 cells
     Elapsed wall-clock time 0.265824 : 
Iteration #112, max movement is 107.114438, there are 8016 vertices and 57193 cells
     Elapsed wall-clock time 0.266540 : 
Iteration #113, max movement is 129.523091, there are 8016 vertices and 57263 cells
     Elapsed wall-clock time 0.266177 : 
Iteration #114, max movement is 109.731348, there are 8016 vertices and 57156 cells
     Elapsed wall-clock time 0.265680 : 
Iteration #115, max movement is 123.909097, there are 8016 vertices and 57214 cells
     Elapsed wall-clock time 0.263949 : 
Iteration #116, max movement is 105.930357, there are 8016 vertices and 57211 cells
     Elapsed wall-clock time 0.263399 : 
Iteration #117, max movement is 123.256755, there are 8016 vertices and 57203 cells
     Elapsed wall-clock time 0.301831 : 
Iteration #118, max movement is 104.793067, there are 8016 vertices and 57232 cells
     Elapsed wall-clock time 0.265773 : 
Iteration #119, max movement is 121.898241, there are 8016 vertices and 57188 cells
     Elapsed wall-clock time 0.272985 : 
Iteration #120, max movement is 110.276412, there are 8016 vertices and 57266 cells
     Elapsed wall-clock time 0.267209 : 
Iteration #121, max movement is 122.229067, there are 8016 vertices and 57211 cells
     Elapsed wall-clock time 0.259576 : 
Iteration #122, max movement is 105.725111, there are 8016 vertices and 57235 cells
     Elapsed wall-clock time 0.267058 : 
Iteration #123, max movement is 127.424908, there are 8016 vertices and 57231 cells
     Elapsed wall-clock time 0.269008 : 
Iteration #124, max movement is 106.913913, there are 8016 vertices and 57243 cells
     Elapsed wall-clock time 0.265921 : 
Iteration #125, max movement is 122.739155, there are 8016 vertices and 57212 cells
     Elapsed wall-clock time 0.254477 : 
Iteration #126, max movement is 106.785400, there are 8016 vertices and 57238 cells
     Elapsed wall-clock time 0.268409 : 
Iteration #127, max movement is 126.292441, there are 8016 vertices and 57232 cells
     Elapsed wall-clock time 0.268499 : 
Iteration #128, max movement is 103.716276, there are 8016 vertices and 57230 cells
     Elapsed wall-clock time 0.267298 : 
Iteration #129, max movement is 122.229671, there are 8016 vertices and 57219 cells
     Elapsed wall-clock time 0.267569 : 
Iteration #130, max movement is 107.261895, there are 8016 vertices and 57230 cells
     Elapsed wall-clock time 0.265534 : 
Iteration #131, max movement is 125.762727, there are 8016 vertices and 57241 cells
     Elapsed wall-clock time 0.356112 : 
Iteration #132, max movement is 103.963281, there are 8016 vertices and 57282 cells
     Elapsed wall-clock time 0.193320 : 
Iteration #133, max movement is 124.945212, there are 8016 vertices and 57251 cells
     Elapsed wall-clock time 0.266211 : 
Iteration #134, max movement is 101.923549, there are 8016 vertices and 57297 cells
     Elapsed wall-clock time 0.264687 : 
Iteration #135, max movement is 124.217384, there are 8016 vertices and 57264 cells
     Elapsed wall-clock time 0.257763 : 
Iteration #136, max movement is 107.351901, there are 8016 vertices and 57219 cells
     Elapsed wall-clock time 0.264533 : 
Iteration #137, max movement is 123.804500, there are 8016 vertices and 57264 cells
     Elapsed wall-clock time 0.264796 : 
Iteration #138, max movement is 112.061115, there are 8016 vertices and 57239 cells
     Elapsed wall-clock time 0.266956 : 
Iteration #139, max movement is 123.514688, there are 8016 vertices and 57332 cells
     Elapsed wall-clock time 0.265016 : 
Iteration #140, max movement is 107.372463, there are 8016 vertices and 57252 cells
     Elapsed wall-clock time 0.266756 : 
Iteration #141, max movement is 119.006965, there are 8016 vertices and 57304 cells
     Elapsed wall-clock time 0.264887 : 
Iteration #142, max movement is 112.208727, there are 8016 vertices and 57275 cells
     Elapsed wall-clock time 0.267196 : 
Iteration #143, max movement is 117.749590, there are 8016 vertices and 57344 cells
     Elapsed wall-clock time 0.271464 : 
Iteration #144, max movement is 115.067970, there are 8016 vertices and 57329 cells
     Elapsed wall-clock time 0.262753 : 
Iteration #145, max movement is 115.854081, there are 8016 vertices and 57286 cells
     Elapsed wall-clock time 0.269876 : 
Iteration #146, max movement is 121.760683, there are 8016 vertices and 57325 cells
     Elapsed wall-clock time 0.353034 : 
Iteration #147, max movement is 114.670534, there are 8016 vertices and 57325 cells
     Elapsed wall-clock time 0.201473 : 
Iteration #148, max movement is 123.588581, there are 8016 vertices and 57288 cells
     Elapsed wall-clock time 0.269058 : 
Iteration #149, max movement is 113.941082, there are 8016 vertices and 57317 cells
     Elapsed wall-clock time 0.272646 : 
Iteration #150, max movement is 110.551739, there are 8016 vertices and 57305 cells
     Elapsed wall-clock time 0.265063 : 
Iteration #151, max movement is 110.830358, there are 8016 vertices and 57351 cells
     Elapsed wall-clock time 0.266069 : 
Iteration #152, max movement is 108.966493, there are 8016 vertices and 57349 cells
     Elapsed wall-clock time 0.263870 : 
Iteration #153, max movement is 111.599886, there are 8016 vertices and 57396 cells
     Elapsed wall-clock time 0.274300 : 
Iteration #154, max movement is 122.085418, there are 8016 vertices and 57323 cells
     Elapsed wall-clock time 0.262247 : 
Iteration #155, max movement is 108.603117, there are 8016 vertices and 57311 cells
     Elapsed wall-clock time 0.273379 : 
Iteration #156, max movement is 107.189264, there are 8016 vertices and 57308 cells
     Elapsed wall-clock time 0.273149 : 
Iteration #157, max movement is 107.480386, there are 8016 vertices and 57333 cells
     Elapsed wall-clock time 0.274615 : 
Iteration #158, max movement is 119.637956, there are 8016 vertices and 57330 cells
     Elapsed wall-clock time 0.262293 : 
Iteration #159, max movement is 108.984570, there are 8016 vertices and 57317 cells
     Elapsed wall-clock time 0.273301 : 
Iteration #160, max movement is 107.176790, there are 8016 vertices and 57314 cells
     Elapsed wall-clock time 0.266990 : 
Iteration #161, max movement is 106.138482, there are 8016 vertices and 57342 cells
     Elapsed wall-clock time 0.300536 : 
Iteration #162, max movement is 106.836823, there are 8016 vertices and 57312 cells
     Elapsed wall-clock time 0.232973 : 
Iteration #163, max movement is 106.294808, there are 8016 vertices and 57308 cells
     Elapsed wall-clock time 0.270836 : 
Iteration #164, max movement is 106.707295, there are 8016 vertices and 57313 cells
     Elapsed wall-clock time 0.269844 : 
Iteration #165, max movement is 105.968316, there are 8016 vertices and 57347 cells
     Elapsed wall-clock time 0.272181 : 
Iteration #166, max movement is 106.017879, there are 8016 vertices and 57362 cells
     Elapsed wall-clock time 0.273672 : 
Iteration #167, max movement is 106.530803, there are 8016 vertices and 57320 cells
     Elapsed wall-clock time 0.272763 : 
Iteration #168, max movement is 105.903353, there are 8016 vertices and 57345 cells
     Elapsed wall-clock time 0.270187 : 
Iteration #169, max movement is 108.754294, there are 8016 vertices and 57282 cells
     Elapsed wall-clock time 0.262965 : 
Iteration #170, max movement is 108.203542, there are 8016 vertices and 57293 cells
     Elapsed wall-clock time 0.270320 : 
Iteration #171, max movement is 108.229822, there are 8016 vertices and 57276 cells
     Elapsed wall-clock time 0.269746 : 
Iteration #172, max movement is 105.307700, there are 8016 vertices and 57330 cells
     Elapsed wall-clock time 0.267103 : 
Iteration #173, max movement is 108.574798, there are 8016 vertices and 57302 cells
     Elapsed wall-clock time 0.272807 : 
Iteration #174, max movement is 107.148548, there are 8016 vertices and 57287 cells
     Elapsed wall-clock time 0.260372 : 
Iteration #175, max movement is 106.553553, there are 8016 vertices and 57276 cells
     Elapsed wall-clock time 0.270308 : 
Iteration #176, max movement is 106.387891, there are 8016 vertices and 57276 cells
     Elapsed wall-clock time 0.270096 : 
Iteration #177, max movement is 106.559447, there are 8016 vertices and 57264 cells
     Elapsed wall-clock time 0.266344 : 
Iteration #178, max movement is 107.558004, there are 8016 vertices and 57335 cells
     Elapsed wall-clock time 0.268408 : 
Iteration #179, max movement is 105.171579, there are 8016 vertices and 57308 cells
     Elapsed wall-clock time 0.259564 : 
Iteration #180, max movement is 109.153005, there are 8016 vertices and 57312 cells
     Elapsed wall-clock time 0.266057 : 
Iteration #181, max movement is 105.160368, there are 8016 vertices and 57280 cells
     Elapsed wall-clock time 0.291044 : 
Iteration #182, max movement is 110.352212, there are 8016 vertices and 57347 cells
     Elapsed wall-clock time 0.264857 : 
Iteration #183, max movement is 108.181655, there are 8016 vertices and 57292 cells
     Elapsed wall-clock time 0.259145 : 
Iteration #184, max movement is 111.659954, there are 8016 vertices and 57335 cells
     Elapsed wall-clock time 0.266169 : 
Iteration #185, max movement is 105.816510, there are 8016 vertices and 57288 cells
     Elapsed wall-clock time 0.262981 : 
Iteration #186, max movement is 112.628247, there are 8016 vertices and 57352 cells
     Elapsed wall-clock time 0.264541 : 
Iteration #187, max movement is 105.481728, there are 8016 vertices and 57292 cells
     Elapsed wall-clock time 0.258003 : 
Iteration #188, max movement is 113.609200, there are 8016 vertices and 57308 cells
     Elapsed wall-clock time 0.263435 : 
Iteration #189, max movement is 104.994809, there are 8016 vertices and 57280 cells
     Elapsed wall-clock time 0.262775 : 
Iteration #190, max movement is 106.223255, there are 8016 vertices and 57323 cells
     Elapsed wall-clock time 0.256454 : 
Iteration #191, max movement is 105.437095, there are 8016 vertices and 57295 cells
     Elapsed wall-clock time 0.266801 : 
Iteration #192, max movement is 106.219077, there are 8016 vertices and 57326 cells
     Elapsed wall-clock time 0.330173 : 
Iteration #193, max movement is 108.915840, there are 8016 vertices and 57276 cells
     Elapsed wall-clock time 0.288909 : 
Iteration #194, max movement is 107.468117, there are 8016 vertices and 57332 cells
     Elapsed wall-clock time 0.266728 : 
Iteration #195, max movement is 108.547095, there are 8016 vertices and 57253 cells
     Elapsed wall-clock time 0.262856 : 
Iteration #196, max movement is 106.679450, there are 8016 vertices and 57322 cells
     Elapsed wall-clock time 0.268677 : 
Iteration #197, max movement is 104.789450, there are 8016 vertices and 57249 cells
     Elapsed wall-clock time 0.267167 : 
Iteration #198, max movement is 107.871253, there are 8016 vertices and 57310 cells
     Elapsed wall-clock time 0.269967 : 
Iteration #199, max movement is 104.346578, there are 8016 vertices and 57255 cells
     Elapsed wall-clock time 0.267624 : 
Iteration #200, max movement is 107.508523, there are 8016 vertices and 57303 cells
     Elapsed wall-clock time 0.265790 : 
Iteration #201, max movement is 103.709595, there are 8016 vertices and 57241 cells
     Elapsed wall-clock time 0.267756 : 
Iteration #202, max movement is 106.536438, there are 8016 vertices and 57297 cells
     Elapsed wall-clock time 0.266425 : 
Iteration #203, max movement is 103.767206, there are 8016 vertices and 57276 cells
     Elapsed wall-clock time 0.267732 : 
Iteration #204, max movement is 105.973032, there are 8016 vertices and 57294 cells
     Elapsed wall-clock time 0.267020 : 
Iteration #205, max movement is 103.436751, there are 8016 vertices and 57268 cells
     Elapsed wall-clock time 0.267897 : 
Iteration #206, max movement is 106.768582, there are 8016 vertices and 57260 cells
     Elapsed wall-clock time 0.354295 : 
Iteration #207, max movement is 102.961276, there are 8016 vertices and 57254 cells
     Elapsed wall-clock time 0.262947 : 
Iteration #208, max movement is 107.671524, there are 8016 vertices and 57267 cells
     Elapsed wall-clock time 0.265182 : 
Iteration #209, max movement is 101.908952, there are 8016 vertices and 57263 cells
     Elapsed wall-clock time 0.270160 : 
Iteration #210, max movement is 109.760252, there are 8016 vertices and 57290 cells
     Elapsed wall-clock time 0.264145 : 
Iteration #211, max movement is 101.155951, there are 8016 vertices and 57285 cells
     Elapsed wall-clock time 0.258495 : 
Iteration #212, max movement is 111.512978, there are 8016 vertices and 57276 cells
     Elapsed wall-clock time 0.264656 : 
Iteration #213, max movement is 105.869413, there are 8016 vertices and 57262 cells
     Elapsed wall-clock time 0.265405 : 
Iteration #214, max movement is 112.916376, there are 8016 vertices and 57284 cells
     Elapsed wall-clock time 0.263727 : 
Iteration #215, max movement is 99.546868, there are 8016 vertices and 57306 cells
     Elapsed wall-clock time 0.264885 : 
Iteration #216, max movement is 114.413817, there are 8016 vertices and 57270 cells
     Elapsed wall-clock time 0.264097 : 
Iteration #217, max movement is 104.194666, there are 8016 vertices and 57272 cells
     Elapsed wall-clock time 0.264983 : 
Iteration #218, max movement is 115.483609, there are 8016 vertices and 57297 cells
     Elapsed wall-clock time 0.264342 : 
Iteration #219, max movement is 99.118853, there are 8016 vertices and 57261 cells
     Elapsed wall-clock time 0.263004 : 
Iteration #220, max movement is 116.666336, there are 8016 vertices and 57291 cells
     Elapsed wall-clock time 0.256918 : 
Iteration #221, max movement is 98.976913, there are 8016 vertices and 57290 cells
     Elapsed wall-clock time 0.355006 : 
Iteration #222, max movement is 118.153045, there are 8016 vertices and 57279 cells
     Elapsed wall-clock time 0.268727 : 
Iteration #223, max movement is 101.974624, there are 8016 vertices and 57299 cells
     Elapsed wall-clock time 0.268409 : 
Iteration #224, max movement is 119.353878, there are 8016 vertices and 57267 cells
     Elapsed wall-clock time 0.266355 : 
Iteration #225, max movement is 102.730344, there are 8016 vertices and 57252 cells
     Elapsed wall-clock time 0.267992 : 
Iteration #226, max movement is 120.705887, there are 8016 vertices and 57295 cells
     Elapsed wall-clock time 0.269921 : 
Iteration #227, max movement is 97.613290, there are 8016 vertices and 57268 cells
     Elapsed wall-clock time 0.268184 : 
Iteration #228, max movement is 121.069804, there are 8016 vertices and 57323 cells
     Elapsed wall-clock time 0.270027 : 
Iteration #229, max movement is 103.051089, there are 8016 vertices and 57266 cells
     Elapsed wall-clock time 0.267299 : 
Iteration #230, max movement is 123.030251, there are 8016 vertices and 57308 cells
     Elapsed wall-clock time 0.275717 : 
Iteration #231, max movement is 96.905512, there are 8016 vertices and 57255 cells
     Elapsed wall-clock time 0.257436 : 
Iteration #232, max movement is 120.354330, there are 8016 vertices and 57264 cells
     Elapsed wall-clock time 0.268564 : 
Iteration #233, max movement is 96.454476, there are 8016 vertices and 57283 cells
     Elapsed wall-clock time 0.258723 : 
Iteration #234, max movement is 119.388602, there are 8016 vertices and 57305 cells
     Elapsed wall-clock time 0.267322 : 
Iteration #235, max movement is 95.940427, there are 8016 vertices and 57274 cells
     Elapsed wall-clock time 0.327608 : 
Iteration #236, max movement is 118.459345, there are 8016 vertices and 57283 cells
     Elapsed wall-clock time 0.197370 : 
Iteration #237, max movement is 95.192430, there are 8016 vertices and 57236 cells
     Elapsed wall-clock time 0.266880 : 
Iteration #238, max movement is 118.385626, there are 8016 vertices and 57296 cells
     Elapsed wall-clock time 0.264434 : 
Iteration #239, max movement is 96.456663, there are 8016 vertices and 57273 cells
     Elapsed wall-clock time 0.262824 : 
Iteration #240, max movement is 120.736761, there are 8016 vertices and 57296 cells
     Elapsed wall-clock time 0.263602 : 
Iteration #241, max movement is 100.669233, there are 8016 vertices and 57271 cells
     Elapsed wall-clock time 0.287435 : 
Iteration #242, max movement is 120.970856, there are 8016 vertices and 57314 cells
     Elapsed wall-clock time 0.306465 : 
Iteration #243, max movement is 100.246760, there are 8016 vertices and 57294 cells
     Elapsed wall-clock time 0.291858 : 
Iteration #244, max movement is 117.678977, there are 8016 vertices and 57321 cells
     Elapsed wall-clock time 0.287880 : 
Iteration #245, max movement is 102.315467, there are 8016 vertices and 57283 cells
     Elapsed wall-clock time 0.282653 : 
Iteration #246, max movement is 117.309432, there are 8016 vertices and 57330 cells
     Elapsed wall-clock time 0.275804 : 
Iteration #247, max movement is 101.183496, there are 8016 vertices and 57221 cells
     Elapsed wall-clock time 0.300767 : 
Iteration #248, max movement is 116.886398, there are 8016 vertices and 57291 cells
     Elapsed wall-clock time 0.274331 : 
Iteration #249, max movement is 101.362088, there are 8016 vertices and 57306 cells
     Elapsed wall-clock time 0.317089 : 
Termination reached...maximum number of iterations reached.
Will attempt 100 iterations to bound the dihedral angles...
Enforcing a min. dihedral bound of: 3.0 degrees...
Enforcing a max. dihedral bound of: 180.0 degrees...
Commencing sliver removal with 39245 vertices on rank 0.
On rank: 0 There are 157 slivers...
     Elapsed wall-clock time 0.149521 : 
On rank: 0 There are 31 slivers...
     Elapsed wall-clock time 0.241447 : 
On rank: 0 There are 15 slivers...
     Elapsed wall-clock time 0.210196 : 
On rank: 0 There are 7 slivers...
     Elapsed wall-clock time 0.201341 : 
On rank: 0 There are 1 slivers...
     Elapsed wall-clock time 0.201518 : 
On rank: 0 There are 0 slivers...
Termination reached in 5 iterations...no slivers detected!
Will attempt 100 iterations to bound the dihedral angles...
Enforcing a min. dihedral bound of: 5.0 degrees...
Enforcing a max. dihedral bound of: 180.0 degrees...
Commencing sliver removal with 39228 vertices on rank 0.
On rank: 0 There are 239 slivers...
     Elapsed wall-clock time 0.145743 : 
On rank: 0 There are 77 slivers...
     Elapsed wall-clock time 0.223250 : 
On rank: 0 There are 55 slivers...
     Elapsed wall-clock time 0.211699 : 
On rank: 0 There are 54 slivers...
     Elapsed wall-clock time 0.208315 : 
On rank: 0 There are 25 slivers...
     Elapsed wall-clock time 0.249793 : 
On rank: 0 There are 20 slivers...
     Elapsed wall-clock time 0.259752 : 
On rank: 0 There are 13 slivers...
     Elapsed wall-clock time 0.232576 : 
On rank: 0 There are 15 slivers...
     Elapsed wall-clock time 0.208036 : 
On rank: 0 There are 13 slivers...
     Elapsed wall-clock time 0.201510 : 
On rank: 0 There are 10 slivers...
     Elapsed wall-clock time 0.194380 : 
On rank: 0 There are 13 slivers...
     Elapsed wall-clock time 0.199617 : 
On rank: 0 There are 11 slivers...
     Elapsed wall-clock time 0.201422 : 
On rank: 0 There are 6 slivers...
     Elapsed wall-clock time 0.196885 : 
On rank: 0 There are 6 slivers...
     Elapsed wall-clock time 0.196704 : 
On rank: 0 There are 4 slivers...
     Elapsed wall-clock time 0.198638 : 
On rank: 0 There are 4 slivers...
     Elapsed wall-clock time 0.194432 : 
On rank: 0 There are 7 slivers...
     Elapsed wall-clock time 0.198957 : 
On rank: 0 There are 6 slivers...
     Elapsed wall-clock time 0.200671 : 
On rank: 0 There are 3 slivers...
     Elapsed wall-clock time 0.196560 : 
On rank: 0 There are 6 slivers...
     Elapsed wall-clock time 0.196783 : 
On rank: 0 There are 3 slivers...
     Elapsed wall-clock time 0.198939 : 
On rank: 0 There are 4 slivers...
     Elapsed wall-clock time 0.195461 : 
On rank: 0 There are 4 slivers...
     Elapsed wall-clock time 0.198637 : 
On rank: 0 There are 2 slivers...
     Elapsed wall-clock time 0.200314 : 
On rank: 0 There are 3 slivers...
     Elapsed wall-clock time 0.293576 : 
On rank: 0 There are 3 slivers...
     Elapsed wall-clock time 0.213381 : 
On rank: 0 There are 1 slivers...
     Elapsed wall-clock time 0.214213 : 
On rank: 0 There are 1 slivers...
     Elapsed wall-clock time 0.212784 : 
On rank: 0 There are 0 slivers...
Termination reached in 28 iterations...no slivers detected!
Will attempt 100 iterations to bound the dihedral angles...
Enforcing a min. dihedral bound of: 7.0 degrees...
Enforcing a max. dihedral bound of: 180.0 degrees...
Commencing sliver removal with 39206 vertices on rank 0.
On rank: 0 There are 342 slivers...
     Elapsed wall-clock time 0.147139 : 
On rank: 0 There are 152 slivers...
     Elapsed wall-clock time 0.232733 : 
On rank: 0 There are 112 slivers...
     Elapsed wall-clock time 0.224612 : 
On rank: 0 There are 84 slivers...
     Elapsed wall-clock time 0.220835 : 
On rank: 0 There are 69 slivers...
     Elapsed wall-clock time 0.218562 : 
On rank: 0 There are 52 slivers...
     Elapsed wall-clock time 0.219374 : 
On rank: 0 There are 34 slivers...
     Elapsed wall-clock time 0.216739 : 
On rank: 0 There are 25 slivers...
     Elapsed wall-clock time 0.216520 : 
On rank: 0 There are 19 slivers...
     Elapsed wall-clock time 0.213244 : 
On rank: 0 There are 22 slivers...
     Elapsed wall-clock time 0.216083 : 
On rank: 0 There are 22 slivers...
     Elapsed wall-clock time 0.214113 : 
On rank: 0 There are 33 slivers...
     Elapsed wall-clock time 0.217628 : 
On rank: 0 There are 23 slivers...
     Elapsed wall-clock time 0.294942 : 
On rank: 0 There are 13 slivers...
     Elapsed wall-clock time 0.201715 : 
On rank: 0 There are 13 slivers...
     Elapsed wall-clock time 0.197598 : 
On rank: 0 There are 16 slivers...
     Elapsed wall-clock time 0.200801 : 
On rank: 0 There are 13 slivers...
     Elapsed wall-clock time 0.197334 : 
On rank: 0 There are 13 slivers...
     Elapsed wall-clock time 0.200600 : 
On rank: 0 There are 13 slivers...
     Elapsed wall-clock time 0.197517 : 
On rank: 0 There are 12 slivers...
     Elapsed wall-clock time 0.200572 : 
On rank: 0 There are 10 slivers...
     Elapsed wall-clock time 0.197476 : 
On rank: 0 There are 6 slivers...
     Elapsed wall-clock time 0.200831 : 
On rank: 0 There are 5 slivers...
     Elapsed wall-clock time 0.197618 : 
On rank: 0 There are 8 slivers...
     Elapsed wall-clock time 0.201064 : 
On rank: 0 There are 5 slivers...
     Elapsed wall-clock time 0.196950 : 
On rank: 0 There are 2 slivers...
     Elapsed wall-clock time 0.200877 : 
On rank: 0 There are 0 slivers...
Termination reached in 26 iterations...no slivers detected!
Will attempt 100 iterations to bound the dihedral angles...
Enforcing a min. dihedral bound of: 8.0 degrees...
Enforcing a max. dihedral bound of: 180.0 degrees...
Commencing sliver removal with 39180 vertices on rank 0.
On rank: 0 There are 173 slivers...
     Elapsed wall-clock time 0.142209 : 
On rank: 0 There are 103 slivers...
     Elapsed wall-clock time 0.203792 : 
On rank: 0 There are 77 slivers...
     Elapsed wall-clock time 0.298928 : 
On rank: 0 There are 70 slivers...
     Elapsed wall-clock time 0.218921 : 
On rank: 0 There are 48 slivers...
     Elapsed wall-clock time 0.213972 : 
On rank: 0 There are 46 slivers...
     Elapsed wall-clock time 0.213756 : 
On rank: 0 There are 42 slivers...
     Elapsed wall-clock time 0.213829 : 
On rank: 0 There are 46 slivers...
     Elapsed wall-clock time 0.215487 : 
On rank: 0 There are 39 slivers...
     Elapsed wall-clock time 0.213574 : 
On rank: 0 There are 30 slivers...
     Elapsed wall-clock time 0.214057 : 
On rank: 0 There are 27 slivers...
     Elapsed wall-clock time 0.212003 : 
On rank: 0 There are 20 slivers...
     Elapsed wall-clock time 0.212649 : 
On rank: 0 There are 17 slivers...
     Elapsed wall-clock time 0.286554 : 
On rank: 0 There are 20 slivers...
     Elapsed wall-clock time 0.197398 : 
On rank: 0 There are 11 slivers...
     Elapsed wall-clock time 0.197675 : 
On rank: 0 There are 13 slivers...
     Elapsed wall-clock time 0.198626 : 
On rank: 0 There are 19 slivers...
     Elapsed wall-clock time 0.195372 : 
On rank: 0 There are 10 slivers...
     Elapsed wall-clock time 0.197715 : 
On rank: 0 There are 13 slivers...
     Elapsed wall-clock time 0.198961 : 
On rank: 0 There are 13 slivers...
     Elapsed wall-clock time 0.198000 : 
On rank: 0 There are 13 slivers...
     Elapsed wall-clock time 0.197303 : 
On rank: 0 There are 14 slivers...
     Elapsed wall-clock time 0.198032 : 
On rank: 0 There are 12 slivers...
     Elapsed wall-clock time 0.195748 : 
On rank: 0 There are 10 slivers...
     Elapsed wall-clock time 0.196625 : 
On rank: 0 There are 9 slivers...
     Elapsed wall-clock time 0.197762 : 
On rank: 0 There are 6 slivers...
     Elapsed wall-clock time 0.194187 : 
On rank: 0 There are 9 slivers...
     Elapsed wall-clock time 0.196743 : 
On rank: 0 There are 8 slivers...
     Elapsed wall-clock time 0.198523 : 
On rank: 0 There are 11 slivers...
     Elapsed wall-clock time 0.194644 : 
On rank: 0 There are 14 slivers...
     Elapsed wall-clock time 0.197177 : 
On rank: 0 There are 14 slivers...
     Elapsed wall-clock time 0.198914 : 
On rank: 0 There are 13 slivers...
     Elapsed wall-clock time 0.196690 : 
On rank: 0 There are 15 slivers...
     Elapsed wall-clock time 0.197483 : 
On rank: 0 There are 13 slivers...
     Elapsed wall-clock time 0.198972 : 
On rank: 0 There are 7 slivers...
     Elapsed wall-clock time 0.196203 : 
On rank: 0 There are 10 slivers...
     Elapsed wall-clock time 0.196770 : 
On rank: 0 There are 8 slivers...
     Elapsed wall-clock time 0.198577 : 
On rank: 0 There are 7 slivers...
     Elapsed wall-clock time 0.196355 : 
On rank: 0 There are 1 slivers...
     Elapsed wall-clock time 0.196952 : 
On rank: 0 There are 1 slivers...
     Elapsed wall-clock time 0.198212 : 
On rank: 0 There are 1 slivers...
     Elapsed wall-clock time 0.194587 : 
On rank: 0 There are 1 slivers...
     Elapsed wall-clock time 0.196447 : 
On rank: 0 There are 4 slivers...
     Elapsed wall-clock time 0.197027 : 
On rank: 0 There are 0 slivers...
Termination reached in 43 iterations...no slivers detected!
Will attempt 100 iterations to bound the dihedral angles...
Enforcing a min. dihedral bound of: 9.0 degrees...
Enforcing a max. dihedral bound of: 180.0 degrees...
Commencing sliver removal with 39171 vertices on rank 0.
On rank: 0 There are 226 slivers...
     Elapsed wall-clock time 0.141665 : 
On rank: 0 There are 143 slivers...
     Elapsed wall-clock time 0.210545 : 
On rank: 0 There are 115 slivers...
     Elapsed wall-clock time 0.208728 : 
On rank: 0 There are 99 slivers...
     Elapsed wall-clock time 0.204165 : 
On rank: 0 There are 99 slivers...
     Elapsed wall-clock time 0.206031 : 
On rank: 0 There are 104 slivers...
     Elapsed wall-clock time 0.203174 : 
On rank: 0 There are 105 slivers...
     Elapsed wall-clock time 0.204989 : 
On rank: 0 There are 107 slivers...
     Elapsed wall-clock time 0.205313 : 
On rank: 0 There are 95 slivers...
     Elapsed wall-clock time 0.202398 : 
On rank: 0 There are 105 slivers...
     Elapsed wall-clock time 0.204002 : 
On rank: 0 There are 93 slivers...
     Elapsed wall-clock time 0.204307 : 
On rank: 0 There are 74 slivers...
     Elapsed wall-clock time 0.204384 : 
On rank: 0 There are 67 slivers...
     Elapsed wall-clock time 0.202629 : 
On rank: 0 There are 66 slivers...
     Elapsed wall-clock time 0.203122 : 
On rank: 0 There are 73 slivers...
     Elapsed wall-clock time 0.201119 : 
On rank: 0 There are 75 slivers...
     Elapsed wall-clock time 0.203903 : 
On rank: 0 There are 78 slivers...
     Elapsed wall-clock time 0.202172 : 
On rank: 0 There are 65 slivers...
     Elapsed wall-clock time 0.202606 : 
On rank: 0 There are 52 slivers...
     Elapsed wall-clock time 0.201002 : 
On rank: 0 There are 62 slivers...
     Elapsed wall-clock time 0.201616 : 
On rank: 0 There are 57 slivers...
     Elapsed wall-clock time 0.199227 : 
On rank: 0 There are 71 slivers...
     Elapsed wall-clock time 0.200955 : 
On rank: 0 There are 80 slivers...
     Elapsed wall-clock time 0.202297 : 
On rank: 0 There are 68 slivers...
     Elapsed wall-clock time 0.203327 : 
On rank: 0 There are 67 slivers...
     Elapsed wall-clock time 0.203349 : 
On rank: 0 There are 65 slivers...
     Elapsed wall-clock time 0.202189 : 
On rank: 0 There are 51 slivers...
     Elapsed wall-clock time 0.203200 : 
On rank: 0 There are 59 slivers...
     Elapsed wall-clock time 0.202983 : 
On rank: 0 There are 62 slivers...
     Elapsed wall-clock time 0.199935 : 
On rank: 0 There are 61 slivers...
     Elapsed wall-clock time 0.204726 : 
On rank: 0 There are 57 slivers...
     Elapsed wall-clock time 0.206128 : 
On rank: 0 There are 64 slivers...
     Elapsed wall-clock time 0.202245 : 
On rank: 0 There are 56 slivers...
     Elapsed wall-clock time 0.212789 : 
On rank: 0 There are 56 slivers...
     Elapsed wall-clock time 0.202587 : 
On rank: 0 There are 56 slivers...
     Elapsed wall-clock time 0.205085 : 
On rank: 0 There are 44 slivers...
     Elapsed wall-clock time 0.209068 : 
On rank: 0 There are 35 slivers...
     Elapsed wall-clock time 0.203237 : 
On rank: 0 There are 24 slivers...
     Elapsed wall-clock time 0.199584 : 
On rank: 0 There are 22 slivers...
     Elapsed wall-clock time 0.207973 : 
On rank: 0 There are 19 slivers...
     Elapsed wall-clock time 0.204839 : 
On rank: 0 There are 18 slivers...
     Elapsed wall-clock time 0.201830 : 
On rank: 0 There are 19 slivers...
     Elapsed wall-clock time 0.201935 : 
On rank: 0 There are 20 slivers...
     Elapsed wall-clock time 0.202174 : 
On rank: 0 There are 14 slivers...
     Elapsed wall-clock time 0.201931 : 
On rank: 0 There are 12 slivers...
     Elapsed wall-clock time 0.200318 : 
On rank: 0 There are 13 slivers...
     Elapsed wall-clock time 0.212767 : 
On rank: 0 There are 9 slivers...
     Elapsed wall-clock time 0.201589 : 
On rank: 0 There are 11 slivers...
     Elapsed wall-clock time 0.201244 : 
On rank: 0 There are 4 slivers...
     Elapsed wall-clock time 0.200458 : 
On rank: 0 There are 7 slivers...
     Elapsed wall-clock time 0.202192 : 
On rank: 0 There are 8 slivers...
     Elapsed wall-clock time 0.198811 : 
On rank: 0 There are 9 slivers...
     Elapsed wall-clock time 0.199808 : 
On rank: 0 There are 10 slivers...
     Elapsed wall-clock time 0.200025 : 
On rank: 0 There are 7 slivers...
     Elapsed wall-clock time 0.199809 : 
On rank: 0 There are 4 slivers...
     Elapsed wall-clock time 0.301199 : 
On rank: 0 There are 13 slivers...
     Elapsed wall-clock time 0.290434 : 
On rank: 0 There are 11 slivers...
     Elapsed wall-clock time 0.198931 : 
On rank: 0 There are 6 slivers...
     Elapsed wall-clock time 0.199271 : 
On rank: 0 There are 7 slivers...
     Elapsed wall-clock time 0.198752 : 
On rank: 0 There are 5 slivers...
     Elapsed wall-clock time 0.199200 : 
On rank: 0 There are 5 slivers...
     Elapsed wall-clock time 0.195760 : 
On rank: 0 There are 9 slivers...
     Elapsed wall-clock time 0.198657 : 
On rank: 0 There are 5 slivers...
     Elapsed wall-clock time 0.198424 : 
On rank: 0 There are 2 slivers...
     Elapsed wall-clock time 0.198802 : 
On rank: 0 There are 2 slivers...
     Elapsed wall-clock time 0.199176 : 
On rank: 0 There are 2 slivers...
     Elapsed wall-clock time 0.198268 : 
On rank: 0 There are 1 slivers...
     Elapsed wall-clock time 0.196525 : 
On rank: 0 There are 0 slivers...
Termination reached in 67 iterations...no slivers detected!
Will attempt 100 iterations to bound the dihedral angles...
Enforcing a min. dihedral bound of: 9.3 degrees...
Enforcing a max. dihedral bound of: 180.0 degrees...
Commencing sliver removal with 39147 vertices on rank 0.
On rank: 0 There are 87 slivers...
     Elapsed wall-clock time 0.142287 : 
On rank: 0 There are 77 slivers...
     Elapsed wall-clock time 0.207886 : 
On rank: 0 There are 53 slivers...
     Elapsed wall-clock time 0.197201 : 
On rank: 0 There are 43 slivers...
     Elapsed wall-clock time 0.285224 : 
On rank: 0 There are 55 slivers...
     Elapsed wall-clock time 0.218189 : 
On rank: 0 There are 57 slivers...
     Elapsed wall-clock time 0.210994 : 
On rank: 0 There are 41 slivers...
     Elapsed wall-clock time 0.213019 : 
On rank: 0 There are 45 slivers...
     Elapsed wall-clock time 0.210148 : 
On rank: 0 There are 44 slivers...
     Elapsed wall-clock time 0.212942 : 
On rank: 0 There are 51 slivers...
     Elapsed wall-clock time 0.210261 : 
On rank: 0 There are 52 slivers...
     Elapsed wall-clock time 0.211929 : 
On rank: 0 There are 57 slivers...
     Elapsed wall-clock time 0.210782 : 
On rank: 0 There are 53 slivers...
     Elapsed wall-clock time 0.211825 : 
On rank: 0 There are 43 slivers...
     Elapsed wall-clock time 0.210034 : 
On rank: 0 There are 46 slivers...
     Elapsed wall-clock time 0.212132 : 
On rank: 0 There are 53 slivers...
     Elapsed wall-clock time 0.209667 : 
On rank: 0 There are 59 slivers...
     Elapsed wall-clock time 0.212814 : 
On rank: 0 There are 45 slivers...
     Elapsed wall-clock time 0.210715 : 
On rank: 0 There are 41 slivers...
     Elapsed wall-clock time 0.211947 : 
On rank: 0 There are 40 slivers...
     Elapsed wall-clock time 0.214890 : 
On rank: 0 There are 51 slivers...
     Elapsed wall-clock time 0.218872 : 
On rank: 0 There are 43 slivers...
     Elapsed wall-clock time 0.265297 : 
On rank: 0 There are 38 slivers...
     Elapsed wall-clock time 0.234508 : 
On rank: 0 There are 30 slivers...
     Elapsed wall-clock time 0.195593 : 
On rank: 0 There are 43 slivers...
     Elapsed wall-clock time 0.196501 : 
On rank: 0 There are 34 slivers...
     Elapsed wall-clock time 0.195325 : 
On rank: 0 There are 26 slivers...
     Elapsed wall-clock time 0.196136 : 
On rank: 0 There are 33 slivers...
     Elapsed wall-clock time 0.193506 : 
On rank: 0 There are 26 slivers...
     Elapsed wall-clock time 0.195626 : 
On rank: 0 There are 26 slivers...
     Elapsed wall-clock time 0.193326 : 
On rank: 0 There are 30 slivers...
     Elapsed wall-clock time 0.195164 : 
On rank: 0 There are 35 slivers...
     Elapsed wall-clock time 0.193888 : 
On rank: 0 There are 30 slivers...
     Elapsed wall-clock time 0.195787 : 
On rank: 0 There are 30 slivers...
     Elapsed wall-clock time 0.193516 : 
On rank: 0 There are 41 slivers...
     Elapsed wall-clock time 0.195535 : 
On rank: 0 There are 48 slivers...
     Elapsed wall-clock time 0.193475 : 
On rank: 0 There are 39 slivers...
     Elapsed wall-clock time 0.195941 : 
On rank: 0 There are 32 slivers...
     Elapsed wall-clock time 0.195594 : 
On rank: 0 There are 41 slivers...
     Elapsed wall-clock time 0.195656 : 
On rank: 0 There are 51 slivers...
     Elapsed wall-clock time 0.193418 : 
On rank: 0 There are 43 slivers...
     Elapsed wall-clock time 0.195804 : 
On rank: 0 There are 59 slivers...
     Elapsed wall-clock time 0.251586 : 
On rank: 0 There are 49 slivers...
     Elapsed wall-clock time 0.243330 : 
On rank: 0 There are 41 slivers...
     Elapsed wall-clock time 0.210604 : 
On rank: 0 There are 44 slivers...
     Elapsed wall-clock time 0.211469 : 
On rank: 0 There are 24 slivers...
     Elapsed wall-clock time 0.211912 : 
On rank: 0 There are 24 slivers...
     Elapsed wall-clock time 0.211301 : 
On rank: 0 There are 27 slivers...
     Elapsed wall-clock time 0.209462 : 
On rank: 0 There are 21 slivers...
     Elapsed wall-clock time 0.211372 : 
On rank: 0 There are 18 slivers...
     Elapsed wall-clock time 0.211159 : 
On rank: 0 There are 20 slivers...
     Elapsed wall-clock time 0.248108 : 
On rank: 0 There are 18 slivers...
     Elapsed wall-clock time 0.195916 : 
On rank: 0 There are 15 slivers...
     Elapsed wall-clock time 0.196930 : 
On rank: 0 There are 14 slivers...
     Elapsed wall-clock time 0.195390 : 
On rank: 0 There are 8 slivers...
     Elapsed wall-clock time 0.196083 : 
On rank: 0 There are 6 slivers...
     Elapsed wall-clock time 0.195631 : 
On rank: 0 There are 3 slivers...
     Elapsed wall-clock time 0.195368 : 
On rank: 0 There are 2 slivers...
     Elapsed wall-clock time 0.196053 : 
On rank: 0 There are 4 slivers...
     Elapsed wall-clock time 0.195663 : 
On rank: 0 There are 0 slivers...
Termination reached in 59 iterations...no slivers detected!
Will attempt 100 iterations to bound the dihedral angles...
Enforcing a min. dihedral bound of: 9.5 degrees...
Enforcing a max. dihedral bound of: 180.0 degrees...
Commencing sliver removal with 39141 vertices on rank 0.
On rank: 0 There are 51 slivers...
     Elapsed wall-clock time 0.147405 : 
On rank: 0 There are 25 slivers...
     Elapsed wall-clock time 0.211661 : 
On rank: 0 There are 19 slivers...
     Elapsed wall-clock time 0.213138 : 
On rank: 0 There are 15 slivers...
     Elapsed wall-clock time 0.208472 : 
On rank: 0 There are 8 slivers...
     Elapsed wall-clock time 0.212086 : 
On rank: 0 There are 7 slivers...
     Elapsed wall-clock time 0.208092 : 
On rank: 0 There are 10 slivers...
     Elapsed wall-clock time 0.211124 : 
On rank: 0 There are 9 slivers...
     Elapsed wall-clock time 0.207737 : 
On rank: 0 There are 7 slivers...
     Elapsed wall-clock time 0.211993 : 
On rank: 0 There are 3 slivers...
     Elapsed wall-clock time 0.207024 : 
On rank: 0 There are 2 slivers...
     Elapsed wall-clock time 0.210435 : 
On rank: 0 There are 1 slivers...
     Elapsed wall-clock time 0.208121 : 
On rank: 0 There are 2 slivers...
     Elapsed wall-clock time 0.210503 : 
On rank: 0 There are 1 slivers...
     Elapsed wall-clock time 0.209415 : 
On rank: 0 There are 4 slivers...
     Elapsed wall-clock time 0.211326 : 
On rank: 0 There are 1 slivers...
     Elapsed wall-clock time 0.208659 : 
On rank: 0 There are 1 slivers...
     Elapsed wall-clock time 0.210510 : 
On rank: 0 There are 1 slivers...
     Elapsed wall-clock time 0.292367 : 
On rank: 0 There are 3 slivers...
     Elapsed wall-clock time 0.211969 : 
On rank: 0 There are 7 slivers...
     Elapsed wall-clock time 0.196013 : 
On rank: 0 There are 7 slivers...
     Elapsed wall-clock time 0.199321 : 
On rank: 0 There are 12 slivers...
     Elapsed wall-clock time 0.196908 : 
On rank: 0 There are 14 slivers...
     Elapsed wall-clock time 0.299868 : 
On rank: 0 There are 19 slivers...
     Elapsed wall-clock time 0.208739 : 
On rank: 0 There are 10 slivers...
     Elapsed wall-clock time 0.211660 : 
On rank: 0 There are 5 slivers...
     Elapsed wall-clock time 0.212154 : 
On rank: 0 There are 6 slivers...
     Elapsed wall-clock time 0.209674 : 
On rank: 0 There are 13 slivers...
     Elapsed wall-clock time 0.194398 : 
On rank: 0 There are 12 slivers...
     Elapsed wall-clock time 0.245031 : 
On rank: 0 There are 7 slivers...
     Elapsed wall-clock time 0.259641 : 
On rank: 0 There are 4 slivers...
     Elapsed wall-clock time 0.212575 : 
On rank: 0 There are 3 slivers...
     Elapsed wall-clock time 0.215866 : 
On rank: 0 There are 2 slivers...
     Elapsed wall-clock time 0.226814 : 
On rank: 0 There are 1 slivers...
     Elapsed wall-clock time 0.206944 : 
On rank: 0 There are 1 slivers...
     Elapsed wall-clock time 0.208062 : 
On rank: 0 There are 1 slivers...
     Elapsed wall-clock time 0.291171 : 
On rank: 0 There are 3 slivers...
     Elapsed wall-clock time 0.217014 : 
On rank: 0 There are 1 slivers...
     Elapsed wall-clock time 0.204409 : 
On rank: 0 There are 1 slivers...
     Elapsed wall-clock time 0.207775 : 
On rank: 0 There are 1 slivers...
     Elapsed wall-clock time 0.283137 : 
On rank: 0 There are 1 slivers...
     Elapsed wall-clock time 0.209740 : 
On rank: 0 There are 0 slivers...
Termination reached in 41 iterations...no slivers detected!
Will attempt 100 iterations to bound the dihedral angles...
Enforcing a min. dihedral bound of: 9.7 degrees...
Enforcing a max. dihedral bound of: 180.0 degrees...
Commencing sliver removal with 39139 vertices on rank 0.
On rank: 0 There are 36 slivers...
     Elapsed wall-clock time 0.154029 : 
On rank: 0 There are 20 slivers...
     Elapsed wall-clock time 0.213678 : 
On rank: 0 There are 19 slivers...
     Elapsed wall-clock time 0.213643 : 
On rank: 0 There are 13 slivers...
     Elapsed wall-clock time 0.208511 : 
On rank: 0 There are 7 slivers...
     Elapsed wall-clock time 0.212321 : 
On rank: 0 There are 7 slivers...
     Elapsed wall-clock time 0.225241 : 
On rank: 0 There are 6 slivers...
     Elapsed wall-clock time 0.218195 : 
On rank: 0 There are 5 slivers...
     Elapsed wall-clock time 0.196718 : 
On rank: 0 There are 4 slivers...
     Elapsed wall-clock time 0.200059 : 
On rank: 0 There are 4 slivers...
     Elapsed wall-clock time 0.203480 : 
On rank: 0 There are 1 slivers...
     Elapsed wall-clock time 0.286352 : 
On rank: 0 There are 1 slivers...
     Elapsed wall-clock time 0.212406 : 
On rank: 0 There are 0 slivers...
Termination reached in 12 iterations...no slivers detected!
Will attempt 100 iterations to bound the dihedral angles...
Enforcing a min. dihedral bound of: 10.0 degrees...
Enforcing a max. dihedral bound of: 180.0 degrees...
Commencing sliver removal with 39136 vertices on rank 0.
On rank: 0 There are 66 slivers...
     Elapsed wall-clock time 0.149786 : 
On rank: 0 There are 41 slivers...
     Elapsed wall-clock time 0.199165 : 
On rank: 0 There are 32 slivers...
     Elapsed wall-clock time 0.198853 : 
On rank: 0 There are 29 slivers...
     Elapsed wall-clock time 0.196534 : 
On rank: 0 There are 17 slivers...
     Elapsed wall-clock time 0.198104 : 
On rank: 0 There are 19 slivers...
     Elapsed wall-clock time 0.195468 : 
On rank: 0 There are 18 slivers...
     Elapsed wall-clock time 0.195666 : 
On rank: 0 There are 19 slivers...
     Elapsed wall-clock time 0.194959 : 
On rank: 0 There are 17 slivers...
     Elapsed wall-clock time 0.202211 : 
On rank: 0 There are 25 slivers...
     Elapsed wall-clock time 0.197104 : 
On rank: 0 There are 29 slivers...
     Elapsed wall-clock time 0.196428 : 
On rank: 0 There are 24 slivers...
     Elapsed wall-clock time 0.193986 : 
On rank: 0 There are 32 slivers...
     Elapsed wall-clock time 0.196108 : 
On rank: 0 There are 36 slivers...
     Elapsed wall-clock time 0.196728 : 
On rank: 0 There are 27 slivers...
     Elapsed wall-clock time 0.196516 : 
On rank: 0 There are 27 slivers...
     Elapsed wall-clock time 0.199305 : 
On rank: 0 There are 31 slivers...
     Elapsed wall-clock time 0.203710 : 
On rank: 0 There are 21 slivers...
     Elapsed wall-clock time 0.194100 : 
On rank: 0 There are 33 slivers...
     Elapsed wall-clock time 0.196126 : 
On rank: 0 There are 25 slivers...
     Elapsed wall-clock time 0.194489 : 
On rank: 0 There are 20 slivers...
     Elapsed wall-clock time 0.195622 : 
On rank: 0 There are 11 slivers...
     Elapsed wall-clock time 0.195883 : 
On rank: 0 There are 15 slivers...
     Elapsed wall-clock time 0.195508 : 
On rank: 0 There are 9 slivers...
     Elapsed wall-clock time 0.193627 : 
On rank: 0 There are 8 slivers...
     Elapsed wall-clock time 0.195604 : 
On rank: 0 There are 7 slivers...
     Elapsed wall-clock time 0.195546 : 
On rank: 0 There are 6 slivers...
     Elapsed wall-clock time 0.195430 : 
On rank: 0 There are 6 slivers...
     Elapsed wall-clock time 0.199813 : 
On rank: 0 There are 7 slivers...
     Elapsed wall-clock time 0.199617 : 
On rank: 0 There are 9 slivers...
     Elapsed wall-clock time 0.195341 : 
On rank: 0 There are 8 slivers...
     Elapsed wall-clock time 0.195446 : 
On rank: 0 There are 6 slivers...
     Elapsed wall-clock time 0.193191 : 
On rank: 0 There are 9 slivers...
     Elapsed wall-clock time 0.195367 : 
On rank: 0 There are 9 slivers...
     Elapsed wall-clock time 0.193787 : 
On rank: 0 There are 6 slivers...
     Elapsed wall-clock time 0.195242 : 
On rank: 0 There are 10 slivers...
     Elapsed wall-clock time 0.194532 : 
On rank: 0 There are 3 slivers...
     Elapsed wall-clock time 0.195413 : 
On rank: 0 There are 4 slivers...
     Elapsed wall-clock time 0.194708 : 
On rank: 0 There are 4 slivers...
     Elapsed wall-clock time 0.195471 : 
On rank: 0 There are 3 slivers...
     Elapsed wall-clock time 0.194235 : 
On rank: 0 There are 6 slivers...
     Elapsed wall-clock time 0.195170 : 
On rank: 0 There are 7 slivers...
     Elapsed wall-clock time 0.205387 : 
On rank: 0 There are 5 slivers...
     Elapsed wall-clock time 0.210824 : 
On rank: 0 There are 1 slivers...
     Elapsed wall-clock time 0.208224 : 
On rank: 0 There are 2 slivers...
     Elapsed wall-clock time 0.210545 : 
On rank: 0 There are 0 slivers...
Termination reached in 45 iterations...no slivers detected!
Minimum dihedral angle is 10.008296928150822
Will attempt 100 iterations to bound the dihedral angles...
Enforcing a min. dihedral bound of: 10.300000000000002 degrees...
Enforcing a max. dihedral bound of: 180.0 degrees...
Commencing sliver removal with 39125 vertices on rank 0.
On rank: 0 There are 56 slivers...
     Elapsed wall-clock time 0.148744 : 
On rank: 0 There are 35 slivers...
     Elapsed wall-clock time 0.214978 : 
On rank: 0 There are 21 slivers...
     Elapsed wall-clock time 0.212815 : 
On rank: 0 There are 18 slivers...
     Elapsed wall-clock time 0.209202 : 
On rank: 0 There are 20 slivers...
     Elapsed wall-clock time 0.212141 : 
On rank: 0 There are 20 slivers...
     Elapsed wall-clock time 0.292718 : 
On rank: 0 There are 19 slivers...
     Elapsed wall-clock time 0.210806 : 
On rank: 0 There are 16 slivers...
     Elapsed wall-clock time 0.196814 : 
On rank: 0 There are 20 slivers...
     Elapsed wall-clock time 0.197012 : 
On rank: 0 There are 23 slivers...
     Elapsed wall-clock time 0.195604 : 
On rank: 0 There are 17 slivers...
     Elapsed wall-clock time 0.195156 : 
On rank: 0 There are 15 slivers...
     Elapsed wall-clock time 0.197133 : 
On rank: 0 There are 18 slivers...
     Elapsed wall-clock time 0.194961 : 
On rank: 0 There are 19 slivers...
     Elapsed wall-clock time 0.196553 : 
On rank: 0 There are 11 slivers...
     Elapsed wall-clock time 0.195351 : 
On rank: 0 There are 4 slivers...
     Elapsed wall-clock time 0.193428 : 
On rank: 0 There are 6 slivers...
     Elapsed wall-clock time 0.195810 : 
On rank: 0 There are 5 slivers...
     Elapsed wall-clock time 0.196715 : 
On rank: 0 There are 2 slivers...
     Elapsed wall-clock time 0.194598 : 
On rank: 0 There are 8 slivers...
     Elapsed wall-clock time 0.194298 : 
On rank: 0 There are 5 slivers...
     Elapsed wall-clock time 0.194885 : 
On rank: 0 There are 9 slivers...
     Elapsed wall-clock time 0.194566 : 
On rank: 0 There are 12 slivers...
     Elapsed wall-clock time 0.196998 : 
On rank: 0 There are 14 slivers...
     Elapsed wall-clock time 0.196515 : 
On rank: 0 There are 12 slivers...
     Elapsed wall-clock time 0.192552 : 
On rank: 0 There are 32 slivers...
     Elapsed wall-clock time 0.194768 : 
On rank: 0 There are 26 slivers...
     Elapsed wall-clock time 0.207235 : 
On rank: 0 There are 12 slivers...
     Elapsed wall-clock time 0.193617 : 
On rank: 0 There are 14 slivers...
     Elapsed wall-clock time 0.194757 : 
On rank: 0 There are 13 slivers...
     Elapsed wall-clock time 0.196471 : 
On rank: 0 There are 23 slivers...
     Elapsed wall-clock time 0.195363 : 
On rank: 0 There are 26 slivers...
     Elapsed wall-clock time 0.196853 : 
On rank: 0 There are 24 slivers...
     Elapsed wall-clock time 0.196679 : 
On rank: 0 There are 37 slivers...
     Elapsed wall-clock time 0.195476 : 
On rank: 0 There are 24 slivers...
     Elapsed wall-clock time 0.196826 : 
On rank: 0 There are 30 slivers...
     Elapsed wall-clock time 0.197063 : 
On rank: 0 There are 27 slivers...
     Elapsed wall-clock time 0.195298 : 
On rank: 0 There are 38 slivers...
     Elapsed wall-clock time 0.194881 : 
On rank: 0 There are 32 slivers...
     Elapsed wall-clock time 0.195487 : 
On rank: 0 There are 36 slivers...
     Elapsed wall-clock time 0.196783 : 
On rank: 0 There are 53 slivers...
     Elapsed wall-clock time 0.195943 : 
On rank: 0 There are 34 slivers...
     Elapsed wall-clock time 0.195931 : 
On rank: 0 There are 47 slivers...
     Elapsed wall-clock time 0.196859 : 
On rank: 0 There are 35 slivers...
     Elapsed wall-clock time 0.195835 : 
On rank: 0 There are 29 slivers...
     Elapsed wall-clock time 0.196811 : 
On rank: 0 There are 25 slivers...
     Elapsed wall-clock time 0.195189 : 
On rank: 0 There are 35 slivers...
     Elapsed wall-clock time 0.195109 : 
On rank: 0 There are 39 slivers...
     Elapsed wall-clock time 0.195939 : 
On rank: 0 There are 35 slivers...
     Elapsed wall-clock time 0.196575 : 
On rank: 0 There are 26 slivers...
     Elapsed wall-clock time 0.196573 : 
On rank: 0 There are 34 slivers...
     Elapsed wall-clock time 0.196414 : 
On rank: 0 There are 27 slivers...
     Elapsed wall-clock time 0.196025 : 
On rank: 0 There are 41 slivers...
     Elapsed wall-clock time 0.196432 : 
On rank: 0 There are 38 slivers...
     Elapsed wall-clock time 0.197047 : 
On rank: 0 There are 32 slivers...
     Elapsed wall-clock time 0.195446 : 
On rank: 0 There are 26 slivers...
     Elapsed wall-clock time 0.194722 : 
On rank: 0 There are 26 slivers...
     Elapsed wall-clock time 0.194954 : 
On rank: 0 There are 19 slivers...
     Elapsed wall-clock time 0.194818 : 
On rank: 0 There are 26 slivers...
     Elapsed wall-clock time 0.194905 : 
On rank: 0 There are 31 slivers...
     Elapsed wall-clock time 0.195202 : 
On rank: 0 There are 24 slivers...
     Elapsed wall-clock time 0.195036 : 
On rank: 0 There are 22 slivers...
     Elapsed wall-clock time 0.194828 : 
On rank: 0 There are 27 slivers...
     Elapsed wall-clock time 0.194890 : 
On rank: 0 There are 29 slivers...
     Elapsed wall-clock time 0.194866 : 
On rank: 0 There are 29 slivers...
     Elapsed wall-clock time 0.195863 : 
On rank: 0 There are 33 slivers...
     Elapsed wall-clock time 0.195431 : 
On rank: 0 There are 34 slivers...
     Elapsed wall-clock time 0.196029 : 
On rank: 0 There are 22 slivers...
     Elapsed wall-clock time 0.197188 : 
On rank: 0 There are 27 slivers...
     Elapsed wall-clock time 0.199885 : 
On rank: 0 There are 21 slivers...
     Elapsed wall-clock time 0.194445 : 
On rank: 0 There are 33 slivers...
     Elapsed wall-clock time 0.195601 : 
On rank: 0 There are 36 slivers...
     Elapsed wall-clock time 0.196679 : 
On rank: 0 There are 23 slivers...
     Elapsed wall-clock time 0.196536 : 
On rank: 0 There are 18 slivers...
     Elapsed wall-clock time 0.194884 : 
On rank: 0 There are 22 slivers...
     Elapsed wall-clock time 0.195302 : 
On rank: 0 There are 24 slivers...
     Elapsed wall-clock time 0.196386 : 
On rank: 0 There are 23 slivers...
     Elapsed wall-clock time 0.194839 : 
On rank: 0 There are 22 slivers...
     Elapsed wall-clock time 0.196749 : 
On rank: 0 There are 19 slivers...
     Elapsed wall-clock time 0.194882 : 
On rank: 0 There are 11 slivers...
     Elapsed wall-clock time 0.196546 : 
On rank: 0 There are 3 slivers...
     Elapsed wall-clock time 0.196050 : 
On rank: 0 There are 6 slivers...
     Elapsed wall-clock time 0.194178 : 
On rank: 0 There are 10 slivers...
     Elapsed wall-clock time 0.195978 : 
On rank: 0 There are 6 slivers...
     Elapsed wall-clock time 0.195853 : 
On rank: 0 There are 5 slivers...
     Elapsed wall-clock time 0.196014 : 
On rank: 0 There are 5 slivers...
     Elapsed wall-clock time 0.196060 : 
On rank: 0 There are 7 slivers...
     Elapsed wall-clock time 0.273479 : 
On rank: 0 There are 13 slivers...
     Elapsed wall-clock time 0.223787 : 
On rank: 0 There are 14 slivers...
     Elapsed wall-clock time 0.211245 : 
On rank: 0 There are 1 slivers...
     Elapsed wall-clock time 0.209970 : 
On rank: 0 There are 1 slivers...
     Elapsed wall-clock time 0.210577 : 
On rank: 0 There are 0 slivers...
Termination reached in 91 iterations...no slivers detected!
Will attempt 100 iterations to bound the dihedral angles...
Enforcing a min. dihedral bound of: 10.5 degrees...
Enforcing a max. dihedral bound of: 180.0 degrees...
Commencing sliver removal with 39122 vertices on rank 0.
On rank: 0 There are 44 slivers...
     Elapsed wall-clock time 0.148071 : 
On rank: 0 There are 21 slivers...
     Elapsed wall-clock time 0.214088 : 
On rank: 0 There are 23 slivers...
     Elapsed wall-clock time 0.214987 : 
On rank: 0 There are 20 slivers...
     Elapsed wall-clock time 0.208625 : 
On rank: 0 There are 11 slivers...
     Elapsed wall-clock time 0.211251 : 
On rank: 0 There are 6 slivers...
     Elapsed wall-clock time 0.213885 : 
On rank: 0 There are 7 slivers...
     Elapsed wall-clock time 0.217624 : 
On rank: 0 There are 3 slivers...
     Elapsed wall-clock time 0.210739 : 
On rank: 0 There are 2 slivers...
     Elapsed wall-clock time 0.210383 : 
On rank: 0 There are 1 slivers...
     Elapsed wall-clock time 0.207873 : 
On rank: 0 There are 2 slivers...
     Elapsed wall-clock time 0.210847 : 
On rank: 0 There are 2 slivers...
     Elapsed wall-clock time 0.299064 : 
On rank: 0 There are 3 slivers...
     Elapsed wall-clock time 0.199270 : 
On rank: 0 There are 4 slivers...
     Elapsed wall-clock time 0.194171 : 
On rank: 0 There are 3 slivers...
     Elapsed wall-clock time 0.197217 : 
On rank: 0 There are 2 slivers...
     Elapsed wall-clock time 0.193017 : 
On rank: 0 There are 1 slivers...
     Elapsed wall-clock time 0.196876 : 
On rank: 0 There are 2 slivers...
     Elapsed wall-clock time 0.194695 : 
On rank: 0 There are 2 slivers...
     Elapsed wall-clock time 0.196396 : 
On rank: 0 There are 2 slivers...
     Elapsed wall-clock time 0.194022 : 
On rank: 0 There are 1 slivers...
     Elapsed wall-clock time 0.197486 : 
On rank: 0 There are 0 slivers...
Termination reached in 21 iterations...no slivers detected!
Will attempt 100 iterations to bound the dihedral angles...
Enforcing a min. dihedral bound of: 10.7 degrees...
Enforcing a max. dihedral bound of: 180.0 degrees...
Commencing sliver removal with 39121 vertices on rank 0.
On rank: 0 There are 40 slivers...
     Elapsed wall-clock time 0.143132 : 
On rank: 0 There are 26 slivers...
     Elapsed wall-clock time 0.195076 : 
On rank: 0 There are 23 slivers...
     Elapsed wall-clock time 0.197321 : 
On rank: 0 There are 12 slivers...
     Elapsed wall-clock time 0.193819 : 
On rank: 0 There are 10 slivers...
     Elapsed wall-clock time 0.197173 : 
On rank: 0 There are 8 slivers...
     Elapsed wall-clock time 0.192411 : 
On rank: 0 There are 13 slivers...
     Elapsed wall-clock time 0.197658 : 
On rank: 0 There are 12 slivers...
     Elapsed wall-clock time 0.291566 : 
On rank: 0 There are 9 slivers...
     Elapsed wall-clock time 0.213055 : 
On rank: 0 There are 9 slivers...
     Elapsed wall-clock time 0.208934 : 
On rank: 0 There are 7 slivers...
     Elapsed wall-clock time 0.210461 : 
On rank: 0 There are 8 slivers...
     Elapsed wall-clock time 0.206828 : 
On rank: 0 There are 6 slivers...
     Elapsed wall-clock time 0.211463 : 
On rank: 0 There are 5 slivers...
     Elapsed wall-clock time 0.209316 : 
On rank: 0 There are 6 slivers...
     Elapsed wall-clock time 0.210863 : 
On rank: 0 There are 6 slivers...
     Elapsed wall-clock time 0.208688 : 
On rank: 0 There are 4 slivers...
     Elapsed wall-clock time 0.210726 : 
On rank: 0 There are 5 slivers...
     Elapsed wall-clock time 0.206228 : 
On rank: 0 There are 3 slivers...
     Elapsed wall-clock time 0.210986 : 
On rank: 0 There are 4 slivers...
     Elapsed wall-clock time 0.208861 : 
On rank: 0 There are 0 slivers...
Termination reached in 20 iterations...no slivers detected!
Will attempt 100 iterations to bound the dihedral angles...
Enforcing a min. dihedral bound of: 10.8 degrees...
Enforcing a max. dihedral bound of: 180.0 degrees...
Commencing sliver removal with 39121 vertices on rank 0.
On rank: 0 There are 19 slivers...
     Elapsed wall-clock time 0.147715 : 
On rank: 0 There are 17 slivers...
     Elapsed wall-clock time 0.211205 : 
On rank: 0 There are 14 slivers...
     Elapsed wall-clock time 0.212197 : 
On rank: 0 There are 16 slivers...
     Elapsed wall-clock time 0.211482 : 
On rank: 0 There are 17 slivers...
     Elapsed wall-clock time 0.293677 : 
On rank: 0 There are 12 slivers...
     Elapsed wall-clock time 0.196089 : 
On rank: 0 There are 6 slivers...
     Elapsed wall-clock time 0.195391 : 
On rank: 0 There are 8 slivers...
     Elapsed wall-clock time 0.195869 : 
On rank: 0 There are 9 slivers...
     Elapsed wall-clock time 0.194626 : 
On rank: 0 There are 5 slivers...
     Elapsed wall-clock time 0.202509 : 
On rank: 0 There are 6 slivers...
     Elapsed wall-clock time 0.194616 : 
On rank: 0 There are 3 slivers...
     Elapsed wall-clock time 0.194451 : 
On rank: 0 There are 2 slivers...
     Elapsed wall-clock time 0.194480 : 
On rank: 0 There are 0 slivers...
Termination reached in 13 iterations...no slivers detected!
Will attempt 100 iterations to bound the dihedral angles...
Enforcing a min. dihedral bound of: 10.9 degrees...
Enforcing a max. dihedral bound of: 180.0 degrees...
Commencing sliver removal with 39120 vertices on rank 0.
On rank: 0 There are 24 slivers...
     Elapsed wall-clock time 0.144076 : 
On rank: 0 There are 19 slivers...
     Elapsed wall-clock time 0.199093 : 
On rank: 0 There are 14 slivers...
     Elapsed wall-clock time 0.198766 : 
On rank: 0 There are 13 slivers...
     Elapsed wall-clock time 0.197505 : 
On rank: 0 There are 11 slivers...
     Elapsed wall-clock time 0.199104 : 
On rank: 0 There are 14 slivers...
     Elapsed wall-clock time 0.195991 : 
On rank: 0 There are 12 slivers...
     Elapsed wall-clock time 0.297975 : 
On rank: 0 There are 7 slivers...
     Elapsed wall-clock time 0.287776 : 
On rank: 0 There are 3 slivers...
     Elapsed wall-clock time 0.198074 : 
On rank: 0 There are 4 slivers...
     Elapsed wall-clock time 0.194907 : 
On rank: 0 There are 5 slivers...
     Elapsed wall-clock time 0.199847 : 
On rank: 0 There are 3 slivers...
     Elapsed wall-clock time 0.194053 : 
On rank: 0 There are 4 slivers...
     Elapsed wall-clock time 0.199090 : 
On rank: 0 There are 7 slivers...
     Elapsed wall-clock time 0.196502 : 
On rank: 0 There are 6 slivers...
     Elapsed wall-clock time 0.197893 : 
On rank: 0 There are 5 slivers...
     Elapsed wall-clock time 0.196538 : 
On rank: 0 There are 7 slivers...
     Elapsed wall-clock time 0.199083 : 
On rank: 0 There are 6 slivers...
     Elapsed wall-clock time 0.195754 : 
On rank: 0 There are 5 slivers...
     Elapsed wall-clock time 0.199026 : 
On rank: 0 There are 6 slivers...
     Elapsed wall-clock time 0.195212 : 
On rank: 0 There are 5 slivers...
     Elapsed wall-clock time 0.197944 : 
On rank: 0 There are 4 slivers...
     Elapsed wall-clock time 0.195381 : 
On rank: 0 There are 5 slivers...
     Elapsed wall-clock time 0.198690 : 
On rank: 0 There are 4 slivers...
     Elapsed wall-clock time 0.194213 : 
On rank: 0 There are 5 slivers...
     Elapsed wall-clock time 0.199839 : 
On rank: 0 There are 2 slivers...
     Elapsed wall-clock time 0.194498 : 
On rank: 0 There are 5 slivers...
     Elapsed wall-clock time 0.197799 : 
On rank: 0 There are 6 slivers...
     Elapsed wall-clock time 0.195188 : 
On rank: 0 There are 9 slivers...
     Elapsed wall-clock time 0.198700 : 
On rank: 0 There are 6 slivers...
     Elapsed wall-clock time 0.195257 : 
On rank: 0 There are 4 slivers...
     Elapsed wall-clock time 0.198892 : 
On rank: 0 There are 4 slivers...
     Elapsed wall-clock time 0.197119 : 
On rank: 0 There are 2 slivers...
     Elapsed wall-clock time 0.197571 : 
On rank: 0 There are 5 slivers...
     Elapsed wall-clock time 0.196929 : 
On rank: 0 There are 6 slivers...
     Elapsed wall-clock time 0.198716 : 
On rank: 0 There are 1 slivers...
     Elapsed wall-clock time 0.195104 : 
On rank: 0 There are 1 slivers...
     Elapsed wall-clock time 0.199049 : 
On rank: 0 There are 3 slivers...
     Elapsed wall-clock time 0.194566 : 
On rank: 0 There are 1 slivers...
     Elapsed wall-clock time 0.197232 : 
On rank: 0 There are 0 slivers...
Termination reached in 39 iterations...no slivers detected!
Will attempt 100 iterations to bound the dihedral angles...
Enforcing a min. dihedral bound of: 10.999999999999998 degrees...
Enforcing a max. dihedral bound of: 180.0 degrees...
Commencing sliver removal with 39117 vertices on rank 0.
On rank: 0 There are 25 slivers...
     Elapsed wall-clock time 0.143314 : 
On rank: 0 There are 18 slivers...
     Elapsed wall-clock time 0.196694 : 
On rank: 0 There are 17 slivers...
     Elapsed wall-clock time 0.196764 : 
On rank: 0 There are 15 slivers...
     Elapsed wall-clock time 0.226376 : 
On rank: 0 There are 19 slivers...
     Elapsed wall-clock time 0.256471 : 
On rank: 0 There are 19 slivers...
     Elapsed wall-clock time 0.195057 : 
On rank: 0 There are 14 slivers...
     Elapsed wall-clock time 0.196224 : 
On rank: 0 There are 17 slivers...
     Elapsed wall-clock time 0.195155 : 
On rank: 0 There are 19 slivers...
     Elapsed wall-clock time 0.197153 : 
On rank: 0 There are 29 slivers...
     Elapsed wall-clock time 0.192591 : 
On rank: 0 There are 23 slivers...
     Elapsed wall-clock time 0.197632 : 
On rank: 0 There are 28 slivers...
     Elapsed wall-clock time 0.193693 : 
On rank: 0 There are 33 slivers...
     Elapsed wall-clock time 0.197638 : 
On rank: 0 There are 21 slivers...
     Elapsed wall-clock time 0.196079 : 
On rank: 0 There are 20 slivers...
     Elapsed wall-clock time 0.197739 : 
On rank: 0 There are 25 slivers...
     Elapsed wall-clock time 0.193215 : 
On rank: 0 There are 18 slivers...
     Elapsed wall-clock time 0.197247 : 
On rank: 0 There are 20 slivers...
     Elapsed wall-clock time 0.194607 : 
On rank: 0 There are 19 slivers...
     Elapsed wall-clock time 0.196855 : 
On rank: 0 There are 26 slivers...
     Elapsed wall-clock time 0.193778 : 
On rank: 0 There are 15 slivers...
     Elapsed wall-clock time 0.197867 : 
On rank: 0 There are 19 slivers...
     Elapsed wall-clock time 0.192779 : 
On rank: 0 There are 18 slivers...
     Elapsed wall-clock time 0.196795 : 
On rank: 0 There are 16 slivers...
     Elapsed wall-clock time 0.238243 : 
On rank: 0 There are 16 slivers...
     Elapsed wall-clock time 0.253986 : 
On rank: 0 There are 13 slivers...
     Elapsed wall-clock time 0.209779 : 
On rank: 0 There are 19 slivers...
     Elapsed wall-clock time 0.212706 : 
On rank: 0 There are 21 slivers...
     Elapsed wall-clock time 0.208619 : 
On rank: 0 There are 20 slivers...
     Elapsed wall-clock time 0.216194 : 
On rank: 0 There are 20 slivers...
     Elapsed wall-clock time 0.215851 : 
On rank: 0 There are 20 slivers...
     Elapsed wall-clock time 0.216468 : 
On rank: 0 There are 17 slivers...
     Elapsed wall-clock time 0.213842 : 
On rank: 0 There are 26 slivers...
     Elapsed wall-clock time 0.216900 : 
On rank: 0 There are 22 slivers...
     Elapsed wall-clock time 0.219475 : 
On rank: 0 There are 14 slivers...
     Elapsed wall-clock time 0.214026 : 
On rank: 0 There are 12 slivers...
     Elapsed wall-clock time 0.211940 : 
On rank: 0 There are 11 slivers...
     Elapsed wall-clock time 0.212904 : 
On rank: 0 There are 12 slivers...
     Elapsed wall-clock time 0.209844 : 
On rank: 0 There are 14 slivers...
     Elapsed wall-clock time 0.212719 : 
On rank: 0 There are 11 slivers...
     Elapsed wall-clock time 0.211894 : 
On rank: 0 There are 19 slivers...
     Elapsed wall-clock time 0.212591 : 
On rank: 0 There are 22 slivers...
     Elapsed wall-clock time 0.210262 : 
On rank: 0 There are 16 slivers...
     Elapsed wall-clock time 0.299239 : 
On rank: 0 There are 14 slivers...
     Elapsed wall-clock time 0.197337 : 
On rank: 0 There are 20 slivers...
     Elapsed wall-clock time 0.201255 : 
On rank: 0 There are 18 slivers...
     Elapsed wall-clock time 0.195706 : 
On rank: 0 There are 13 slivers...
     Elapsed wall-clock time 0.200631 : 
On rank: 0 There are 22 slivers...
     Elapsed wall-clock time 0.196365 : 
On rank: 0 There are 16 slivers...
     Elapsed wall-clock time 0.200431 : 
On rank: 0 There are 13 slivers...
     Elapsed wall-clock time 0.198036 : 
On rank: 0 There are 9 slivers...
     Elapsed wall-clock time 0.200935 : 
On rank: 0 There are 14 slivers...
     Elapsed wall-clock time 0.197129 : 
On rank: 0 There are 13 slivers...
     Elapsed wall-clock time 0.200295 : 
On rank: 0 There are 10 slivers...
     Elapsed wall-clock time 0.198339 : 
On rank: 0 There are 11 slivers...
     Elapsed wall-clock time 0.199688 : 
On rank: 0 There are 10 slivers...
     Elapsed wall-clock time 0.196131 : 
On rank: 0 There are 10 slivers...
     Elapsed wall-clock time 0.200081 : 
On rank: 0 There are 14 slivers...
     Elapsed wall-clock time 0.195544 : 
On rank: 0 There are 16 slivers...
     Elapsed wall-clock time 0.200407 : 
On rank: 0 There are 10 slivers...
     Elapsed wall-clock time 0.198329 : 
On rank: 0 There are 16 slivers...
     Elapsed wall-clock time 0.199124 : 
On rank: 0 There are 8 slivers...
     Elapsed wall-clock time 0.197812 : 
On rank: 0 There are 6 slivers...
     Elapsed wall-clock time 0.200233 : 
On rank: 0 There are 2 slivers...
     Elapsed wall-clock time 0.195184 : 
On rank: 0 There are 0 slivers...
Termination reached in 64 iterations...no slivers detected!
Minimum dihedral angle is 11.000256928706772
Minimum dihedral angle is 11.000256928706772

## Job finished on 22-03-2023 as 09:42:13 ###################
