
## Job started at 21-03-2023 as 16:42:43 #####################


## Jobs activated by olender: 

             JOBID PARTITION     NAME     USER ST       TIME  NODES NODELIST(REASON)
             23624 intel_lar meshing4  olender  R       0:01      1 n07

## Execution node:         n07 


## Number of tasks per job: 5 


## Diretorio de submissao do job:   /home/olender/Thesis/chapter_acoustic_wave_fundamentals/spyro-1 

100.0
Reading binary file: overthrust_3D_exact_model_reduced_v5.bin
Mesh sizes will be built to resolve an estimate of wavelength of a 5.0 hz wavelet with 3.0 vertices...
Enforcing minimum edge length of 100.0
Enforcing maximum edge length of 300
Enforcing mesh size gradation of 0.35 decimal percent...
Including a 750.0 meter domain extension...
Using the pad_style: edge
Reading binary file: overthrust_3D_exact_model_reduced_v5.bin
Adding a domain pad to the velocity model...
Including a 750.0 meter domain extension...
Using the pad_style: edge
Writing velocity model: overthrust_3D_exact_model_reduced_v5.hdf5
Constraining 0 fixed points..
Commencing mesh generation with 8016 vertices on rank 0.
100.0
Commencing mesh generation with 7486 vertices on rank 1.
100.0
Commencing mesh generation with 7812 vertices on rank 2.
100.0
Commencing mesh generation with 8082 vertices on rank 3.
100.0
Commencing mesh generation with 7860 vertices on rank 4.
Iteration #1, max movement is 436.780796, there are 8016 vertices and 62595 cells
     Elapsed wall-clock time 0.264522 : 
Iteration #2, max movement is 241.704276, there are 8016 vertices and 61486 cells
     Elapsed wall-clock time 0.386934 : 
Iteration #3, max movement is 161.048090, there are 8016 vertices and 61274 cells
     Elapsed wall-clock time 0.225578 : 
Iteration #4, max movement is 147.924504, there are 8016 vertices and 61571 cells
     Elapsed wall-clock time 0.301536 : 
Iteration #5, max movement is 147.859224, there are 8016 vertices and 61614 cells
     Elapsed wall-clock time 0.291118 : 
Iteration #6, max movement is 151.509340, there are 8016 vertices and 61735 cells
     Elapsed wall-clock time 0.290855 : 
Iteration #7, max movement is 130.477575, there are 8016 vertices and 61555 cells
     Elapsed wall-clock time 0.292315 : 
Iteration #8, max movement is 141.768495, there are 8016 vertices and 61499 cells
     Elapsed wall-clock time 0.385574 : 
Iteration #9, max movement is 122.953613, there are 8016 vertices and 61175 cells
     Elapsed wall-clock time 0.311514 : 
Iteration #10, max movement is 141.430974, there are 8016 vertices and 60948 cells
     Elapsed wall-clock time 0.282620 : 
Iteration #11, max movement is 122.762121, there are 8016 vertices and 60587 cells
     Elapsed wall-clock time 0.284034 : 
Iteration #12, max movement is 139.919333, there are 8016 vertices and 60329 cells
     Elapsed wall-clock time 0.280830 : 
Iteration #13, max movement is 135.939020, there are 8016 vertices and 60140 cells
     Elapsed wall-clock time 0.278819 : 
Iteration #14, max movement is 134.787226, there are 8016 vertices and 59782 cells
     Elapsed wall-clock time 0.278470 : 
Iteration #15, max movement is 134.247577, there are 8016 vertices and 59669 cells
     Elapsed wall-clock time 0.278624 : 
Iteration #16, max movement is 134.110453, there are 8016 vertices and 59470 cells
     Elapsed wall-clock time 0.305048 : 
Iteration #17, max movement is 137.792929, there are 8016 vertices and 59263 cells
     Elapsed wall-clock time 0.249255 : 
Iteration #18, max movement is 127.967700, there are 8016 vertices and 59065 cells
     Elapsed wall-clock time 0.276390 : 
Iteration #19, max movement is 135.861450, there are 8016 vertices and 58905 cells
     Elapsed wall-clock time 0.282931 : 
Iteration #20, max movement is 122.695909, there are 8016 vertices and 58760 cells
     Elapsed wall-clock time 0.275806 : 
Iteration #21, max movement is 129.137729, there are 8016 vertices and 58656 cells
     Elapsed wall-clock time 0.275131 : 
Iteration #22, max movement is 120.228253, there are 8016 vertices and 58506 cells
     Elapsed wall-clock time 0.359771 : 
Iteration #23, max movement is 128.090507, there are 8016 vertices and 58452 cells
     Elapsed wall-clock time 0.304626 : 
Iteration #24, max movement is 118.644053, there are 8016 vertices and 58335 cells
     Elapsed wall-clock time 0.271806 : 
Iteration #25, max movement is 130.932855, there are 8016 vertices and 58200 cells
     Elapsed wall-clock time 0.271099 : 
Iteration #26, max movement is 118.761146, there are 8016 vertices and 58084 cells
     Elapsed wall-clock time 0.273404 : 
Iteration #27, max movement is 130.002499, there are 8016 vertices and 58044 cells
     Elapsed wall-clock time 0.277015 : 
Iteration #28, max movement is 117.848256, there are 8016 vertices and 57983 cells
     Elapsed wall-clock time 0.269634 : 
Iteration #29, max movement is 127.900660, there are 8016 vertices and 57851 cells
     Elapsed wall-clock time 0.269255 : 
Iteration #30, max movement is 116.285137, there are 8016 vertices and 57793 cells
     Elapsed wall-clock time 0.269611 : 
Iteration #31, max movement is 124.761015, there are 8016 vertices and 57763 cells
     Elapsed wall-clock time 0.268221 : 
Iteration #32, max movement is 115.089618, there are 8016 vertices and 57708 cells
     Elapsed wall-clock time 0.266858 : 
Iteration #33, max movement is 126.559714, there are 8016 vertices and 57669 cells
     Elapsed wall-clock time 0.274517 : 
Iteration #34, max movement is 112.191780, there are 8016 vertices and 57562 cells
     Elapsed wall-clock time 0.260099 : 
Iteration #35, max movement is 108.483009, there are 8016 vertices and 57528 cells
     Elapsed wall-clock time 0.269537 : 
Iteration #36, max movement is 111.763419, there are 8016 vertices and 57447 cells
     Elapsed wall-clock time 0.288496 : 
Iteration #37, max movement is 133.311662, there are 8016 vertices and 57441 cells
     Elapsed wall-clock time 0.275976 : 
Iteration #38, max movement is 109.738408, there are 8016 vertices and 57328 cells
     Elapsed wall-clock time 0.247108 : 
Iteration #39, max movement is 136.788916, there are 8016 vertices and 57435 cells
     Elapsed wall-clock time 0.271205 : 
Iteration #40, max movement is 112.609133, there are 8016 vertices and 57352 cells
     Elapsed wall-clock time 0.270606 : 
Iteration #41, max movement is 119.070005, there are 8016 vertices and 57303 cells
     Elapsed wall-clock time 0.274146 : 
Iteration #42, max movement is 103.417687, there are 8016 vertices and 57324 cells
     Elapsed wall-clock time 0.269138 : 
Iteration #43, max movement is 118.710049, there are 8016 vertices and 57365 cells
     Elapsed wall-clock time 0.270966 : 
Iteration #44, max movement is 113.521613, there are 8016 vertices and 57278 cells
     Elapsed wall-clock time 0.266009 : 
Iteration #45, max movement is 126.713346, there are 8016 vertices and 57287 cells
     Elapsed wall-clock time 0.269062 : 
Iteration #46, max movement is 100.477968, there are 8016 vertices and 57264 cells
     Elapsed wall-clock time 0.270653 : 
Iteration #47, max movement is 148.155611, there are 8016 vertices and 57329 cells
     Elapsed wall-clock time 0.267974 : 
Iteration #48, max movement is 110.079108, there are 8016 vertices and 57226 cells
     Elapsed wall-clock time 0.256274 : 
Iteration #49, max movement is 127.245049, there are 8016 vertices and 57203 cells
     Elapsed wall-clock time 0.268542 : 
Iteration #50, max movement is 104.141413, there are 8016 vertices and 57191 cells
     Elapsed wall-clock time 0.316477 : 
Iteration #51, max movement is 148.040897, there are 8016 vertices and 57152 cells
     Elapsed wall-clock time 0.254683 : 
Iteration #52, max movement is 104.609529, there are 8016 vertices and 57181 cells
     Elapsed wall-clock time 0.250578 : 
Iteration #53, max movement is 146.673360, there are 8016 vertices and 57181 cells
     Elapsed wall-clock time 0.265935 : 
Iteration #54, max movement is 105.852537, there are 8016 vertices and 57165 cells
     Elapsed wall-clock time 0.273592 : 
Iteration #55, max movement is 144.411011, there are 8016 vertices and 57215 cells
     Elapsed wall-clock time 0.268536 : 
Iteration #56, max movement is 104.525509, there are 8016 vertices and 57148 cells
     Elapsed wall-clock time 0.262959 : 
Iteration #57, max movement is 141.444520, there are 8016 vertices and 57125 cells
     Elapsed wall-clock time 0.265964 : 
Iteration #58, max movement is 101.883888, there are 8016 vertices and 57187 cells
     Elapsed wall-clock time 0.267646 : 
Iteration #59, max movement is 131.426508, there are 8016 vertices and 57151 cells
     Elapsed wall-clock time 0.268140 : 
Iteration #60, max movement is 105.220559, there are 8016 vertices and 57144 cells
     Elapsed wall-clock time 0.258227 : 
Iteration #61, max movement is 134.006759, there are 8016 vertices and 57129 cells
     Elapsed wall-clock time 0.264223 : 
Iteration #62, max movement is 103.327749, there are 8016 vertices and 57208 cells
     Elapsed wall-clock time 0.266481 : 
Iteration #63, max movement is 130.527882, there are 8016 vertices and 57183 cells
     Elapsed wall-clock time 0.267718 : 
Iteration #64, max movement is 105.325226, there are 8016 vertices and 57195 cells
     Elapsed wall-clock time 0.262663 : 
Iteration #65, max movement is 122.645379, there are 8016 vertices and 57174 cells
     Elapsed wall-clock time 0.264573 : 
Iteration #66, max movement is 108.502255, there are 8016 vertices and 57178 cells
     Elapsed wall-clock time 0.301940 : 
Iteration #67, max movement is 130.518226, there are 8016 vertices and 57161 cells
     Elapsed wall-clock time 0.237268 : 
Iteration #68, max movement is 115.365833, there are 8016 vertices and 57183 cells
     Elapsed wall-clock time 0.269477 : 
Iteration #69, max movement is 130.646103, there are 8016 vertices and 57211 cells
     Elapsed wall-clock time 0.264763 : 
Iteration #70, max movement is 115.236143, there are 8016 vertices and 57198 cells
     Elapsed wall-clock time 0.268355 : 
Iteration #71, max movement is 129.931150, there are 8016 vertices and 57159 cells
     Elapsed wall-clock time 0.266283 : 
Iteration #72, max movement is 114.236634, there are 8016 vertices and 57159 cells
     Elapsed wall-clock time 0.268253 : 
Iteration #73, max movement is 129.615794, there are 8016 vertices and 57156 cells
     Elapsed wall-clock time 0.279375 : 
Iteration #74, max movement is 107.754567, there are 8016 vertices and 57189 cells
     Elapsed wall-clock time 0.251030 : 
Iteration #75, max movement is 129.094164, there are 8016 vertices and 57124 cells
     Elapsed wall-clock time 0.266366 : 
Iteration #76, max movement is 104.590990, there are 8016 vertices and 57119 cells
     Elapsed wall-clock time 0.271348 : 
Iteration #77, max movement is 109.899535, there are 8016 vertices and 57140 cells
     Elapsed wall-clock time 0.267392 : 
Iteration #78, max movement is 103.389595, there are 8016 vertices and 57184 cells
     Elapsed wall-clock time 0.265592 : 
Iteration #79, max movement is 110.333344, there are 8016 vertices and 57142 cells
     Elapsed wall-clock time 0.266514 : 
Iteration #80, max movement is 102.602999, there are 8016 vertices and 57201 cells
     Elapsed wall-clock time 0.322137 : 
Iteration #81, max movement is 111.228301, there are 8016 vertices and 57207 cells
     Elapsed wall-clock time 0.240581 : 
Iteration #82, max movement is 113.547969, there are 8016 vertices and 57258 cells
     Elapsed wall-clock time 0.252561 : 
Iteration #83, max movement is 127.310949, there are 8016 vertices and 57185 cells
     Elapsed wall-clock time 0.264618 : 
Iteration #84, max movement is 114.005514, there are 8016 vertices and 57205 cells
     Elapsed wall-clock time 0.266061 : 
Iteration #85, max movement is 125.992778, there are 8016 vertices and 57192 cells
     Elapsed wall-clock time 0.262452 : 
Iteration #86, max movement is 114.510030, there are 8016 vertices and 57284 cells
     Elapsed wall-clock time 0.263553 : 
Iteration #87, max movement is 124.849815, there are 8016 vertices and 57161 cells
     Elapsed wall-clock time 0.264020 : 
Iteration #88, max movement is 114.556956, there are 8016 vertices and 57323 cells
     Elapsed wall-clock time 0.263107 : 
Iteration #89, max movement is 123.774413, there are 8016 vertices and 57152 cells
     Elapsed wall-clock time 0.265812 : 
Iteration #90, max movement is 105.139589, there are 8016 vertices and 57303 cells
     Elapsed wall-clock time 0.265061 : 
Iteration #91, max movement is 123.132472, there are 8016 vertices and 57223 cells
     Elapsed wall-clock time 0.262515 : 
Iteration #92, max movement is 104.022225, there are 8016 vertices and 57292 cells
     Elapsed wall-clock time 0.266196 : 
Iteration #93, max movement is 112.308870, there are 8016 vertices and 57202 cells
     Elapsed wall-clock time 0.258994 : 
Iteration #94, max movement is 114.245569, there are 8016 vertices and 57347 cells
     Elapsed wall-clock time 0.262769 : 
Iteration #95, max movement is 126.368831, there are 8016 vertices and 57201 cells
     Elapsed wall-clock time 0.270325 : 
Iteration #96, max movement is 116.213042, there are 8016 vertices and 57279 cells
     Elapsed wall-clock time 0.278313 : 
Iteration #97, max movement is 126.197630, there are 8016 vertices and 57216 cells
     Elapsed wall-clock time 0.241749 : 
Iteration #98, max movement is 114.140027, there are 8016 vertices and 57262 cells
     Elapsed wall-clock time 0.266220 : 
Iteration #99, max movement is 126.066583, there are 8016 vertices and 57222 cells
     Elapsed wall-clock time 0.265919 : 
Iteration #100, max movement is 112.996127, there are 8016 vertices and 57285 cells
     Elapsed wall-clock time 0.265528 : 
Iteration #101, max movement is 125.678235, there are 8016 vertices and 57181 cells
     Elapsed wall-clock time 0.257288 : 
Iteration #102, max movement is 111.417793, there are 8016 vertices and 57275 cells
     Elapsed wall-clock time 0.260705 : 
Iteration #103, max movement is 126.066855, there are 8016 vertices and 57243 cells
     Elapsed wall-clock time 0.266306 : 
Iteration #104, max movement is 106.433704, there are 8016 vertices and 57279 cells
     Elapsed wall-clock time 0.266856 : 
Iteration #105, max movement is 126.630099, there are 8016 vertices and 57271 cells
     Elapsed wall-clock time 0.266148 : 
Iteration #106, max movement is 108.558026, there are 8016 vertices and 57248 cells
     Elapsed wall-clock time 0.268191 : 
Iteration #107, max movement is 125.077586, there are 8016 vertices and 57254 cells
     Elapsed wall-clock time 0.263170 : 
Iteration #108, max movement is 107.082430, there are 8016 vertices and 57279 cells
     Elapsed wall-clock time 0.265177 : 
Iteration #109, max movement is 124.422722, there are 8016 vertices and 57229 cells
     Elapsed wall-clock time 0.265238 : 
Iteration #110, max movement is 107.381621, there are 8016 vertices and 57206 cells
     Elapsed wall-clock time 0.269586 : 
Iteration #111, max movement is 125.046445, there are 8016 vertices and 57251 cells
     Elapsed wall-clock time 0.300701 : 
Iteration #112, max movement is 107.114438, there are 8016 vertices and 57193 cells
     Elapsed wall-clock time 0.233403 : 
Iteration #113, max movement is 129.523091, there are 8016 vertices and 57263 cells
     Elapsed wall-clock time 0.263975 : 
Iteration #114, max movement is 109.731348, there are 8016 vertices and 57156 cells
     Elapsed wall-clock time 0.262875 : 
Iteration #115, max movement is 123.909097, there are 8016 vertices and 57214 cells
     Elapsed wall-clock time 0.263464 : 
Iteration #116, max movement is 105.930357, there are 8016 vertices and 57211 cells
     Elapsed wall-clock time 0.258965 : 
Iteration #117, max movement is 123.256755, there are 8016 vertices and 57203 cells
     Elapsed wall-clock time 0.261986 : 
Iteration #118, max movement is 104.793067, there are 8016 vertices and 57232 cells
     Elapsed wall-clock time 0.265874 : 
Iteration #119, max movement is 121.898241, there are 8016 vertices and 57188 cells
     Elapsed wall-clock time 0.263402 : 
Iteration #120, max movement is 110.276412, there are 8016 vertices and 57266 cells
     Elapsed wall-clock time 0.263343 : 
Iteration #121, max movement is 122.229067, there are 8016 vertices and 57211 cells
     Elapsed wall-clock time 0.260359 : 
Iteration #122, max movement is 105.725111, there are 8016 vertices and 57235 cells
     Elapsed wall-clock time 0.262628 : 
Iteration #123, max movement is 127.424908, there are 8016 vertices and 57231 cells
     Elapsed wall-clock time 0.264140 : 
Iteration #124, max movement is 106.913913, there are 8016 vertices and 57243 cells
     Elapsed wall-clock time 0.263178 : 
Iteration #125, max movement is 122.739155, there are 8016 vertices and 57212 cells
     Elapsed wall-clock time 0.258966 : 
Iteration #126, max movement is 106.785400, there are 8016 vertices and 57238 cells
     Elapsed wall-clock time 0.313777 : 
Iteration #127, max movement is 126.292441, there are 8016 vertices and 57232 cells
     Elapsed wall-clock time 0.212371 : 
Iteration #128, max movement is 103.716276, there are 8016 vertices and 57230 cells
     Elapsed wall-clock time 0.267974 : 
Iteration #129, max movement is 122.229671, there are 8016 vertices and 57219 cells
     Elapsed wall-clock time 0.265424 : 
Iteration #130, max movement is 107.261895, there are 8016 vertices and 57230 cells
     Elapsed wall-clock time 0.273339 : 
Iteration #131, max movement is 125.762727, there are 8016 vertices and 57241 cells
     Elapsed wall-clock time 0.271600 : 
Iteration #132, max movement is 103.963281, there are 8016 vertices and 57282 cells
     Elapsed wall-clock time 0.273311 : 
Iteration #133, max movement is 124.945212, there are 8016 vertices and 57251 cells
     Elapsed wall-clock time 0.272809 : 
Iteration #134, max movement is 101.923549, there are 8016 vertices and 57297 cells
     Elapsed wall-clock time 0.273471 : 
Iteration #135, max movement is 124.217384, there are 8016 vertices and 57264 cells
     Elapsed wall-clock time 0.264664 : 
Iteration #136, max movement is 107.351901, there are 8016 vertices and 57219 cells
     Elapsed wall-clock time 0.272378 : 
Iteration #137, max movement is 123.804500, there are 8016 vertices and 57264 cells
     Elapsed wall-clock time 0.275844 : 
Iteration #138, max movement is 112.061115, there are 8016 vertices and 57239 cells
     Elapsed wall-clock time 0.271550 : 
Iteration #139, max movement is 123.514688, there are 8016 vertices and 57332 cells
     Elapsed wall-clock time 0.272404 : 
Iteration #140, max movement is 107.372463, there are 8016 vertices and 57252 cells
     Elapsed wall-clock time 0.273056 : 
Iteration #141, max movement is 119.006965, there are 8016 vertices and 57304 cells
     Elapsed wall-clock time 0.337734 : 
Iteration #142, max movement is 112.208727, there are 8016 vertices and 57275 cells
     Elapsed wall-clock time 0.201836 : 
Iteration #143, max movement is 117.749590, there are 8016 vertices and 57344 cells
     Elapsed wall-clock time 0.269985 : 
Iteration #144, max movement is 115.067970, there are 8016 vertices and 57329 cells
     Elapsed wall-clock time 0.263326 : 
Iteration #145, max movement is 115.854081, there are 8016 vertices and 57286 cells
     Elapsed wall-clock time 0.269010 : 
Iteration #146, max movement is 121.760683, there are 8016 vertices and 57325 cells
     Elapsed wall-clock time 0.269069 : 
Iteration #147, max movement is 114.670534, there are 8016 vertices and 57325 cells
     Elapsed wall-clock time 0.268572 : 
Iteration #148, max movement is 123.588581, there are 8016 vertices and 57288 cells
     Elapsed wall-clock time 0.260932 : 
Iteration #149, max movement is 113.941082, there are 8016 vertices and 57317 cells
     Elapsed wall-clock time 0.268242 : 
Iteration #150, max movement is 110.551739, there are 8016 vertices and 57305 cells
     Elapsed wall-clock time 0.262296 : 
Iteration #151, max movement is 110.830358, there are 8016 vertices and 57351 cells
     Elapsed wall-clock time 0.263492 : 
Iteration #152, max movement is 108.966493, there are 8016 vertices and 57349 cells
     Elapsed wall-clock time 0.261171 : 
Iteration #153, max movement is 111.599886, there are 8016 vertices and 57396 cells
     Elapsed wall-clock time 0.269099 : 
Iteration #154, max movement is 122.085418, there are 8016 vertices and 57323 cells
     Elapsed wall-clock time 0.258625 : 
Iteration #155, max movement is 108.603117, there are 8016 vertices and 57311 cells
     Elapsed wall-clock time 0.262406 : 
Iteration #156, max movement is 107.189264, there are 8016 vertices and 57308 cells
     Elapsed wall-clock time 0.296672 : 
Iteration #157, max movement is 107.480386, there are 8016 vertices and 57333 cells
     Elapsed wall-clock time 0.228628 : 
Iteration #158, max movement is 119.637956, there are 8016 vertices and 57330 cells
     Elapsed wall-clock time 0.257643 : 
Iteration #159, max movement is 108.984570, there are 8016 vertices and 57317 cells
     Elapsed wall-clock time 0.265865 : 
Iteration #160, max movement is 107.176790, there are 8016 vertices and 57314 cells
     Elapsed wall-clock time 0.258934 : 
Iteration #161, max movement is 106.138482, there are 8016 vertices and 57342 cells
     Elapsed wall-clock time 0.269631 : 
Iteration #162, max movement is 106.836823, there are 8016 vertices and 57312 cells
     Elapsed wall-clock time 0.263206 : 
Iteration #163, max movement is 106.294808, there are 8016 vertices and 57308 cells
     Elapsed wall-clock time 0.265271 : 
Iteration #164, max movement is 106.707295, there are 8016 vertices and 57313 cells
     Elapsed wall-clock time 0.265743 : 
Iteration #165, max movement is 105.968316, there are 8016 vertices and 57347 cells
     Elapsed wall-clock time 0.265969 : 
Iteration #166, max movement is 106.017879, there are 8016 vertices and 57362 cells
     Elapsed wall-clock time 0.272989 : 
Iteration #167, max movement is 106.530803, there are 8016 vertices and 57320 cells
     Elapsed wall-clock time 0.263161 : 
Iteration #168, max movement is 105.903353, there are 8016 vertices and 57345 cells
     Elapsed wall-clock time 0.266573 : 
Iteration #169, max movement is 108.754294, there are 8016 vertices and 57282 cells
     Elapsed wall-clock time 0.257320 : 
Iteration #170, max movement is 108.203542, there are 8016 vertices and 57293 cells
     Elapsed wall-clock time 0.265816 : 
Iteration #171, max movement is 108.229822, there are 8016 vertices and 57276 cells
     Elapsed wall-clock time 0.324856 : 
Iteration #172, max movement is 105.307700, there are 8016 vertices and 57330 cells
     Elapsed wall-clock time 0.206558 : 
Iteration #173, max movement is 108.574798, there are 8016 vertices and 57302 cells
     Elapsed wall-clock time 0.264878 : 
Iteration #174, max movement is 107.148548, there are 8016 vertices and 57287 cells
     Elapsed wall-clock time 0.257398 : 
Iteration #175, max movement is 106.553553, there are 8016 vertices and 57276 cells
     Elapsed wall-clock time 0.262625 : 
Iteration #176, max movement is 106.387891, there are 8016 vertices and 57276 cells
     Elapsed wall-clock time 0.258310 : 
Iteration #177, max movement is 106.559447, there are 8016 vertices and 57264 cells
     Elapsed wall-clock time 0.262674 : 
Iteration #178, max movement is 107.558004, there are 8016 vertices and 57335 cells
     Elapsed wall-clock time 0.262897 : 
Iteration #179, max movement is 105.171579, there are 8016 vertices and 57308 cells
     Elapsed wall-clock time 0.258600 : 
Iteration #180, max movement is 109.153005, there are 8016 vertices and 57312 cells
     Elapsed wall-clock time 0.265248 : 
Iteration #181, max movement is 105.160368, there are 8016 vertices and 57280 cells
     Elapsed wall-clock time 0.290096 : 
Iteration #182, max movement is 110.352212, there are 8016 vertices and 57347 cells
     Elapsed wall-clock time 0.238017 : 
Iteration #183, max movement is 108.181655, there are 8016 vertices and 57292 cells
     Elapsed wall-clock time 0.258364 : 
Iteration #184, max movement is 111.659954, there are 8016 vertices and 57335 cells
     Elapsed wall-clock time 0.265347 : 
Iteration #185, max movement is 105.816510, there are 8016 vertices and 57288 cells
     Elapsed wall-clock time 0.265475 : 
Iteration #186, max movement is 112.628247, there are 8016 vertices and 57352 cells
     Elapsed wall-clock time 0.352290 : 
Iteration #187, max movement is 105.481728, there are 8016 vertices and 57292 cells
     Elapsed wall-clock time 0.197548 : 
Iteration #188, max movement is 113.609200, there are 8016 vertices and 57308 cells
     Elapsed wall-clock time 0.264468 : 
Iteration #189, max movement is 104.994809, there are 8016 vertices and 57280 cells
     Elapsed wall-clock time 0.260580 : 
Iteration #190, max movement is 106.223255, there are 8016 vertices and 57323 cells
     Elapsed wall-clock time 0.261758 : 
Iteration #191, max movement is 105.437095, there are 8016 vertices and 57295 cells
     Elapsed wall-clock time 0.261368 : 
Iteration #192, max movement is 106.219077, there are 8016 vertices and 57326 cells
     Elapsed wall-clock time 0.263489 : 
Iteration #193, max movement is 108.915840, there are 8016 vertices and 57276 cells
     Elapsed wall-clock time 0.259940 : 
Iteration #194, max movement is 107.468117, there are 8016 vertices and 57332 cells
     Elapsed wall-clock time 0.258443 : 
Iteration #195, max movement is 108.547095, there are 8016 vertices and 57253 cells
     Elapsed wall-clock time 0.257033 : 
Iteration #196, max movement is 106.679450, there are 8016 vertices and 57322 cells
     Elapsed wall-clock time 0.262938 : 
Iteration #197, max movement is 104.789450, there are 8016 vertices and 57249 cells
     Elapsed wall-clock time 0.264379 : 
Iteration #198, max movement is 107.871253, there are 8016 vertices and 57310 cells
     Elapsed wall-clock time 0.263068 : 
Iteration #199, max movement is 104.346578, there are 8016 vertices and 57255 cells
     Elapsed wall-clock time 0.261833 : 
Iteration #200, max movement is 107.508523, there are 8016 vertices and 57303 cells
     Elapsed wall-clock time 0.258501 : 
Iteration #201, max movement is 103.709595, there are 8016 vertices and 57241 cells
     Elapsed wall-clock time 0.345522 : 
Iteration #202, max movement is 106.536438, there are 8016 vertices and 57297 cells
     Elapsed wall-clock time 0.204190 : 
Iteration #203, max movement is 103.767206, there are 8016 vertices and 57276 cells
     Elapsed wall-clock time 0.264651 : 
Iteration #204, max movement is 105.973032, there are 8016 vertices and 57294 cells
     Elapsed wall-clock time 0.263220 : 
Iteration #205, max movement is 103.436751, there are 8016 vertices and 57268 cells
     Elapsed wall-clock time 0.263961 : 
Iteration #206, max movement is 106.768582, there are 8016 vertices and 57260 cells
     Elapsed wall-clock time 0.265541 : 
Iteration #207, max movement is 102.961276, there are 8016 vertices and 57254 cells
     Elapsed wall-clock time 0.265543 : 
Iteration #208, max movement is 107.671524, there are 8016 vertices and 57267 cells
     Elapsed wall-clock time 0.264432 : 
Iteration #209, max movement is 101.908952, there are 8016 vertices and 57263 cells
     Elapsed wall-clock time 0.262021 : 
Iteration #210, max movement is 109.760252, there are 8016 vertices and 57290 cells
     Elapsed wall-clock time 0.264351 : 
Iteration #211, max movement is 101.155951, there are 8016 vertices and 57285 cells
     Elapsed wall-clock time 0.260380 : 
Iteration #212, max movement is 111.512978, there are 8016 vertices and 57276 cells
     Elapsed wall-clock time 0.265947 : 
Iteration #213, max movement is 105.869413, there are 8016 vertices and 57262 cells
     Elapsed wall-clock time 0.265158 : 
Iteration #214, max movement is 112.916376, there are 8016 vertices and 57284 cells
     Elapsed wall-clock time 0.265675 : 
Iteration #215, max movement is 99.546868, there are 8016 vertices and 57306 cells
     Elapsed wall-clock time 0.263468 : 
Iteration #216, max movement is 114.413817, there are 8016 vertices and 57270 cells
     Elapsed wall-clock time 0.268558 : 
Iteration #217, max movement is 104.194666, there are 8016 vertices and 57272 cells
     Elapsed wall-clock time 0.293745 : 
Iteration #218, max movement is 115.483609, there are 8016 vertices and 57297 cells
     Elapsed wall-clock time 0.238799 : 
Iteration #219, max movement is 99.118853, there are 8016 vertices and 57261 cells
     Elapsed wall-clock time 0.262393 : 
Iteration #220, max movement is 116.666336, there are 8016 vertices and 57291 cells
     Elapsed wall-clock time 0.259146 : 
Iteration #221, max movement is 98.976913, there are 8016 vertices and 57290 cells
     Elapsed wall-clock time 0.262197 : 
Iteration #222, max movement is 118.153045, there are 8016 vertices and 57279 cells
     Elapsed wall-clock time 0.262505 : 
Iteration #223, max movement is 101.974624, there are 8016 vertices and 57299 cells
     Elapsed wall-clock time 0.263009 : 
Iteration #224, max movement is 119.353878, there are 8016 vertices and 57267 cells
     Elapsed wall-clock time 0.256527 : 
Iteration #225, max movement is 102.730344, there are 8016 vertices and 57252 cells
     Elapsed wall-clock time 0.264562 : 
Iteration #226, max movement is 120.705887, there are 8016 vertices and 57295 cells
     Elapsed wall-clock time 0.262710 : 
Iteration #227, max movement is 97.613290, there are 8016 vertices and 57268 cells
     Elapsed wall-clock time 0.263431 : 
Iteration #228, max movement is 121.069804, there are 8016 vertices and 57323 cells
     Elapsed wall-clock time 0.263314 : 
Iteration #229, max movement is 103.051089, there are 8016 vertices and 57266 cells
     Elapsed wall-clock time 0.257506 : 
Iteration #230, max movement is 123.030251, there are 8016 vertices and 57308 cells
     Elapsed wall-clock time 0.264390 : 
Iteration #231, max movement is 96.905512, there are 8016 vertices and 57255 cells
     Elapsed wall-clock time 0.288619 : 
Iteration #232, max movement is 120.354330, there are 8016 vertices and 57264 cells
     Elapsed wall-clock time 0.260292 : 
Iteration #233, max movement is 96.454476, there are 8016 vertices and 57283 cells
     Elapsed wall-clock time 0.241949 : 
Iteration #234, max movement is 119.388602, there are 8016 vertices and 57305 cells
     Elapsed wall-clock time 0.265866 : 
Iteration #235, max movement is 95.940427, there are 8016 vertices and 57274 cells
     Elapsed wall-clock time 0.264596 : 
Iteration #236, max movement is 118.459345, there are 8016 vertices and 57283 cells
     Elapsed wall-clock time 0.262929 : 
Iteration #237, max movement is 95.192430, there are 8016 vertices and 57236 cells
     Elapsed wall-clock time 0.262990 : 
Iteration #238, max movement is 118.385626, there are 8016 vertices and 57296 cells
     Elapsed wall-clock time 0.264792 : 
Iteration #239, max movement is 96.456663, there are 8016 vertices and 57273 cells
     Elapsed wall-clock time 0.263394 : 
Iteration #240, max movement is 120.736761, there are 8016 vertices and 57296 cells
     Elapsed wall-clock time 0.263624 : 
Iteration #241, max movement is 100.669233, there are 8016 vertices and 57271 cells
     Elapsed wall-clock time 0.256537 : 
Iteration #242, max movement is 120.970856, there are 8016 vertices and 57314 cells
     Elapsed wall-clock time 0.264079 : 
Iteration #243, max movement is 100.246760, there are 8016 vertices and 57294 cells
     Elapsed wall-clock time 0.264014 : 
Iteration #244, max movement is 117.678977, there are 8016 vertices and 57321 cells
     Elapsed wall-clock time 0.263551 : 
Iteration #245, max movement is 102.315467, there are 8016 vertices and 57283 cells
     Elapsed wall-clock time 0.257253 : 
Iteration #246, max movement is 117.309432, there are 8016 vertices and 57330 cells
     Elapsed wall-clock time 0.262655 : 
Iteration #247, max movement is 101.183496, there are 8016 vertices and 57221 cells
     Elapsed wall-clock time 0.306002 : 
Iteration #248, max movement is 116.886398, there are 8016 vertices and 57291 cells
     Elapsed wall-clock time 0.211604 : 
Iteration #249, max movement is 101.362088, there are 8016 vertices and 57306 cells
     Elapsed wall-clock time 0.262425 : 
Termination reached...maximum number of iterations reached.
Will attempt 100 iterations to bound the dihedral angles...
Enforcing a min. dihedral bound of: 3.0 degrees...
Enforcing a max. dihedral bound of: 180.0 degrees...
Commencing sliver removal with 39245 vertices on rank 0.
On rank: 0 There are 157 slivers...
     Elapsed wall-clock time 0.148688 : 
On rank: 0 There are 31 slivers...
     Elapsed wall-clock time 0.241145 : 
On rank: 0 There are 15 slivers...
     Elapsed wall-clock time 0.208264 : 
On rank: 0 There are 7 slivers...
     Elapsed wall-clock time 0.202832 : 
On rank: 0 There are 1 slivers...
     Elapsed wall-clock time 0.203510 : 
On rank: 0 There are 0 slivers...
Termination reached in 5 iterations...no slivers detected!
Will attempt 100 iterations to bound the dihedral angles...
Enforcing a min. dihedral bound of: 5.0 degrees...
Enforcing a max. dihedral bound of: 180.0 degrees...
Commencing sliver removal with 39228 vertices on rank 0.
On rank: 0 There are 238 slivers...
     Elapsed wall-clock time 0.145846 : 
On rank: 0 There are 78 slivers...
     Elapsed wall-clock time 0.287644 : 
On rank: 0 There are 50 slivers...
     Elapsed wall-clock time 0.246864 : 
On rank: 0 There are 37 slivers...
     Elapsed wall-clock time 0.231764 : 
On rank: 0 There are 26 slivers...
     Elapsed wall-clock time 0.221411 : 
On rank: 0 There are 30 slivers...
     Elapsed wall-clock time 0.207276 : 
On rank: 0 There are 13 slivers...
     Elapsed wall-clock time 0.199282 : 
On rank: 0 There are 10 slivers...
     Elapsed wall-clock time 0.198562 : 
On rank: 0 There are 8 slivers...
     Elapsed wall-clock time 0.199998 : 
On rank: 0 There are 18 slivers...
     Elapsed wall-clock time 0.196769 : 
On rank: 0 There are 13 slivers...
     Elapsed wall-clock time 0.201144 : 
On rank: 0 There are 13 slivers...
     Elapsed wall-clock time 0.201668 : 
On rank: 0 There are 10 slivers...
     Elapsed wall-clock time 0.198252 : 
On rank: 0 There are 3 slivers...
     Elapsed wall-clock time 0.196943 : 
On rank: 0 There are 3 slivers...
     Elapsed wall-clock time 0.199629 : 
On rank: 0 There are 3 slivers...
     Elapsed wall-clock time 0.196142 : 
On rank: 0 There are 5 slivers...
     Elapsed wall-clock time 0.200162 : 
On rank: 0 There are 2 slivers...
     Elapsed wall-clock time 0.201347 : 
On rank: 0 There are 2 slivers...
     Elapsed wall-clock time 0.197377 : 
On rank: 0 There are 3 slivers...
     Elapsed wall-clock time 0.198324 : 
On rank: 0 There are 0 slivers...
Termination reached in 20 iterations...no slivers detected!
Will attempt 100 iterations to bound the dihedral angles...
Enforcing a min. dihedral bound of: 7.0 degrees...
Enforcing a max. dihedral bound of: 180.0 degrees...
Commencing sliver removal with 39209 vertices on rank 0.
On rank: 0 There are 343 slivers...
     Elapsed wall-clock time 0.148337 : 
On rank: 0 There are 162 slivers...
     Elapsed wall-clock time 0.237428 : 
On rank: 0 There are 119 slivers...
     Elapsed wall-clock time 0.226773 : 
On rank: 0 There are 84 slivers...
     Elapsed wall-clock time 0.223340 : 
On rank: 0 There are 64 slivers...
     Elapsed wall-clock time 0.220396 : 
On rank: 0 There are 62 slivers...
     Elapsed wall-clock time 0.218552 : 
On rank: 0 There are 54 slivers...
     Elapsed wall-clock time 0.219248 : 
On rank: 0 There are 50 slivers...
     Elapsed wall-clock time 0.219038 : 
On rank: 0 There are 38 slivers...
     Elapsed wall-clock time 0.218286 : 
On rank: 0 There are 36 slivers...
     Elapsed wall-clock time 0.216589 : 
On rank: 0 There are 34 slivers...
     Elapsed wall-clock time 0.215753 : 
On rank: 0 There are 25 slivers...
     Elapsed wall-clock time 0.216299 : 
On rank: 0 There are 18 slivers...
     Elapsed wall-clock time 0.214673 : 
On rank: 0 There are 28 slivers...
     Elapsed wall-clock time 0.215318 : 
On rank: 0 There are 17 slivers...
     Elapsed wall-clock time 0.214886 : 
On rank: 0 There are 17 slivers...
     Elapsed wall-clock time 0.215432 : 
On rank: 0 There are 24 slivers...
     Elapsed wall-clock time 0.214452 : 
On rank: 0 There are 17 slivers...
     Elapsed wall-clock time 0.358454 : 
On rank: 0 There are 13 slivers...
     Elapsed wall-clock time 0.230267 : 
On rank: 0 There are 14 slivers...
     Elapsed wall-clock time 0.215278 : 
On rank: 0 There are 11 slivers...
     Elapsed wall-clock time 0.214455 : 
On rank: 0 There are 18 slivers...
     Elapsed wall-clock time 0.214860 : 
On rank: 0 There are 14 slivers...
     Elapsed wall-clock time 0.214274 : 
On rank: 0 There are 17 slivers...
     Elapsed wall-clock time 0.215019 : 
On rank: 0 There are 20 slivers...
     Elapsed wall-clock time 0.215556 : 
On rank: 0 There are 15 slivers...
     Elapsed wall-clock time 0.214958 : 
On rank: 0 There are 16 slivers...
     Elapsed wall-clock time 0.214344 : 
On rank: 0 There are 17 slivers...
     Elapsed wall-clock time 0.215172 : 
On rank: 0 There are 19 slivers...
     Elapsed wall-clock time 0.214736 : 
On rank: 0 There are 16 slivers...
     Elapsed wall-clock time 0.215041 : 
On rank: 0 There are 14 slivers...
     Elapsed wall-clock time 0.295133 : 
On rank: 0 There are 22 slivers...
     Elapsed wall-clock time 0.205015 : 
On rank: 0 There are 19 slivers...
     Elapsed wall-clock time 0.204435 : 
On rank: 0 There are 12 slivers...
     Elapsed wall-clock time 0.288894 : 
On rank: 0 There are 10 slivers...
     Elapsed wall-clock time 0.223208 : 
On rank: 0 There are 14 slivers...
     Elapsed wall-clock time 0.215580 : 
On rank: 0 There are 6 slivers...
     Elapsed wall-clock time 0.214358 : 
On rank: 0 There are 5 slivers...
     Elapsed wall-clock time 0.214540 : 
On rank: 0 There are 0 slivers...
Termination reached in 38 iterations...no slivers detected!
Will attempt 100 iterations to bound the dihedral angles...
Enforcing a min. dihedral bound of: 9.0 degrees...
Enforcing a max. dihedral bound of: 180.0 degrees...
Commencing sliver removal with 39184 vertices on rank 0.
On rank: 0 There are 383 slivers...
     Elapsed wall-clock time 0.147528 : 
On rank: 0 There are 252 slivers...
     Elapsed wall-clock time 0.236003 : 
On rank: 0 There are 195 slivers...
     Elapsed wall-clock time 0.230744 : 
On rank: 0 There are 166 slivers...
     Elapsed wall-clock time 0.227677 : 
On rank: 0 There are 121 slivers...
     Elapsed wall-clock time 0.229415 : 
On rank: 0 There are 113 slivers...
     Elapsed wall-clock time 0.223024 : 
On rank: 0 There are 111 slivers...
     Elapsed wall-clock time 0.222596 : 
On rank: 0 There are 92 slivers...
     Elapsed wall-clock time 0.223044 : 
On rank: 0 There are 85 slivers...
     Elapsed wall-clock time 0.220624 : 
On rank: 0 There are 76 slivers...
     Elapsed wall-clock time 0.222612 : 
On rank: 0 There are 78 slivers...
     Elapsed wall-clock time 0.222405 : 
On rank: 0 There are 89 slivers...
     Elapsed wall-clock time 0.301933 : 
On rank: 0 There are 76 slivers...
     Elapsed wall-clock time 0.210934 : 
On rank: 0 There are 64 slivers...
     Elapsed wall-clock time 0.209696 : 
On rank: 0 There are 57 slivers...
     Elapsed wall-clock time 0.210098 : 
On rank: 0 There are 51 slivers...
     Elapsed wall-clock time 0.204057 : 
On rank: 0 There are 50 slivers...
     Elapsed wall-clock time 0.207751 : 
On rank: 0 There are 45 slivers...
     Elapsed wall-clock time 0.204975 : 
On rank: 0 There are 48 slivers...
     Elapsed wall-clock time 0.201995 : 
On rank: 0 There are 34 slivers...
     Elapsed wall-clock time 0.206076 : 
On rank: 0 There are 30 slivers...
     Elapsed wall-clock time 0.205661 : 
On rank: 0 There are 23 slivers...
     Elapsed wall-clock time 0.203856 : 
On rank: 0 There are 25 slivers...
     Elapsed wall-clock time 0.203066 : 
On rank: 0 There are 33 slivers...
     Elapsed wall-clock time 0.200554 : 
On rank: 0 There are 25 slivers...
     Elapsed wall-clock time 0.201144 : 
On rank: 0 There are 29 slivers...
     Elapsed wall-clock time 0.199289 : 
On rank: 0 There are 26 slivers...
     Elapsed wall-clock time 0.200172 : 
On rank: 0 There are 30 slivers...
     Elapsed wall-clock time 0.201549 : 
On rank: 0 There are 27 slivers...
     Elapsed wall-clock time 0.204993 : 
On rank: 0 There are 32 slivers...
     Elapsed wall-clock time 0.289873 : 
On rank: 0 There are 22 slivers...
     Elapsed wall-clock time 0.229488 : 
On rank: 0 There are 21 slivers...
     Elapsed wall-clock time 0.214915 : 
On rank: 0 There are 19 slivers...
     Elapsed wall-clock time 0.220493 : 
On rank: 0 There are 12 slivers...
     Elapsed wall-clock time 0.219170 : 
On rank: 0 There are 15 slivers...
     Elapsed wall-clock time 0.218513 : 
On rank: 0 There are 16 slivers...
     Elapsed wall-clock time 0.215219 : 
On rank: 0 There are 6 slivers...
     Elapsed wall-clock time 0.216118 : 
On rank: 0 There are 9 slivers...
     Elapsed wall-clock time 0.214477 : 
On rank: 0 There are 8 slivers...
     Elapsed wall-clock time 0.297206 : 
On rank: 0 There are 15 slivers...
     Elapsed wall-clock time 0.202145 : 
On rank: 0 There are 13 slivers...
     Elapsed wall-clock time 0.213086 : 
On rank: 0 There are 14 slivers...
     Elapsed wall-clock time 0.208496 : 
On rank: 0 There are 19 slivers...
     Elapsed wall-clock time 0.200166 : 
On rank: 0 There are 18 slivers...
     Elapsed wall-clock time 0.201208 : 
On rank: 0 There are 15 slivers...
     Elapsed wall-clock time 0.210526 : 
On rank: 0 There are 17 slivers...
     Elapsed wall-clock time 0.207302 : 
On rank: 0 There are 13 slivers...
     Elapsed wall-clock time 0.203227 : 
On rank: 0 There are 14 slivers...
     Elapsed wall-clock time 0.199896 : 
On rank: 0 There are 13 slivers...
     Elapsed wall-clock time 0.201505 : 
On rank: 0 There are 19 slivers...
     Elapsed wall-clock time 0.200892 : 
On rank: 0 There are 16 slivers...
     Elapsed wall-clock time 0.206398 : 
On rank: 0 There are 14 slivers...
     Elapsed wall-clock time 0.206412 : 
On rank: 0 There are 14 slivers...
     Elapsed wall-clock time 0.205233 : 
On rank: 0 There are 10 slivers...
     Elapsed wall-clock time 0.203522 : 
On rank: 0 There are 10 slivers...
     Elapsed wall-clock time 0.200237 : 
On rank: 0 There are 7 slivers...
     Elapsed wall-clock time 0.201031 : 
On rank: 0 There are 9 slivers...
     Elapsed wall-clock time 0.202214 : 
On rank: 0 There are 11 slivers...
     Elapsed wall-clock time 0.203452 : 
On rank: 0 There are 6 slivers...
     Elapsed wall-clock time 0.203859 : 
On rank: 0 There are 6 slivers...
     Elapsed wall-clock time 0.200525 : 
On rank: 0 There are 11 slivers...
     Elapsed wall-clock time 0.205406 : 
On rank: 0 There are 12 slivers...
     Elapsed wall-clock time 0.206065 : 
On rank: 0 There are 6 slivers...
     Elapsed wall-clock time 0.201594 : 
On rank: 0 There are 8 slivers...
     Elapsed wall-clock time 0.203807 : 
On rank: 0 There are 9 slivers...
     Elapsed wall-clock time 0.204874 : 
On rank: 0 There are 6 slivers...
     Elapsed wall-clock time 0.203035 : 
On rank: 0 There are 9 slivers...
     Elapsed wall-clock time 0.201393 : 
On rank: 0 There are 2 slivers...
     Elapsed wall-clock time 0.201583 : 
On rank: 0 There are 1 slivers...
     Elapsed wall-clock time 0.203367 : 
On rank: 0 There are 1 slivers...
     Elapsed wall-clock time 0.203147 : 
On rank: 0 There are 0 slivers...
Termination reached in 70 iterations...no slivers detected!
Will attempt 100 iterations to bound the dihedral angles...
Enforcing a min. dihedral bound of: 9.3 degrees...
Enforcing a max. dihedral bound of: 180.0 degrees...
Commencing sliver removal with 39151 vertices on rank 0.
On rank: 0 There are 72 slivers...
     Elapsed wall-clock time 0.145578 : 
On rank: 0 There are 54 slivers...
     Elapsed wall-clock time 0.199899 : 
On rank: 0 There are 51 slivers...
     Elapsed wall-clock time 0.199894 : 
On rank: 0 There are 32 slivers...
     Elapsed wall-clock time 0.201764 : 
On rank: 0 There are 30 slivers...
     Elapsed wall-clock time 0.207774 : 
On rank: 0 There are 25 slivers...
     Elapsed wall-clock time 0.199524 : 
On rank: 0 There are 26 slivers...
     Elapsed wall-clock time 0.200842 : 
On rank: 0 There are 11 slivers...
     Elapsed wall-clock time 0.197457 : 
On rank: 0 There are 14 slivers...
     Elapsed wall-clock time 0.197931 : 
On rank: 0 There are 14 slivers...
     Elapsed wall-clock time 0.201034 : 
On rank: 0 There are 17 slivers...
     Elapsed wall-clock time 0.197714 : 
On rank: 0 There are 14 slivers...
     Elapsed wall-clock time 0.202159 : 
On rank: 0 There are 17 slivers...
     Elapsed wall-clock time 0.205089 : 
On rank: 0 There are 22 slivers...
     Elapsed wall-clock time 0.199836 : 
On rank: 0 There are 18 slivers...
     Elapsed wall-clock time 0.199176 : 
On rank: 0 There are 22 slivers...
     Elapsed wall-clock time 0.201264 : 
On rank: 0 There are 15 slivers...
     Elapsed wall-clock time 0.196133 : 
On rank: 0 There are 14 slivers...
     Elapsed wall-clock time 0.199229 : 
On rank: 0 There are 11 slivers...
     Elapsed wall-clock time 0.201358 : 
On rank: 0 There are 14 slivers...
     Elapsed wall-clock time 0.196009 : 
On rank: 0 There are 10 slivers...
     Elapsed wall-clock time 0.198569 : 
On rank: 0 There are 9 slivers...
     Elapsed wall-clock time 0.200436 : 
On rank: 0 There are 8 slivers...
     Elapsed wall-clock time 0.195828 : 
On rank: 0 There are 9 slivers...
     Elapsed wall-clock time 0.197762 : 
On rank: 0 There are 21 slivers...
     Elapsed wall-clock time 0.201637 : 
On rank: 0 There are 6 slivers...
     Elapsed wall-clock time 0.197322 : 
On rank: 0 There are 4 slivers...
     Elapsed wall-clock time 0.198397 : 
On rank: 0 There are 2 slivers...
     Elapsed wall-clock time 0.200448 : 
On rank: 0 There are 1 slivers...
     Elapsed wall-clock time 0.196128 : 
On rank: 0 There are 0 slivers...
Termination reached in 29 iterations...no slivers detected!
Will attempt 100 iterations to bound the dihedral angles...
Enforcing a min. dihedral bound of: 9.7 degrees...
Enforcing a max. dihedral bound of: 180.0 degrees...
Commencing sliver removal with 39151 vertices on rank 0.
On rank: 0 There are 87 slivers...
     Elapsed wall-clock time 0.144121 : 
On rank: 0 There are 62 slivers...
     Elapsed wall-clock time 0.201890 : 
On rank: 0 There are 62 slivers...
     Elapsed wall-clock time 0.274938 : 
On rank: 0 There are 59 slivers...
     Elapsed wall-clock time 0.294519 : 
On rank: 0 There are 56 slivers...
     Elapsed wall-clock time 0.246083 : 
On rank: 0 There are 39 slivers...
     Elapsed wall-clock time 0.214715 : 
On rank: 0 There are 33 slivers...
     Elapsed wall-clock time 0.216600 : 
On rank: 0 There are 32 slivers...
     Elapsed wall-clock time 0.212590 : 
On rank: 0 There are 25 slivers...
     Elapsed wall-clock time 0.217289 : 
On rank: 0 There are 26 slivers...
     Elapsed wall-clock time 0.212755 : 
On rank: 0 There are 25 slivers...
     Elapsed wall-clock time 0.216162 : 
On rank: 0 There are 30 slivers...
     Elapsed wall-clock time 0.212331 : 
On rank: 0 There are 23 slivers...
     Elapsed wall-clock time 0.216566 : 
On rank: 0 There are 32 slivers...
     Elapsed wall-clock time 0.210222 : 
On rank: 0 There are 31 slivers...
     Elapsed wall-clock time 0.216928 : 
On rank: 0 There are 29 slivers...
     Elapsed wall-clock time 0.213154 : 
On rank: 0 There are 26 slivers...
     Elapsed wall-clock time 0.217161 : 
On rank: 0 There are 32 slivers...
     Elapsed wall-clock time 0.212807 : 
On rank: 0 There are 29 slivers...
     Elapsed wall-clock time 0.215490 : 
On rank: 0 There are 28 slivers...
     Elapsed wall-clock time 0.210315 : 
On rank: 0 There are 21 slivers...
     Elapsed wall-clock time 0.297264 : 
On rank: 0 There are 18 slivers...
     Elapsed wall-clock time 0.198170 : 
On rank: 0 There are 10 slivers...
     Elapsed wall-clock time 0.197307 : 
On rank: 0 There are 12 slivers...
     Elapsed wall-clock time 0.200129 : 
On rank: 0 There are 17 slivers...
     Elapsed wall-clock time 0.197371 : 
On rank: 0 There are 12 slivers...
     Elapsed wall-clock time 0.200469 : 
On rank: 0 There are 12 slivers...
     Elapsed wall-clock time 0.196841 : 
On rank: 0 There are 16 slivers...
     Elapsed wall-clock time 0.199219 : 
On rank: 0 There are 16 slivers...
     Elapsed wall-clock time 0.195205 : 
On rank: 0 There are 16 slivers...
     Elapsed wall-clock time 0.200595 : 
On rank: 0 There are 14 slivers...
     Elapsed wall-clock time 0.198059 : 
On rank: 0 There are 12 slivers...
     Elapsed wall-clock time 0.197342 : 
On rank: 0 There are 7 slivers...
     Elapsed wall-clock time 0.200204 : 
On rank: 0 There are 11 slivers...
     Elapsed wall-clock time 0.196600 : 
On rank: 0 There are 11 slivers...
     Elapsed wall-clock time 0.197632 : 
On rank: 0 There are 9 slivers...
     Elapsed wall-clock time 0.200629 : 
On rank: 0 There are 2 slivers...
     Elapsed wall-clock time 0.196896 : 
On rank: 0 There are 3 slivers...
     Elapsed wall-clock time 0.196152 : 
On rank: 0 There are 4 slivers...
     Elapsed wall-clock time 0.210184 : 
On rank: 0 There are 3 slivers...
     Elapsed wall-clock time 0.198050 : 
On rank: 0 There are 2 slivers...
     Elapsed wall-clock time 0.294648 : 
On rank: 0 There are 0 slivers...
Termination reached in 41 iterations...no slivers detected!
Will attempt 100 iterations to bound the dihedral angles...
Enforcing a min. dihedral bound of: 10.0 degrees...
Enforcing a max. dihedral bound of: 180.0 degrees...
Commencing sliver removal with 39143 vertices on rank 0.
On rank: 0 There are 61 slivers...
     Elapsed wall-clock time 0.148001 : 
On rank: 0 There are 39 slivers...
     Elapsed wall-clock time 0.214994 : 
On rank: 0 There are 33 slivers...
     Elapsed wall-clock time 0.213530 : 
On rank: 0 There are 21 slivers...
     Elapsed wall-clock time 0.215173 : 
On rank: 0 There are 30 slivers...
     Elapsed wall-clock time 0.212762 : 
On rank: 0 There are 28 slivers...
     Elapsed wall-clock time 0.212277 : 
On rank: 0 There are 28 slivers...
     Elapsed wall-clock time 0.213720 : 
On rank: 0 There are 20 slivers...
     Elapsed wall-clock time 0.214476 : 
On rank: 0 There are 24 slivers...
     Elapsed wall-clock time 0.215824 : 
On rank: 0 There are 21 slivers...
     Elapsed wall-clock time 0.214013 : 
On rank: 0 There are 20 slivers...
     Elapsed wall-clock time 0.213003 : 
On rank: 0 There are 18 slivers...
     Elapsed wall-clock time 0.213562 : 
On rank: 0 There are 10 slivers...
     Elapsed wall-clock time 0.213183 : 
On rank: 0 There are 6 slivers...
     Elapsed wall-clock time 0.211505 : 
On rank: 0 There are 8 slivers...
     Elapsed wall-clock time 0.300983 : 
On rank: 0 There are 7 slivers...
     Elapsed wall-clock time 0.199048 : 
On rank: 0 There are 7 slivers...
     Elapsed wall-clock time 0.196840 : 
On rank: 0 There are 5 slivers...
     Elapsed wall-clock time 0.197151 : 
On rank: 0 There are 6 slivers...
     Elapsed wall-clock time 0.197434 : 
On rank: 0 There are 5 slivers...
     Elapsed wall-clock time 0.197470 : 
On rank: 0 There are 4 slivers...
     Elapsed wall-clock time 0.197891 : 
On rank: 0 There are 2 slivers...
     Elapsed wall-clock time 0.198108 : 
On rank: 0 There are 2 slivers...
     Elapsed wall-clock time 0.196934 : 
On rank: 0 There are 4 slivers...
     Elapsed wall-clock time 0.196688 : 
On rank: 0 There are 6 slivers...
     Elapsed wall-clock time 0.197226 : 
On rank: 0 There are 7 slivers...
     Elapsed wall-clock time 0.195132 : 
On rank: 0 There are 4 slivers...
     Elapsed wall-clock time 0.196197 : 
On rank: 0 There are 3 slivers...
     Elapsed wall-clock time 0.197190 : 
On rank: 0 There are 3 slivers...
     Elapsed wall-clock time 0.198321 : 
On rank: 0 There are 2 slivers...
     Elapsed wall-clock time 0.196194 : 
On rank: 0 There are 1 slivers...
     Elapsed wall-clock time 0.197174 : 
On rank: 0 There are 1 slivers...
     Elapsed wall-clock time 0.195404 : 
On rank: 0 There are 1 slivers...
     Elapsed wall-clock time 0.195675 : 
On rank: 0 There are 2 slivers...
     Elapsed wall-clock time 0.197562 : 
On rank: 0 There are 5 slivers...
     Elapsed wall-clock time 0.194845 : 
On rank: 0 There are 3 slivers...
     Elapsed wall-clock time 0.195925 : 
On rank: 0 There are 1 slivers...
     Elapsed wall-clock time 0.196927 : 
On rank: 0 There are 4 slivers...
     Elapsed wall-clock time 0.195548 : 
On rank: 0 There are 0 slivers...
Termination reached in 38 iterations...no slivers detected!
Will attempt 100 iterations to bound the dihedral angles...
Enforcing a min. dihedral bound of: 10.300000000000002 degrees...
Enforcing a max. dihedral bound of: 180.0 degrees...
Commencing sliver removal with 39137 vertices on rank 0.
On rank: 0 There are 71 slivers...
     Elapsed wall-clock time 0.142873 : 
On rank: 0 There are 52 slivers...
     Elapsed wall-clock time 0.198263 : 
On rank: 0 There are 34 slivers...
     Elapsed wall-clock time 0.198140 : 
On rank: 0 There are 22 slivers...
     Elapsed wall-clock time 0.197926 : 
On rank: 0 There are 16 slivers...
     Elapsed wall-clock time 0.196273 : 
On rank: 0 There are 14 slivers...
     Elapsed wall-clock time 0.196421 : 
On rank: 0 There are 9 slivers...
     Elapsed wall-clock time 0.197254 : 
On rank: 0 There are 11 slivers...
     Elapsed wall-clock time 0.195383 : 
On rank: 0 There are 12 slivers...
     Elapsed wall-clock time 0.196425 : 
On rank: 0 There are 15 slivers...
     Elapsed wall-clock time 0.196587 : 
On rank: 0 There are 15 slivers...
     Elapsed wall-clock time 0.196056 : 
On rank: 0 There are 12 slivers...
     Elapsed wall-clock time 0.196523 : 
On rank: 0 There are 9 slivers...
     Elapsed wall-clock time 0.196461 : 
On rank: 0 There are 17 slivers...
     Elapsed wall-clock time 0.286274 : 
On rank: 0 There are 12 slivers...
     Elapsed wall-clock time 0.217616 : 
On rank: 0 There are 14 slivers...
     Elapsed wall-clock time 0.211746 : 
On rank: 0 There are 12 slivers...
     Elapsed wall-clock time 0.210756 : 
On rank: 0 There are 14 slivers...
     Elapsed wall-clock time 0.210990 : 
On rank: 0 There are 15 slivers...
     Elapsed wall-clock time 0.222322 : 
On rank: 0 There are 30 slivers...
     Elapsed wall-clock time 0.210216 : 
On rank: 0 There are 24 slivers...
     Elapsed wall-clock time 0.208817 : 
On rank: 0 There are 14 slivers...
     Elapsed wall-clock time 0.208227 : 
On rank: 0 There are 16 slivers...
     Elapsed wall-clock time 0.206927 : 
On rank: 0 There are 17 slivers...
     Elapsed wall-clock time 0.208668 : 
On rank: 0 There are 13 slivers...
     Elapsed wall-clock time 0.208212 : 
On rank: 0 There are 13 slivers...
     Elapsed wall-clock time 0.206304 : 
On rank: 0 There are 11 slivers...
     Elapsed wall-clock time 0.207538 : 
On rank: 0 There are 18 slivers...
     Elapsed wall-clock time 0.207535 : 
On rank: 0 There are 23 slivers...
     Elapsed wall-clock time 0.207345 : 
On rank: 0 There are 13 slivers...
     Elapsed wall-clock time 0.209332 : 
On rank: 0 There are 17 slivers...
     Elapsed wall-clock time 0.207910 : 
On rank: 0 There are 14 slivers...
     Elapsed wall-clock time 0.207149 : 
On rank: 0 There are 15 slivers...
     Elapsed wall-clock time 0.290468 : 
On rank: 0 There are 13 slivers...
     Elapsed wall-clock time 0.200077 : 
On rank: 0 There are 21 slivers...
     Elapsed wall-clock time 0.198955 : 
On rank: 0 There are 8 slivers...
     Elapsed wall-clock time 0.202283 : 
On rank: 0 There are 10 slivers...
     Elapsed wall-clock time 0.200109 : 
On rank: 0 There are 11 slivers...
     Elapsed wall-clock time 0.198848 : 
On rank: 0 There are 7 slivers...
     Elapsed wall-clock time 0.199316 : 
On rank: 0 There are 4 slivers...
     Elapsed wall-clock time 0.200132 : 
On rank: 0 There are 5 slivers...
     Elapsed wall-clock time 0.199080 : 
On rank: 0 There are 9 slivers...
     Elapsed wall-clock time 0.199141 : 
On rank: 0 There are 2 slivers...
     Elapsed wall-clock time 0.199995 : 
On rank: 0 There are 2 slivers...
     Elapsed wall-clock time 0.198689 : 
On rank: 0 There are 0 slivers...
Termination reached in 44 iterations...no slivers detected!
Will attempt 100 iterations to bound the dihedral angles...
Enforcing a min. dihedral bound of: 10.5 degrees...
Enforcing a max. dihedral bound of: 180.0 degrees...
Commencing sliver removal with 39131 vertices on rank 0.
On rank: 0 There are 45 slivers...
     Elapsed wall-clock time 0.143809 : 
On rank: 0 There are 24 slivers...
     Elapsed wall-clock time 0.198302 : 
On rank: 0 There are 17 slivers...
     Elapsed wall-clock time 0.201548 : 
On rank: 0 There are 22 slivers...
     Elapsed wall-clock time 0.197624 : 
On rank: 0 There are 14 slivers...
     Elapsed wall-clock time 0.217244 : 
On rank: 0 There are 15 slivers...
     Elapsed wall-clock time 0.270307 : 
On rank: 0 There are 12 slivers...
     Elapsed wall-clock time 0.204835 : 
On rank: 0 There are 13 slivers...
     Elapsed wall-clock time 0.205963 : 
On rank: 0 There are 19 slivers...
     Elapsed wall-clock time 0.207967 : 
On rank: 0 There are 12 slivers...
     Elapsed wall-clock time 0.205452 : 
On rank: 0 There are 11 slivers...
     Elapsed wall-clock time 0.205141 : 
On rank: 0 There are 12 slivers...
     Elapsed wall-clock time 0.207467 : 
On rank: 0 There are 5 slivers...
     Elapsed wall-clock time 0.205736 : 
On rank: 0 There are 8 slivers...
     Elapsed wall-clock time 0.204673 : 
On rank: 0 There are 5 slivers...
     Elapsed wall-clock time 0.207623 : 
On rank: 0 There are 4 slivers...
     Elapsed wall-clock time 0.203794 : 
On rank: 0 There are 4 slivers...
     Elapsed wall-clock time 0.205445 : 
On rank: 0 There are 3 slivers...
     Elapsed wall-clock time 0.207338 : 
On rank: 0 There are 5 slivers...
     Elapsed wall-clock time 0.205735 : 
On rank: 0 There are 6 slivers...
     Elapsed wall-clock time 0.204620 : 
On rank: 0 There are 5 slivers...
     Elapsed wall-clock time 0.207274 : 
On rank: 0 There are 5 slivers...
     Elapsed wall-clock time 0.206329 : 
On rank: 0 There are 5 slivers...
     Elapsed wall-clock time 0.204782 : 
On rank: 0 There are 4 slivers...
     Elapsed wall-clock time 0.208622 : 
On rank: 0 There are 6 slivers...
     Elapsed wall-clock time 0.204922 : 
On rank: 0 There are 7 slivers...
     Elapsed wall-clock time 0.237423 : 
On rank: 0 There are 4 slivers...
     Elapsed wall-clock time 0.252938 : 
On rank: 0 There are 5 slivers...
     Elapsed wall-clock time 0.198909 : 
On rank: 0 There are 9 slivers...
     Elapsed wall-clock time 0.198393 : 
On rank: 0 There are 10 slivers...
     Elapsed wall-clock time 0.197477 : 
On rank: 0 There are 10 slivers...
     Elapsed wall-clock time 0.197582 : 
On rank: 0 There are 15 slivers...
     Elapsed wall-clock time 0.197973 : 
On rank: 0 There are 19 slivers...
     Elapsed wall-clock time 0.197045 : 
On rank: 0 There are 11 slivers...
     Elapsed wall-clock time 0.197718 : 
On rank: 0 There are 7 slivers...
     Elapsed wall-clock time 0.199225 : 
On rank: 0 There are 6 slivers...
     Elapsed wall-clock time 0.197639 : 
On rank: 0 There are 4 slivers...
     Elapsed wall-clock time 0.201908 : 
On rank: 0 There are 3 slivers...
     Elapsed wall-clock time 0.198855 : 
On rank: 0 There are 4 slivers...
     Elapsed wall-clock time 0.197129 : 
On rank: 0 There are 4 slivers...
     Elapsed wall-clock time 0.197188 : 
On rank: 0 There are 8 slivers...
     Elapsed wall-clock time 0.198355 : 
On rank: 0 There are 8 slivers...
     Elapsed wall-clock time 0.196832 : 
On rank: 0 There are 8 slivers...
     Elapsed wall-clock time 0.198860 : 
On rank: 0 There are 7 slivers...
     Elapsed wall-clock time 0.292122 : 
On rank: 0 There are 9 slivers...
     Elapsed wall-clock time 0.212667 : 
On rank: 0 There are 11 slivers...
     Elapsed wall-clock time 0.206872 : 
On rank: 0 There are 6 slivers...
     Elapsed wall-clock time 0.206115 : 
On rank: 0 There are 7 slivers...
     Elapsed wall-clock time 0.208336 : 
On rank: 0 There are 6 slivers...
     Elapsed wall-clock time 0.206658 : 
On rank: 0 There are 11 slivers...
     Elapsed wall-clock time 0.205264 : 
On rank: 0 There are 16 slivers...
     Elapsed wall-clock time 0.208439 : 
On rank: 0 There are 4 slivers...
     Elapsed wall-clock time 0.206756 : 
On rank: 0 There are 9 slivers...
     Elapsed wall-clock time 0.205070 : 
On rank: 0 There are 3 slivers...
     Elapsed wall-clock time 0.208563 : 
On rank: 0 There are 1 slivers...
     Elapsed wall-clock time 0.206498 : 
On rank: 0 There are 0 slivers...
Termination reached in 55 iterations...no slivers detected!
Will attempt 100 iterations to bound the dihedral angles...
Enforcing a min. dihedral bound of: 10.7 degrees...
Enforcing a max. dihedral bound of: 180.0 degrees...
Commencing sliver removal with 39123 vertices on rank 0.
On rank: 0 There are 40 slivers...
     Elapsed wall-clock time 0.145425 : 
On rank: 0 There are 27 slivers...
     Elapsed wall-clock time 0.207564 : 
On rank: 0 There are 20 slivers...
     Elapsed wall-clock time 0.206411 : 
On rank: 0 There are 20 slivers...
     Elapsed wall-clock time 0.207248 : 
On rank: 0 There are 13 slivers...
     Elapsed wall-clock time 0.300349 : 
On rank: 0 There are 15 slivers...
     Elapsed wall-clock time 0.202207 : 
On rank: 0 There are 9 slivers...
     Elapsed wall-clock time 0.199954 : 
On rank: 0 There are 8 slivers...
     Elapsed wall-clock time 0.197572 : 
On rank: 0 There are 5 slivers...
     Elapsed wall-clock time 0.197450 : 
On rank: 0 There are 1 slivers...
     Elapsed wall-clock time 0.197932 : 
On rank: 0 There are 0 slivers...
Termination reached in 10 iterations...no slivers detected!
Will attempt 100 iterations to bound the dihedral angles...
Enforcing a min. dihedral bound of: 10.999999999999998 degrees...
Enforcing a max. dihedral bound of: 180.0 degrees...
Commencing sliver removal with 39121 vertices on rank 0.
On rank: 0 There are 64 slivers...
     Elapsed wall-clock time 0.143988 : 
On rank: 0 There are 48 slivers...
     Elapsed wall-clock time 0.201017 : 
On rank: 0 There are 50 slivers...
     Elapsed wall-clock time 0.201470 : 
On rank: 0 There are 42 slivers...
     Elapsed wall-clock time 0.200513 : 
On rank: 0 There are 38 slivers...
     Elapsed wall-clock time 0.198884 : 
On rank: 0 There are 42 slivers...
     Elapsed wall-clock time 0.200908 : 
On rank: 0 There are 30 slivers...
     Elapsed wall-clock time 0.199941 : 
On rank: 0 There are 54 slivers...
     Elapsed wall-clock time 0.199436 : 
On rank: 0 There are 38 slivers...
     Elapsed wall-clock time 0.201279 : 
On rank: 0 There are 38 slivers...
     Elapsed wall-clock time 0.199646 : 
On rank: 0 There are 45 slivers...
     Elapsed wall-clock time 0.206998 : 
On rank: 0 There are 53 slivers...
     Elapsed wall-clock time 0.280941 : 
On rank: 0 There are 51 slivers...
     Elapsed wall-clock time 0.210283 : 
On rank: 0 There are 43 slivers...
     Elapsed wall-clock time 0.207482 : 
On rank: 0 There are 47 slivers...
     Elapsed wall-clock time 0.208251 : 
On rank: 0 There are 44 slivers...
     Elapsed wall-clock time 0.209654 : 
On rank: 0 There are 45 slivers...
     Elapsed wall-clock time 0.206584 : 
On rank: 0 There are 49 slivers...
     Elapsed wall-clock time 0.208793 : 
On rank: 0 There are 44 slivers...
     Elapsed wall-clock time 0.209527 : 
On rank: 0 There are 30 slivers...
     Elapsed wall-clock time 0.207347 : 
On rank: 0 There are 33 slivers...
     Elapsed wall-clock time 0.207448 : 
On rank: 0 There are 30 slivers...
     Elapsed wall-clock time 0.208691 : 
On rank: 0 There are 22 slivers...
     Elapsed wall-clock time 0.207712 : 
On rank: 0 There are 22 slivers...
     Elapsed wall-clock time 0.208286 : 
On rank: 0 There are 18 slivers...
     Elapsed wall-clock time 0.208847 : 
On rank: 0 There are 17 slivers...
     Elapsed wall-clock time 0.205440 : 
On rank: 0 There are 21 slivers...
     Elapsed wall-clock time 0.206706 : 
On rank: 0 There are 18 slivers...
     Elapsed wall-clock time 0.207830 : 
On rank: 0 There are 20 slivers...
     Elapsed wall-clock time 0.205436 : 
On rank: 0 There are 23 slivers...
     Elapsed wall-clock time 0.268681 : 
On rank: 0 There are 25 slivers...
     Elapsed wall-clock time 0.230131 : 
On rank: 0 There are 22 slivers...
     Elapsed wall-clock time 0.197118 : 
On rank: 0 There are 19 slivers...
     Elapsed wall-clock time 0.199990 : 
On rank: 0 There are 19 slivers...
     Elapsed wall-clock time 0.198275 : 
On rank: 0 There are 18 slivers...
     Elapsed wall-clock time 0.197601 : 
On rank: 0 There are 9 slivers...
     Elapsed wall-clock time 0.199351 : 
On rank: 0 There are 12 slivers...
     Elapsed wall-clock time 0.198030 : 
On rank: 0 There are 21 slivers...
     Elapsed wall-clock time 0.198025 : 
On rank: 0 There are 21 slivers...
     Elapsed wall-clock time 0.199942 : 
On rank: 0 There are 23 slivers...
     Elapsed wall-clock time 0.198895 : 
On rank: 0 There are 15 slivers...
     Elapsed wall-clock time 0.198349 : 
On rank: 0 There are 10 slivers...
     Elapsed wall-clock time 0.199669 : 
On rank: 0 There are 6 slivers...
     Elapsed wall-clock time 0.198667 : 
On rank: 0 There are 9 slivers...
     Elapsed wall-clock time 0.196326 : 
On rank: 0 There are 8 slivers...
     Elapsed wall-clock time 0.198864 : 
On rank: 0 There are 4 slivers...
     Elapsed wall-clock time 0.198504 : 
On rank: 0 There are 5 slivers...
     Elapsed wall-clock time 0.196047 : 
On rank: 0 There are 4 slivers...
     Elapsed wall-clock time 0.198226 : 
On rank: 0 There are 6 slivers...
     Elapsed wall-clock time 0.197936 : 
On rank: 0 There are 3 slivers...
     Elapsed wall-clock time 0.272041 : 
On rank: 0 There are 0 slivers...
Termination reached in 50 iterations...no slivers detected!
Will attempt 100 iterations to bound the dihedral angles...
Enforcing a min. dihedral bound of: 11.2 degrees...
Enforcing a max. dihedral bound of: 180.0 degrees...
Commencing sliver removal with 39108 vertices on rank 0.
On rank: 0 There are 39 slivers...
     Elapsed wall-clock time 0.145241 : 
On rank: 0 There are 31 slivers...
     Elapsed wall-clock time 0.207103 : 
On rank: 0 There are 32 slivers...
     Elapsed wall-clock time 0.210773 : 
On rank: 0 There are 23 slivers...
     Elapsed wall-clock time 0.208014 : 
On rank: 0 There are 26 slivers...
     Elapsed wall-clock time 0.207890 : 
On rank: 0 There are 25 slivers...
     Elapsed wall-clock time 0.209252 : 
On rank: 0 There are 23 slivers...
     Elapsed wall-clock time 0.209168 : 
On rank: 0 There are 18 slivers...
     Elapsed wall-clock time 0.207514 : 
On rank: 0 There are 16 slivers...
     Elapsed wall-clock time 0.209960 : 
On rank: 0 There are 25 slivers...
     Elapsed wall-clock time 0.208819 : 
On rank: 0 There are 24 slivers...
     Elapsed wall-clock time 0.207286 : 
On rank: 0 There are 26 slivers...
     Elapsed wall-clock time 0.208127 : 
On rank: 0 There are 19 slivers...
     Elapsed wall-clock time 0.213810 : 
On rank: 0 There are 25 slivers...
     Elapsed wall-clock time 0.207938 : 
On rank: 0 There are 16 slivers...
     Elapsed wall-clock time 0.208756 : 
On rank: 0 There are 15 slivers...
     Elapsed wall-clock time 0.303946 : 
On rank: 0 There are 20 slivers...
     Elapsed wall-clock time 0.201994 : 
On rank: 0 There are 11 slivers...
     Elapsed wall-clock time 0.198214 : 
On rank: 0 There are 6 slivers...
     Elapsed wall-clock time 0.199164 : 
On rank: 0 There are 5 slivers...
     Elapsed wall-clock time 0.198594 : 
On rank: 0 There are 3 slivers...
     Elapsed wall-clock time 0.197635 : 
On rank: 0 There are 6 slivers...
     Elapsed wall-clock time 0.198944 : 
On rank: 0 There are 5 slivers...
     Elapsed wall-clock time 0.197728 : 
On rank: 0 There are 9 slivers...
     Elapsed wall-clock time 0.197396 : 
On rank: 0 There are 12 slivers...
     Elapsed wall-clock time 0.199406 : 
On rank: 0 There are 12 slivers...
     Elapsed wall-clock time 0.198539 : 
On rank: 0 There are 16 slivers...
     Elapsed wall-clock time 0.198402 : 
On rank: 0 There are 13 slivers...
     Elapsed wall-clock time 0.202015 : 
On rank: 0 There are 18 slivers...
     Elapsed wall-clock time 0.199412 : 
On rank: 0 There are 9 slivers...
     Elapsed wall-clock time 0.197987 : 
On rank: 0 There are 10 slivers...
     Elapsed wall-clock time 0.198868 : 
On rank: 0 There are 9 slivers...
     Elapsed wall-clock time 0.198068 : 
On rank: 0 There are 11 slivers...
     Elapsed wall-clock time 0.197808 : 
On rank: 0 There are 16 slivers...
     Elapsed wall-clock time 0.198792 : 
On rank: 0 There are 18 slivers...
     Elapsed wall-clock time 0.199018 : 
On rank: 0 There are 21 slivers...
     Elapsed wall-clock time 0.290051 : 
On rank: 0 There are 21 slivers...
     Elapsed wall-clock time 0.209952 : 
On rank: 0 There are 29 slivers...
     Elapsed wall-clock time 0.207927 : 
On rank: 0 There are 24 slivers...
     Elapsed wall-clock time 0.208517 : 
On rank: 0 There are 25 slivers...
     Elapsed wall-clock time 0.209874 : 
On rank: 0 There are 19 slivers...
     Elapsed wall-clock time 0.208502 : 
On rank: 0 There are 18 slivers...
     Elapsed wall-clock time 0.208682 : 
On rank: 0 There are 18 slivers...
     Elapsed wall-clock time 0.209991 : 
On rank: 0 There are 22 slivers...
     Elapsed wall-clock time 0.208713 : 
On rank: 0 There are 17 slivers...
     Elapsed wall-clock time 0.209392 : 
On rank: 0 There are 21 slivers...
     Elapsed wall-clock time 0.209987 : 
On rank: 0 There are 24 slivers...
     Elapsed wall-clock time 0.208719 : 
On rank: 0 There are 26 slivers...
     Elapsed wall-clock time 0.209093 : 
On rank: 0 There are 15 slivers...
     Elapsed wall-clock time 0.210219 : 
On rank: 0 There are 18 slivers...
     Elapsed wall-clock time 0.207999 : 
On rank: 0 There are 13 slivers...
     Elapsed wall-clock time 0.209330 : 
On rank: 0 There are 16 slivers...
     Elapsed wall-clock time 0.296243 : 
On rank: 0 There are 13 slivers...
     Elapsed wall-clock time 0.207610 : 
On rank: 0 There are 12 slivers...
     Elapsed wall-clock time 0.198623 : 
On rank: 0 There are 10 slivers...
     Elapsed wall-clock time 0.199452 : 
On rank: 0 There are 11 slivers...
     Elapsed wall-clock time 0.197855 : 
On rank: 0 There are 12 slivers...
     Elapsed wall-clock time 0.198601 : 
On rank: 0 There are 7 slivers...
     Elapsed wall-clock time 0.199440 : 
On rank: 0 There are 8 slivers...
     Elapsed wall-clock time 0.198279 : 
On rank: 0 There are 11 slivers...
     Elapsed wall-clock time 0.198331 : 
On rank: 0 There are 7 slivers...
     Elapsed wall-clock time 0.199129 : 
On rank: 0 There are 10 slivers...
     Elapsed wall-clock time 0.197940 : 
On rank: 0 There are 15 slivers...
     Elapsed wall-clock time 0.197779 : 
On rank: 0 There are 12 slivers...
     Elapsed wall-clock time 0.199385 : 
On rank: 0 There are 12 slivers...
     Elapsed wall-clock time 0.199032 : 
On rank: 0 There are 13 slivers...
     Elapsed wall-clock time 0.197908 : 
On rank: 0 There are 11 slivers...
     Elapsed wall-clock time 0.199825 : 
On rank: 0 There are 17 slivers...
     Elapsed wall-clock time 0.198169 : 
On rank: 0 There are 10 slivers...
     Elapsed wall-clock time 0.199006 : 
On rank: 0 There are 13 slivers...
     Elapsed wall-clock time 0.199887 : 
On rank: 0 There are 13 slivers...
     Elapsed wall-clock time 0.198722 : 
On rank: 0 There are 9 slivers...
     Elapsed wall-clock time 0.198365 : 
On rank: 0 There are 4 slivers...
     Elapsed wall-clock time 0.199396 : 
On rank: 0 There are 7 slivers...
     Elapsed wall-clock time 0.259795 : 
On rank: 0 There are 3 slivers...
     Elapsed wall-clock time 0.236071 : 
On rank: 0 There are 4 slivers...
     Elapsed wall-clock time 0.207541 : 
On rank: 0 There are 5 slivers...
     Elapsed wall-clock time 0.207898 : 
On rank: 0 There are 5 slivers...
     Elapsed wall-clock time 0.207490 : 
On rank: 0 There are 3 slivers...
     Elapsed wall-clock time 0.207404 : 
On rank: 0 There are 0 slivers...
Termination reached in 79 iterations...no slivers detected!
Will attempt 100 iterations to bound the dihedral angles...
Enforcing a min. dihedral bound of: 11.4 degrees...
Enforcing a max. dihedral bound of: 180.0 degrees...
Commencing sliver removal with 39099 vertices on rank 0.
On rank: 0 There are 59 slivers...
     Elapsed wall-clock time 0.147290 : 
On rank: 0 There are 60 slivers...
     Elapsed wall-clock time 0.207233 : 
On rank: 0 There are 60 slivers...
     Elapsed wall-clock time 0.209174 : 
On rank: 0 There are 46 slivers...
     Elapsed wall-clock time 0.209099 : 
On rank: 0 There are 48 slivers...
     Elapsed wall-clock time 0.207622 : 
On rank: 0 There are 49 slivers...
     Elapsed wall-clock time 0.209611 : 
On rank: 0 There are 49 slivers...
     Elapsed wall-clock time 0.207852 : 
On rank: 0 There are 36 slivers...
     Elapsed wall-clock time 0.209595 : 
On rank: 0 There are 52 slivers...
     Elapsed wall-clock time 0.208691 : 
On rank: 0 There are 46 slivers...
     Elapsed wall-clock time 0.207371 : 
On rank: 0 There are 47 slivers...
     Elapsed wall-clock time 0.297713 : 
On rank: 0 There are 38 slivers...
     Elapsed wall-clock time 0.208203 : 
On rank: 0 There are 40 slivers...
     Elapsed wall-clock time 0.197115 : 
On rank: 0 There are 38 slivers...
     Elapsed wall-clock time 0.202168 : 
On rank: 0 There are 29 slivers...
     Elapsed wall-clock time 0.199794 : 
On rank: 0 There are 23 slivers...
     Elapsed wall-clock time 0.198804 : 
On rank: 0 There are 26 slivers...
     Elapsed wall-clock time 0.202477 : 
On rank: 0 There are 14 slivers...
     Elapsed wall-clock time 0.198709 : 
On rank: 0 There are 18 slivers...
     Elapsed wall-clock time 0.200629 : 
On rank: 0 There are 11 slivers...
     Elapsed wall-clock time 0.198838 : 
On rank: 0 There are 18 slivers...
     Elapsed wall-clock time 0.195873 : 
On rank: 0 There are 23 slivers...
     Elapsed wall-clock time 0.195419 : 
On rank: 0 There are 17 slivers...
     Elapsed wall-clock time 0.197588 : 
On rank: 0 There are 19 slivers...
     Elapsed wall-clock time 0.196456 : 
On rank: 0 There are 28 slivers...
     Elapsed wall-clock time 0.194977 : 
On rank: 0 There are 28 slivers...
     Elapsed wall-clock time 0.198006 : 
On rank: 0 There are 21 slivers...
     Elapsed wall-clock time 0.197016 : 
On rank: 0 There are 24 slivers...
     Elapsed wall-clock time 0.193594 : 
On rank: 0 There are 29 slivers...
     Elapsed wall-clock time 0.197878 : 
On rank: 0 There are 30 slivers...
     Elapsed wall-clock time 0.199979 : 
On rank: 0 There are 36 slivers...
     Elapsed wall-clock time 0.292077 : 
On rank: 0 There are 28 slivers...
     Elapsed wall-clock time 0.213225 : 
On rank: 0 There are 26 slivers...
     Elapsed wall-clock time 0.211298 : 
On rank: 0 There are 23 slivers...
     Elapsed wall-clock time 0.209883 : 
On rank: 0 There are 31 slivers...
     Elapsed wall-clock time 0.214639 : 
On rank: 0 There are 29 slivers...
     Elapsed wall-clock time 0.212045 : 
On rank: 0 There are 27 slivers...
     Elapsed wall-clock time 0.210716 : 
On rank: 0 There are 24 slivers...
     Elapsed wall-clock time 0.212481 : 
On rank: 0 There are 29 slivers...
     Elapsed wall-clock time 0.210814 : 
On rank: 0 There are 31 slivers...
     Elapsed wall-clock time 0.210506 : 
On rank: 0 There are 43 slivers...
     Elapsed wall-clock time 0.214073 : 
On rank: 0 There are 41 slivers...
     Elapsed wall-clock time 0.212224 : 
On rank: 0 There are 46 slivers...
     Elapsed wall-clock time 0.211460 : 
On rank: 0 There are 37 slivers...
     Elapsed wall-clock time 0.215038 : 
On rank: 0 There are 26 slivers...
     Elapsed wall-clock time 0.211170 : 
On rank: 0 There are 24 slivers...
     Elapsed wall-clock time 0.210856 : 
On rank: 0 There are 32 slivers...
     Elapsed wall-clock time 0.212995 : 
On rank: 0 There are 26 slivers...
     Elapsed wall-clock time 0.211565 : 
On rank: 0 There are 33 slivers...
     Elapsed wall-clock time 0.293209 : 
On rank: 0 There are 30 slivers...
     Elapsed wall-clock time 0.209081 : 
On rank: 0 There are 29 slivers...
     Elapsed wall-clock time 0.197163 : 
On rank: 0 There are 51 slivers...
     Elapsed wall-clock time 0.194391 : 
On rank: 0 There are 40 slivers...
     Elapsed wall-clock time 0.198890 : 
On rank: 0 There are 31 slivers...
     Elapsed wall-clock time 0.197178 : 
On rank: 0 There are 37 slivers...
     Elapsed wall-clock time 0.195490 : 
On rank: 0 There are 55 slivers...
     Elapsed wall-clock time 0.198986 : 
On rank: 0 There are 49 slivers...
     Elapsed wall-clock time 0.198116 : 
On rank: 0 There are 44 slivers...
     Elapsed wall-clock time 0.195363 : 
On rank: 0 There are 35 slivers...
     Elapsed wall-clock time 0.199392 : 
On rank: 0 There are 53 slivers...
     Elapsed wall-clock time 0.198366 : 
On rank: 0 There are 51 slivers...
     Elapsed wall-clock time 0.194988 : 
On rank: 0 There are 47 slivers...
     Elapsed wall-clock time 0.200849 : 
On rank: 0 There are 39 slivers...
     Elapsed wall-clock time 0.198352 : 
On rank: 0 There are 52 slivers...
     Elapsed wall-clock time 0.196512 : 
On rank: 0 There are 49 slivers...
     Elapsed wall-clock time 0.199941 : 
On rank: 0 There are 59 slivers...
     Elapsed wall-clock time 0.198433 : 
On rank: 0 There are 49 slivers...
     Elapsed wall-clock time 0.196553 : 
On rank: 0 There are 43 slivers...
     Elapsed wall-clock time 0.200107 : 
On rank: 0 There are 42 slivers...
     Elapsed wall-clock time 0.294402 : 
On rank: 0 There are 24 slivers...
     Elapsed wall-clock time 0.211511 : 
On rank: 0 There are 19 slivers...
     Elapsed wall-clock time 0.213485 : 
On rank: 0 There are 8 slivers...
     Elapsed wall-clock time 0.211284 : 
On rank: 0 There are 13 slivers...
     Elapsed wall-clock time 0.209895 : 
On rank: 0 There are 20 slivers...
     Elapsed wall-clock time 0.294156 : 
On rank: 0 There are 28 slivers...
     Elapsed wall-clock time 0.198598 : 
On rank: 0 There are 19 slivers...
     Elapsed wall-clock time 0.195580 : 
On rank: 0 There are 24 slivers...
     Elapsed wall-clock time 0.198840 : 
On rank: 0 There are 19 slivers...
     Elapsed wall-clock time 0.198465 : 
On rank: 0 There are 29 slivers...
     Elapsed wall-clock time 0.195155 : 
On rank: 0 There are 35 slivers...
     Elapsed wall-clock time 0.198945 : 
On rank: 0 There are 40 slivers...
     Elapsed wall-clock time 0.199224 : 
On rank: 0 There are 36 slivers...
     Elapsed wall-clock time 0.196802 : 
On rank: 0 There are 41 slivers...
     Elapsed wall-clock time 0.198982 : 
On rank: 0 There are 27 slivers...
     Elapsed wall-clock time 0.198554 : 
On rank: 0 There are 20 slivers...
     Elapsed wall-clock time 0.194529 : 
On rank: 0 There are 24 slivers...
     Elapsed wall-clock time 0.198425 : 
On rank: 0 There are 23 slivers...
     Elapsed wall-clock time 0.197906 : 
On rank: 0 There are 26 slivers...
     Elapsed wall-clock time 0.196260 : 
On rank: 0 There are 24 slivers...
     Elapsed wall-clock time 0.199322 : 
On rank: 0 There are 20 slivers...
     Elapsed wall-clock time 0.197420 : 
On rank: 0 There are 16 slivers...
     Elapsed wall-clock time 0.194514 : 
On rank: 0 There are 19 slivers...
     Elapsed wall-clock time 0.198415 : 
On rank: 0 There are 3 slivers...
     Elapsed wall-clock time 0.197369 : 
On rank: 0 There are 2 slivers...
     Elapsed wall-clock time 0.194516 : 
On rank: 0 There are 2 slivers...
     Elapsed wall-clock time 0.197392 : 
On rank: 0 There are 2 slivers...
     Elapsed wall-clock time 0.196256 : 
On rank: 0 There are 6 slivers...
     Elapsed wall-clock time 0.194890 : 
On rank: 0 There are 4 slivers...
     Elapsed wall-clock time 0.197599 : 
On rank: 0 There are 2 slivers...
     Elapsed wall-clock time 0.196452 : 
FAILURE: Termination...maximum number of iterations reached. Try increasing max_iter when generating the mesh
Will attempt 100 iterations to bound the dihedral angles...
Enforcing a min. dihedral bound of: 11.5 degrees...
Enforcing a max. dihedral bound of: 180.0 degrees...
Commencing sliver removal with 39088 vertices on rank 0.
On rank: 0 There are 24 slivers...
     Elapsed wall-clock time 0.142995 : 
On rank: 0 There are 17 slivers...
     Elapsed wall-clock time 0.193645 : 
On rank: 0 There are 16 slivers...
     Elapsed wall-clock time 0.194372 : 
On rank: 0 There are 11 slivers...
     Elapsed wall-clock time 0.196113 : 
On rank: 0 There are 7 slivers...
     Elapsed wall-clock time 0.194571 : 
On rank: 0 There are 6 slivers...
     Elapsed wall-clock time 0.277668 : 
On rank: 0 There are 4 slivers...
     Elapsed wall-clock time 0.222273 : 
On rank: 0 There are 5 slivers...
     Elapsed wall-clock time 0.207617 : 
On rank: 0 There are 4 slivers...
     Elapsed wall-clock time 0.208248 : 
On rank: 0 There are 4 slivers...
     Elapsed wall-clock time 0.210225 : 
On rank: 0 There are 5 slivers...
     Elapsed wall-clock time 0.209444 : 
On rank: 0 There are 4 slivers...
     Elapsed wall-clock time 0.209473 : 
On rank: 0 There are 4 slivers...
     Elapsed wall-clock time 0.210809 : 
On rank: 0 There are 4 slivers...
     Elapsed wall-clock time 0.209280 : 
On rank: 0 There are 2 slivers...
     Elapsed wall-clock time 0.209195 : 
On rank: 0 There are 7 slivers...
     Elapsed wall-clock time 0.211212 : 
On rank: 0 There are 3 slivers...
     Elapsed wall-clock time 0.208115 : 
On rank: 0 There are 6 slivers...
     Elapsed wall-clock time 0.209152 : 
On rank: 0 There are 4 slivers...
     Elapsed wall-clock time 0.210776 : 
On rank: 0 There are 5 slivers...
     Elapsed wall-clock time 0.208359 : 
On rank: 0 There are 6 slivers...
     Elapsed wall-clock time 0.208214 : 
On rank: 0 There are 7 slivers...
     Elapsed wall-clock time 0.210905 : 
On rank: 0 There are 6 slivers...
     Elapsed wall-clock time 0.209070 : 
On rank: 0 There are 5 slivers...
     Elapsed wall-clock time 0.208446 : 
On rank: 0 There are 4 slivers...
     Elapsed wall-clock time 0.302663 : 
On rank: 0 There are 3 slivers...
     Elapsed wall-clock time 0.197633 : 
On rank: 0 There are 1 slivers...
     Elapsed wall-clock time 0.193630 : 
On rank: 0 There are 1 slivers...
     Elapsed wall-clock time 0.195204 : 
On rank: 0 There are 0 slivers...
Termination reached in 28 iterations...no slivers detected!
Will attempt 100 iterations to bound the dihedral angles...
Enforcing a min. dihedral bound of: 11.699999999999998 degrees...
Enforcing a max. dihedral bound of: 180.0 degrees...
Commencing sliver removal with 39087 vertices on rank 0.
On rank: 0 There are 46 slivers...
     Elapsed wall-clock time 0.144151 : 
On rank: 0 There are 35 slivers...
     Elapsed wall-clock time 0.198101 : 
On rank: 0 There are 34 slivers...
     Elapsed wall-clock time 0.199089 : 
On rank: 0 There are 31 slivers...
     Elapsed wall-clock time 0.197367 : 
On rank: 0 There are 31 slivers...
     Elapsed wall-clock time 0.197935 : 
On rank: 0 There are 31 slivers...
     Elapsed wall-clock time 0.200731 : 
On rank: 0 There are 28 slivers...
     Elapsed wall-clock time 0.197292 : 
On rank: 0 There are 20 slivers...
     Elapsed wall-clock time 0.194874 : 
On rank: 0 There are 10 slivers...
     Elapsed wall-clock time 0.198689 : 
On rank: 0 There are 13 slivers...
     Elapsed wall-clock time 0.196812 : 
On rank: 0 There are 9 slivers...
     Elapsed wall-clock time 0.196889 : 
On rank: 0 There are 8 slivers...
     Elapsed wall-clock time 0.196789 : 
On rank: 0 There are 9 slivers...
     Elapsed wall-clock time 0.196707 : 
On rank: 0 There are 9 slivers...
     Elapsed wall-clock time 0.290704 : 
On rank: 0 There are 4 slivers...
     Elapsed wall-clock time 0.211119 : 
On rank: 0 There are 4 slivers...
     Elapsed wall-clock time 0.210179 : 
On rank: 0 There are 5 slivers...
     Elapsed wall-clock time 0.211579 : 
On rank: 0 There are 3 slivers...
     Elapsed wall-clock time 0.210934 : 
On rank: 0 There are 5 slivers...
     Elapsed wall-clock time 0.210782 : 
On rank: 0 There are 3 slivers...
     Elapsed wall-clock time 0.210622 : 
On rank: 0 There are 1 slivers...
     Elapsed wall-clock time 0.210790 : 
On rank: 0 There are 2 slivers...
     Elapsed wall-clock time 0.210371 : 
On rank: 0 There are 1 slivers...
     Elapsed wall-clock time 0.209271 : 
On rank: 0 There are 0 slivers...
Termination reached in 23 iterations...no slivers detected!
Will attempt 100 iterations to bound the dihedral angles...
Enforcing a min. dihedral bound of: 12.0 degrees...
Enforcing a max. dihedral bound of: 180.0 degrees...
Commencing sliver removal with 39078 vertices on rank 0.
On rank: 0 There are 81 slivers...
     Elapsed wall-clock time 0.145399 : 
On rank: 0 There are 73 slivers...
     Elapsed wall-clock time 0.211816 : 
On rank: 0 There are 68 slivers...
     Elapsed wall-clock time 0.216663 : 
On rank: 0 There are 53 slivers...
     Elapsed wall-clock time 0.212620 : 
On rank: 0 There are 47 slivers...
     Elapsed wall-clock time 0.212168 : 
On rank: 0 There are 68 slivers...
     Elapsed wall-clock time 0.271972 : 
On rank: 0 There are 72 slivers...
     Elapsed wall-clock time 0.231638 : 
On rank: 0 There are 65 slivers...
     Elapsed wall-clock time 0.197603 : 
On rank: 0 There are 77 slivers...
     Elapsed wall-clock time 0.200552 : 
On rank: 0 There are 71 slivers...
     Elapsed wall-clock time 0.199306 : 
On rank: 0 There are 71 slivers...
     Elapsed wall-clock time 0.198181 : 
On rank: 0 There are 69 slivers...
     Elapsed wall-clock time 0.200502 : 
On rank: 0 There are 70 slivers...
     Elapsed wall-clock time 0.198279 : 
On rank: 0 There are 80 slivers...
     Elapsed wall-clock time 0.197754 : 
On rank: 0 There are 80 slivers...
     Elapsed wall-clock time 0.199754 : 
On rank: 0 There are 103 slivers...
     Elapsed wall-clock time 0.199976 : 
On rank: 0 There are 86 slivers...
     Elapsed wall-clock time 0.199559 : 
On rank: 0 There are 105 slivers...
     Elapsed wall-clock time 0.201967 : 
On rank: 0 There are 111 slivers...
     Elapsed wall-clock time 0.199392 : 
On rank: 0 There are 107 slivers...
     Elapsed wall-clock time 0.199008 : 
On rank: 0 There are 94 slivers...
     Elapsed wall-clock time 0.198754 : 
On rank: 0 There are 98 slivers...
     Elapsed wall-clock time 0.199391 : 
On rank: 0 There are 97 slivers...
     Elapsed wall-clock time 0.200638 : 
On rank: 0 There are 100 slivers...
     Elapsed wall-clock time 0.199464 : 
On rank: 0 There are 91 slivers...
     Elapsed wall-clock time 0.203286 : 
On rank: 0 There are 90 slivers...
     Elapsed wall-clock time 0.296458 : 
On rank: 0 There are 94 slivers...
     Elapsed wall-clock time 0.217466 : 
On rank: 0 There are 95 slivers...
     Elapsed wall-clock time 0.215858 : 
On rank: 0 There are 105 slivers...
     Elapsed wall-clock time 0.214265 : 
On rank: 0 There are 121 slivers...
     Elapsed wall-clock time 0.214380 : 
On rank: 0 There are 113 slivers...
     Elapsed wall-clock time 0.216869 : 
On rank: 0 There are 117 slivers...
     Elapsed wall-clock time 0.215583 : 
On rank: 0 There are 114 slivers...
     Elapsed wall-clock time 0.216071 : 
On rank: 0 There are 115 slivers...
     Elapsed wall-clock time 0.215941 : 
On rank: 0 There are 112 slivers...
     Elapsed wall-clock time 0.216108 : 
On rank: 0 There are 126 slivers...
     Elapsed wall-clock time 0.215271 : 
On rank: 0 There are 113 slivers...
     Elapsed wall-clock time 0.215863 : 
On rank: 0 There are 113 slivers...
     Elapsed wall-clock time 0.214002 : 
On rank: 0 There are 111 slivers...
     Elapsed wall-clock time 0.215703 : 
On rank: 0 There are 94 slivers...
     Elapsed wall-clock time 0.214618 : 
On rank: 0 There are 64 slivers...
     Elapsed wall-clock time 0.214006 : 
On rank: 0 There are 71 slivers...
     Elapsed wall-clock time 0.212744 : 
On rank: 0 There are 79 slivers...
     Elapsed wall-clock time 0.213296 : 
On rank: 0 There are 69 slivers...
     Elapsed wall-clock time 0.299739 : 
On rank: 0 There are 67 slivers...
     Elapsed wall-clock time 0.209261 : 
On rank: 0 There are 58 slivers...
     Elapsed wall-clock time 0.199540 : 
On rank: 0 There are 69 slivers...
     Elapsed wall-clock time 0.198751 : 
On rank: 0 There are 66 slivers...
     Elapsed wall-clock time 0.199233 : 
On rank: 0 There are 67 slivers...
     Elapsed wall-clock time 0.199544 : 
On rank: 0 There are 70 slivers...
     Elapsed wall-clock time 0.199409 : 
On rank: 0 There are 58 slivers...
     Elapsed wall-clock time 0.199008 : 
On rank: 0 There are 51 slivers...
     Elapsed wall-clock time 0.199162 : 
On rank: 0 There are 66 slivers...
     Elapsed wall-clock time 0.198994 : 
On rank: 0 There are 60 slivers...
     Elapsed wall-clock time 0.198811 : 
On rank: 0 There are 70 slivers...
     Elapsed wall-clock time 0.199628 : 
On rank: 0 There are 56 slivers...
     Elapsed wall-clock time 0.198812 : 
On rank: 0 There are 61 slivers...
     Elapsed wall-clock time 0.198613 : 
On rank: 0 There are 65 slivers...
     Elapsed wall-clock time 0.199362 : 
On rank: 0 There are 63 slivers...
     Elapsed wall-clock time 0.199240 : 
On rank: 0 There are 63 slivers...
     Elapsed wall-clock time 0.198606 : 
On rank: 0 There are 60 slivers...
     Elapsed wall-clock time 0.199376 : 
On rank: 0 There are 75 slivers...
     Elapsed wall-clock time 0.198434 : 
On rank: 0 There are 69 slivers...
     Elapsed wall-clock time 0.199780 : 
On rank: 0 There are 51 slivers...
     Elapsed wall-clock time 0.288579 : 
On rank: 0 There are 52 slivers...
     Elapsed wall-clock time 0.220112 : 
On rank: 0 There are 31 slivers...
     Elapsed wall-clock time 0.213723 : 
On rank: 0 There are 18 slivers...
     Elapsed wall-clock time 0.212697 : 
On rank: 0 There are 12 slivers...
     Elapsed wall-clock time 0.210899 : 
On rank: 0 There are 22 slivers...
     Elapsed wall-clock time 0.210896 : 
On rank: 0 There are 11 slivers...
     Elapsed wall-clock time 0.211821 : 
On rank: 0 There are 8 slivers...
     Elapsed wall-clock time 0.210843 : 
On rank: 0 There are 16 slivers...
     Elapsed wall-clock time 0.210827 : 
On rank: 0 There are 14 slivers...
     Elapsed wall-clock time 0.212009 : 
On rank: 0 There are 13 slivers...
     Elapsed wall-clock time 0.211176 : 
On rank: 0 There are 4 slivers...
     Elapsed wall-clock time 0.211622 : 
On rank: 0 There are 6 slivers...
     Elapsed wall-clock time 0.211589 : 
On rank: 0 There are 7 slivers...
     Elapsed wall-clock time 0.210500 : 
On rank: 0 There are 4 slivers...
     Elapsed wall-clock time 0.210603 : 
On rank: 0 There are 1 slivers...
     Elapsed wall-clock time 0.210757 : 
On rank: 0 There are 2 slivers...
     Elapsed wall-clock time 0.210104 : 
On rank: 0 There are 0 slivers...
Termination reached in 80 iterations...no slivers detected!
Minimum dihedral angle is 12.001018445323158
Will attempt 100 iterations to bound the dihedral angles...
Enforcing a min. dihedral bound of: 14.999999999999998 degrees...
Enforcing a max. dihedral bound of: 180.0 degrees...
Commencing sliver removal with 39068 vertices on rank 0.
On rank: 0 There are 776 slivers...
     Elapsed wall-clock time 0.142792 : 
On rank: 0 There are 608 slivers...
     Elapsed wall-clock time 0.238128 : 
On rank: 0 There are 511 slivers...
     Elapsed wall-clock time 0.230469 : 
On rank: 0 There are 512 slivers...
     Elapsed wall-clock time 0.220321 : 
On rank: 0 There are 468 slivers...
     Elapsed wall-clock time 0.221658 : 
On rank: 0 There are 449 slivers...
     Elapsed wall-clock time 0.220007 : 
On rank: 0 There are 486 slivers...
     Elapsed wall-clock time 0.218179 : 
On rank: 0 There are 471 slivers...
     Elapsed wall-clock time 0.220742 : 
On rank: 0 There are 507 slivers...
     Elapsed wall-clock time 0.221101 : 
On rank: 0 There are 492 slivers...
     Elapsed wall-clock time 0.224700 : 
On rank: 0 There are 483 slivers...
     Elapsed wall-clock time 0.224096 : 
On rank: 0 There are 494 slivers...
     Elapsed wall-clock time 0.222277 : 
On rank: 0 There are 499 slivers...
     Elapsed wall-clock time 0.223256 : 
On rank: 0 There are 469 slivers...
     Elapsed wall-clock time 0.220134 : 
On rank: 0 There are 492 slivers...
     Elapsed wall-clock time 0.218062 : 
On rank: 0 There are 504 slivers...
     Elapsed wall-clock time 0.222270 : 
On rank: 0 There are 499 slivers...
     Elapsed wall-clock time 0.317306 : 
On rank: 0 There are 510 slivers...
     Elapsed wall-clock time 0.238811 : 
On rank: 0 There are 513 slivers...
     Elapsed wall-clock time 0.237407 : 
On rank: 0 There are 519 slivers...
     Elapsed wall-clock time 0.240185 : 
On rank: 0 There are 495 slivers...
     Elapsed wall-clock time 0.238651 : 
On rank: 0 There are 491 slivers...
     Elapsed wall-clock time 0.236176 : 
On rank: 0 There are 537 slivers...
     Elapsed wall-clock time 0.239001 : 
On rank: 0 There are 562 slivers...
     Elapsed wall-clock time 0.239912 : 
On rank: 0 There are 542 slivers...
     Elapsed wall-clock time 0.238053 : 
On rank: 0 There are 553 slivers...
     Elapsed wall-clock time 0.240828 : 
On rank: 0 There are 568 slivers...
     Elapsed wall-clock time 0.240944 : 
On rank: 0 There are 567 slivers...
     Elapsed wall-clock time 0.237433 : 
On rank: 0 There are 588 slivers...
     Elapsed wall-clock time 0.238397 : 
On rank: 0 There are 607 slivers...
     Elapsed wall-clock time 0.243191 : 
On rank: 0 There are 572 slivers...
     Elapsed wall-clock time 0.240366 : 
On rank: 0 There are 645 slivers...
     Elapsed wall-clock time 0.240848 : 
On rank: 0 There are 626 slivers...
     Elapsed wall-clock time 0.338016 : 
On rank: 0 There are 645 slivers...
     Elapsed wall-clock time 0.234488 : 
On rank: 0 There are 625 slivers...
     Elapsed wall-clock time 0.226932 : 
On rank: 0 There are 636 slivers...
     Elapsed wall-clock time 0.226615 : 
On rank: 0 There are 648 slivers...
     Elapsed wall-clock time 0.224527 : 
On rank: 0 There are 640 slivers...
     Elapsed wall-clock time 0.225081 : 
On rank: 0 There are 626 slivers...
     Elapsed wall-clock time 0.227873 : 
On rank: 0 There are 629 slivers...
     Elapsed wall-clock time 0.226527 : 
On rank: 0 There are 647 slivers...
     Elapsed wall-clock time 0.225026 : 
On rank: 0 There are 676 slivers...
     Elapsed wall-clock time 0.225429 : 
On rank: 0 There are 667 slivers...
     Elapsed wall-clock time 0.225215 : 
On rank: 0 There are 698 slivers...
     Elapsed wall-clock time 0.225569 : 
On rank: 0 There are 688 slivers...
     Elapsed wall-clock time 0.229350 : 
On rank: 0 There are 626 slivers...
     Elapsed wall-clock time 0.226069 : 
On rank: 0 There are 642 slivers...
     Elapsed wall-clock time 0.222136 : 
On rank: 0 There are 665 slivers...
     Elapsed wall-clock time 0.225878 : 
On rank: 0 There are 675 slivers...
     Elapsed wall-clock time 0.227377 : 
On rank: 0 There are 753 slivers...
     Elapsed wall-clock time 0.307324 : 
On rank: 0 There are 725 slivers...
     Elapsed wall-clock time 0.229709 : 
On rank: 0 There are 758 slivers...
     Elapsed wall-clock time 0.225259 : 
On rank: 0 There are 701 slivers...
     Elapsed wall-clock time 0.225972 : 
On rank: 0 There are 726 slivers...
     Elapsed wall-clock time 0.226194 : 
On rank: 0 There are 711 slivers...
     Elapsed wall-clock time 0.225172 : 
On rank: 0 There are 678 slivers...
     Elapsed wall-clock time 0.227459 : 
On rank: 0 There are 665 slivers...
     Elapsed wall-clock time 0.225217 : 
On rank: 0 There are 727 slivers...
     Elapsed wall-clock time 0.225681 : 
On rank: 0 There are 691 slivers...
     Elapsed wall-clock time 0.227048 : 
On rank: 0 There are 689 slivers...
     Elapsed wall-clock time 0.225619 : 
On rank: 0 There are 712 slivers...
     Elapsed wall-clock time 0.228480 : 
On rank: 0 There are 726 slivers...
     Elapsed wall-clock time 0.226101 : 
On rank: 0 There are 754 slivers...
     Elapsed wall-clock time 0.227840 : 
On rank: 0 There are 770 slivers...
     Elapsed wall-clock time 0.227601 : 
On rank: 0 There are 739 slivers...
     Elapsed wall-clock time 0.227741 : 
On rank: 0 There are 771 slivers...
     Elapsed wall-clock time 0.226147 : 
On rank: 0 There are 760 slivers...
     Elapsed wall-clock time 0.228410 : 
On rank: 0 There are 852 slivers...
     Elapsed wall-clock time 0.228463 : 
On rank: 0 There are 845 slivers...
     Elapsed wall-clock time 0.229775 : 
On rank: 0 There are 860 slivers...
     Elapsed wall-clock time 0.228099 : 
On rank: 0 There are 829 slivers...
     Elapsed wall-clock time 0.229120 : 
On rank: 0 There are 809 slivers...
     Elapsed wall-clock time 0.228593 : 
On rank: 0 There are 810 slivers...
     Elapsed wall-clock time 0.228776 : 
On rank: 0 There are 848 slivers...
     Elapsed wall-clock time 0.228938 : 
On rank: 0 There are 840 slivers...
     Elapsed wall-clock time 0.228976 : 
On rank: 0 There are 795 slivers...
     Elapsed wall-clock time 0.229759 : 
On rank: 0 There are 831 slivers...
     Elapsed wall-clock time 0.227506 : 
On rank: 0 There are 792 slivers...
     Elapsed wall-clock time 0.230916 : 
On rank: 0 There are 837 slivers...
     Elapsed wall-clock time 0.228682 : 
On rank: 0 There are 858 slivers...
     Elapsed wall-clock time 0.228157 : 
On rank: 0 There are 859 slivers...
     Elapsed wall-clock time 0.228529 : 
On rank: 0 There are 833 slivers...
     Elapsed wall-clock time 0.231501 : 
On rank: 0 There are 823 slivers...
     Elapsed wall-clock time 0.229183 : 
On rank: 0 There are 831 slivers...
     Elapsed wall-clock time 0.232899 : 
On rank: 0 There are 823 slivers...
     Elapsed wall-clock time 0.230537 : 
On rank: 0 There are 806 slivers...
     Elapsed wall-clock time 0.228860 : 
On rank: 0 There are 818 slivers...
     Elapsed wall-clock time 0.228702 : 
On rank: 0 There are 854 slivers...
     Elapsed wall-clock time 0.229550 : 
On rank: 0 There are 883 slivers...
     Elapsed wall-clock time 0.230666 : 
On rank: 0 There are 836 slivers...
     Elapsed wall-clock time 0.228905 : 
On rank: 0 There are 847 slivers...
     Elapsed wall-clock time 0.230564 : 
On rank: 0 There are 865 slivers...
     Elapsed wall-clock time 0.229419 : 
On rank: 0 There are 897 slivers...
     Elapsed wall-clock time 0.231570 : 
On rank: 0 There are 933 slivers...
     Elapsed wall-clock time 0.231694 : 
On rank: 0 There are 958 slivers...
     Elapsed wall-clock time 0.232558 : 
On rank: 0 There are 941 slivers...
     Elapsed wall-clock time 0.234320 : 
On rank: 0 There are 946 slivers...
     Elapsed wall-clock time 0.231572 : 
On rank: 0 There are 993 slivers...
     Elapsed wall-clock time 0.234257 : 
On rank: 0 There are 1006 slivers...
     Elapsed wall-clock time 0.233584 : 
FAILURE: Termination...maximum number of iterations reached. Try increasing max_iter when generating the mesh
Minimum dihedral angle is 0.1380542097567204

## Job finished on 21-03-2023 as 16:47:08 ###################
