
## Job started at 22-03-2023 as 09:37:48 #####################


## Jobs activated by olender: 

             JOBID PARTITION     NAME     USER ST       TIME  NODES NODELIST(REASON)
             23635 intel_lar meshing4  olender  R       0:01      1 n08
             23634 intel_lar meshing4  olender  R       2:47      1 n06
             23633 intel_lar meshing4  olender  R       3:34      1 n07

## Execution node:         n08 


## Number of tasks per job: 5 


## Diretorio de submissao do job:   /home/olender/Thesis/chapter_acoustic_wave_fundamentals/spyro-1 

100.0
Reading binary file: overthrust_3D_exact_model_reduced_v5.bin
Mesh sizes will be built to resolve an estimate of wavelength of a 5.0 hz wavelet with 3.0 vertices...
Enforcing minimum edge length of 100.0
Enforcing maximum edge length of 300
Enforcing mesh size gradation of 0.35 decimal percent...
Including a 750.0 meter domain extension...
Using the pad_style: edge
Reading binary file: overthrust_3D_exact_model_reduced_v5.bin
Adding a domain pad to the velocity model...
Including a 750.0 meter domain extension...
Using the pad_style: edge
Writing velocity model: overthrust_3D_exact_model_reduced_v5.hdf5
Constraining 0 fixed points..
Commencing mesh generation with 8016 vertices on rank 0.
100.0
Commencing mesh generation with 7860 vertices on rank 4.
100.0
Commencing mesh generation with 7812 vertices on rank 2.
100.0
Commencing mesh generation with 8082 vertices on rank 3.
100.0
Commencing mesh generation with 7486 vertices on rank 1.
Iteration #1, max movement is 436.780796, there are 8016 vertices and 62595 cells
     Elapsed wall-clock time 0.219841 : 
Iteration #2, max movement is 241.704276, there are 8016 vertices and 61486 cells
     Elapsed wall-clock time 0.338001 : 
Iteration #3, max movement is 161.048090, there are 8016 vertices and 61274 cells
     Elapsed wall-clock time 0.323672 : 
Iteration #4, max movement is 147.924504, there are 8016 vertices and 61571 cells
     Elapsed wall-clock time 0.304487 : 
Iteration #5, max movement is 147.859224, there are 8016 vertices and 61614 cells
     Elapsed wall-clock time 0.292631 : 
Iteration #6, max movement is 151.509340, there are 8016 vertices and 61735 cells
     Elapsed wall-clock time 0.293053 : 
Iteration #7, max movement is 130.477575, there are 8016 vertices and 61555 cells
     Elapsed wall-clock time 0.292258 : 
Iteration #8, max movement is 141.768495, there are 8016 vertices and 61499 cells
     Elapsed wall-clock time 0.286489 : 
Iteration #9, max movement is 122.953613, there are 8016 vertices and 61175 cells
     Elapsed wall-clock time 0.289049 : 
Iteration #10, max movement is 141.430974, there are 8016 vertices and 60948 cells
     Elapsed wall-clock time 0.290506 : 
Iteration #11, max movement is 122.762121, there are 8016 vertices and 60587 cells
     Elapsed wall-clock time 0.362191 : 
Iteration #12, max movement is 139.919333, there are 8016 vertices and 60329 cells
     Elapsed wall-clock time 0.281785 : 
Iteration #13, max movement is 135.939020, there are 8016 vertices and 60140 cells
     Elapsed wall-clock time 0.279631 : 
Iteration #14, max movement is 134.787226, there are 8016 vertices and 59782 cells
     Elapsed wall-clock time 0.282041 : 
Iteration #15, max movement is 134.247577, there are 8016 vertices and 59669 cells
     Elapsed wall-clock time 0.293007 : 
Iteration #16, max movement is 134.110453, there are 8016 vertices and 59470 cells
     Elapsed wall-clock time 0.291483 : 
Iteration #17, max movement is 137.792929, there are 8016 vertices and 59263 cells
     Elapsed wall-clock time 0.290814 : 
Iteration #18, max movement is 127.967700, there are 8016 vertices and 59065 cells
     Elapsed wall-clock time 0.290789 : 
Iteration #19, max movement is 135.861450, there are 8016 vertices and 58905 cells
     Elapsed wall-clock time 0.285577 : 
Iteration #20, max movement is 122.695909, there are 8016 vertices and 58760 cells
     Elapsed wall-clock time 0.288692 : 
Iteration #21, max movement is 129.137729, there are 8016 vertices and 58656 cells
     Elapsed wall-clock time 0.286075 : 
Iteration #22, max movement is 120.228253, there are 8016 vertices and 58506 cells
     Elapsed wall-clock time 0.287997 : 
Iteration #23, max movement is 128.090507, there are 8016 vertices and 58452 cells
     Elapsed wall-clock time 0.296539 : 
Iteration #24, max movement is 118.644053, there are 8016 vertices and 58335 cells
     Elapsed wall-clock time 0.355325 : 
Iteration #25, max movement is 130.932855, there are 8016 vertices and 58200 cells
     Elapsed wall-clock time 0.273224 : 
Iteration #26, max movement is 118.761146, there are 8016 vertices and 58084 cells
     Elapsed wall-clock time 0.274497 : 
Iteration #27, max movement is 130.002499, there are 8016 vertices and 58044 cells
     Elapsed wall-clock time 0.274394 : 
Iteration #28, max movement is 117.848256, there are 8016 vertices and 57983 cells
     Elapsed wall-clock time 0.271938 : 
Iteration #29, max movement is 127.900660, there are 8016 vertices and 57851 cells
     Elapsed wall-clock time 0.279784 : 
Iteration #30, max movement is 116.285137, there are 8016 vertices and 57793 cells
     Elapsed wall-clock time 0.273890 : 
Iteration #31, max movement is 124.761015, there are 8016 vertices and 57763 cells
     Elapsed wall-clock time 0.275913 : 
Iteration #32, max movement is 115.089618, there are 8016 vertices and 57708 cells
     Elapsed wall-clock time 0.265121 : 
Iteration #33, max movement is 126.559714, there are 8016 vertices and 57669 cells
     Elapsed wall-clock time 0.271083 : 
Iteration #34, max movement is 112.191780, there are 8016 vertices and 57562 cells
     Elapsed wall-clock time 0.270943 : 
Iteration #35, max movement is 108.483009, there are 8016 vertices and 57528 cells
     Elapsed wall-clock time 0.272546 : 
Iteration #36, max movement is 111.763419, there are 8016 vertices and 57447 cells
     Elapsed wall-clock time 0.269210 : 
Iteration #37, max movement is 133.311662, there are 8016 vertices and 57441 cells
     Elapsed wall-clock time 0.269833 : 
Iteration #38, max movement is 109.738408, there are 8016 vertices and 57328 cells
     Elapsed wall-clock time 0.305605 : 
Iteration #39, max movement is 136.788916, there are 8016 vertices and 57435 cells
     Elapsed wall-clock time 0.334499 : 
Iteration #40, max movement is 112.609133, there are 8016 vertices and 57352 cells
     Elapsed wall-clock time 0.276700 : 
Iteration #41, max movement is 119.070005, there are 8016 vertices and 57303 cells
     Elapsed wall-clock time 0.274503 : 
Iteration #42, max movement is 103.417687, there are 8016 vertices and 57324 cells
     Elapsed wall-clock time 0.274632 : 
Iteration #43, max movement is 118.710049, there are 8016 vertices and 57365 cells
     Elapsed wall-clock time 0.272505 : 
Iteration #44, max movement is 113.521613, there are 8016 vertices and 57278 cells
     Elapsed wall-clock time 0.271029 : 
Iteration #45, max movement is 126.713346, there are 8016 vertices and 57287 cells
     Elapsed wall-clock time 0.283679 : 
Iteration #46, max movement is 100.477968, there are 8016 vertices and 57264 cells
     Elapsed wall-clock time 0.264804 : 
Iteration #47, max movement is 148.155611, there are 8016 vertices and 57329 cells
     Elapsed wall-clock time 0.262306 : 
Iteration #48, max movement is 110.079108, there are 8016 vertices and 57226 cells
     Elapsed wall-clock time 0.266072 : 
Iteration #49, max movement is 127.245049, there are 8016 vertices and 57203 cells
     Elapsed wall-clock time 0.257312 : 
Iteration #50, max movement is 104.141413, there are 8016 vertices and 57191 cells
     Elapsed wall-clock time 0.274814 : 
Iteration #51, max movement is 148.040897, there are 8016 vertices and 57152 cells
     Elapsed wall-clock time 0.283863 : 
Iteration #52, max movement is 104.609529, there are 8016 vertices and 57181 cells
     Elapsed wall-clock time 0.263061 : 
Iteration #53, max movement is 146.673360, there are 8016 vertices and 57181 cells
     Elapsed wall-clock time 0.303216 : 
Iteration #54, max movement is 105.852537, there are 8016 vertices and 57165 cells
     Elapsed wall-clock time 0.245613 : 
Iteration #55, max movement is 144.411011, there are 8016 vertices and 57215 cells
     Elapsed wall-clock time 0.262218 : 
Iteration #56, max movement is 104.525509, there are 8016 vertices and 57148 cells
     Elapsed wall-clock time 0.264958 : 
Iteration #57, max movement is 141.444520, there are 8016 vertices and 57125 cells
     Elapsed wall-clock time 0.265386 : 
Iteration #58, max movement is 101.883888, there are 8016 vertices and 57187 cells
     Elapsed wall-clock time 0.265954 : 
Iteration #59, max movement is 131.426508, there are 8016 vertices and 57151 cells
     Elapsed wall-clock time 0.265659 : 
Iteration #60, max movement is 105.220559, there are 8016 vertices and 57144 cells
     Elapsed wall-clock time 0.273375 : 
Iteration #61, max movement is 134.006759, there are 8016 vertices and 57129 cells
     Elapsed wall-clock time 0.265774 : 
Iteration #62, max movement is 103.327749, there are 8016 vertices and 57208 cells
     Elapsed wall-clock time 0.269564 : 
Iteration #63, max movement is 130.527882, there are 8016 vertices and 57183 cells
     Elapsed wall-clock time 0.262430 : 
Iteration #64, max movement is 105.325226, there are 8016 vertices and 57195 cells
     Elapsed wall-clock time 0.267462 : 
Iteration #65, max movement is 122.645379, there are 8016 vertices and 57174 cells
     Elapsed wall-clock time 0.265710 : 
Iteration #66, max movement is 108.502255, there are 8016 vertices and 57178 cells
     Elapsed wall-clock time 0.264941 : 
Iteration #67, max movement is 130.518226, there are 8016 vertices and 57161 cells
     Elapsed wall-clock time 0.297382 : 
Iteration #68, max movement is 115.365833, there are 8016 vertices and 57183 cells
     Elapsed wall-clock time 0.268356 : 
Iteration #69, max movement is 130.646103, there are 8016 vertices and 57211 cells
     Elapsed wall-clock time 0.247600 : 
Iteration #70, max movement is 115.236143, there are 8016 vertices and 57198 cells
     Elapsed wall-clock time 0.263355 : 
Iteration #71, max movement is 129.931150, there are 8016 vertices and 57159 cells
     Elapsed wall-clock time 0.264897 : 
Iteration #72, max movement is 114.236634, there are 8016 vertices and 57159 cells
     Elapsed wall-clock time 0.265764 : 
Iteration #73, max movement is 129.615794, there are 8016 vertices and 57156 cells
     Elapsed wall-clock time 0.289040 : 
Iteration #74, max movement is 107.754567, there are 8016 vertices and 57189 cells
     Elapsed wall-clock time 0.238698 : 
Iteration #75, max movement is 129.094164, there are 8016 vertices and 57124 cells
     Elapsed wall-clock time 0.266864 : 
Iteration #76, max movement is 104.590990, there are 8016 vertices and 57119 cells
     Elapsed wall-clock time 0.269383 : 
Iteration #77, max movement is 109.899535, there are 8016 vertices and 57140 cells
     Elapsed wall-clock time 0.262649 : 
Iteration #78, max movement is 103.389595, there are 8016 vertices and 57184 cells
     Elapsed wall-clock time 0.266162 : 
Iteration #79, max movement is 110.333344, there are 8016 vertices and 57142 cells
     Elapsed wall-clock time 0.265636 : 
Iteration #80, max movement is 102.602999, there are 8016 vertices and 57201 cells
     Elapsed wall-clock time 0.271899 : 
Iteration #81, max movement is 111.228301, there are 8016 vertices and 57207 cells
     Elapsed wall-clock time 0.266262 : 
Iteration #82, max movement is 113.547969, there are 8016 vertices and 57258 cells
     Elapsed wall-clock time 0.302932 : 
Iteration #83, max movement is 127.310949, there are 8016 vertices and 57185 cells
     Elapsed wall-clock time 0.258237 : 
Iteration #84, max movement is 114.005514, there are 8016 vertices and 57205 cells
     Elapsed wall-clock time 0.246438 : 
Iteration #85, max movement is 125.992778, there are 8016 vertices and 57192 cells
     Elapsed wall-clock time 0.261635 : 
Iteration #86, max movement is 114.510030, there are 8016 vertices and 57284 cells
     Elapsed wall-clock time 0.264938 : 
Iteration #87, max movement is 124.849815, there are 8016 vertices and 57161 cells
     Elapsed wall-clock time 0.263799 : 
Iteration #88, max movement is 114.556956, there are 8016 vertices and 57323 cells
     Elapsed wall-clock time 0.264159 : 
Iteration #89, max movement is 123.774413, there are 8016 vertices and 57152 cells
     Elapsed wall-clock time 0.265991 : 
Iteration #90, max movement is 105.139589, there are 8016 vertices and 57303 cells
     Elapsed wall-clock time 0.269272 : 
Iteration #91, max movement is 123.132472, there are 8016 vertices and 57223 cells
     Elapsed wall-clock time 0.271353 : 
Iteration #92, max movement is 104.022225, there are 8016 vertices and 57292 cells
     Elapsed wall-clock time 0.268840 : 
Iteration #93, max movement is 112.308870, there are 8016 vertices and 57202 cells
     Elapsed wall-clock time 0.263774 : 
Iteration #94, max movement is 114.245569, there are 8016 vertices and 57347 cells
     Elapsed wall-clock time 0.361193 : 
Iteration #95, max movement is 126.368831, there are 8016 vertices and 57201 cells
     Elapsed wall-clock time 0.278416 : 
Iteration #96, max movement is 116.213042, there are 8016 vertices and 57279 cells
     Elapsed wall-clock time 0.265236 : 
Iteration #97, max movement is 126.197630, there are 8016 vertices and 57216 cells
     Elapsed wall-clock time 0.307534 : 
Iteration #98, max movement is 114.140027, there are 8016 vertices and 57262 cells
     Elapsed wall-clock time 0.303614 : 
Iteration #99, max movement is 126.066583, there are 8016 vertices and 57222 cells
     Elapsed wall-clock time 0.273444 : 
Iteration #100, max movement is 112.996127, there are 8016 vertices and 57285 cells
     Elapsed wall-clock time 0.265203 : 
Iteration #101, max movement is 125.678235, there are 8016 vertices and 57181 cells
     Elapsed wall-clock time 0.256628 : 
Iteration #102, max movement is 111.417793, there are 8016 vertices and 57275 cells
     Elapsed wall-clock time 0.259116 : 
Iteration #103, max movement is 126.066855, there are 8016 vertices and 57243 cells
     Elapsed wall-clock time 0.267408 : 
Iteration #104, max movement is 106.433704, there are 8016 vertices and 57279 cells
     Elapsed wall-clock time 0.264277 : 
Iteration #105, max movement is 126.630099, there are 8016 vertices and 57271 cells
     Elapsed wall-clock time 0.264644 : 
Iteration #106, max movement is 108.558026, there are 8016 vertices and 57248 cells
     Elapsed wall-clock time 0.265714 : 
Iteration #107, max movement is 125.077586, there are 8016 vertices and 57254 cells
     Elapsed wall-clock time 0.263913 : 
Iteration #108, max movement is 107.082430, there are 8016 vertices and 57279 cells
     Elapsed wall-clock time 0.266819 : 
Iteration #109, max movement is 124.422722, there are 8016 vertices and 57229 cells
     Elapsed wall-clock time 0.271745 : 
Iteration #110, max movement is 107.381621, there are 8016 vertices and 57206 cells
     Elapsed wall-clock time 0.264362 : 
Iteration #111, max movement is 125.046445, there are 8016 vertices and 57251 cells
     Elapsed wall-clock time 0.270955 : 
Iteration #112, max movement is 107.114438, there are 8016 vertices and 57193 cells
     Elapsed wall-clock time 0.331202 : 
Iteration #113, max movement is 129.523091, there are 8016 vertices and 57263 cells
     Elapsed wall-clock time 0.263751 : 
Iteration #114, max movement is 109.731348, there are 8016 vertices and 57156 cells
     Elapsed wall-clock time 0.262970 : 
Iteration #115, max movement is 123.909097, there are 8016 vertices and 57214 cells
     Elapsed wall-clock time 0.264575 : 
Iteration #116, max movement is 105.930357, there are 8016 vertices and 57211 cells
     Elapsed wall-clock time 0.261249 : 
Iteration #117, max movement is 123.256755, there are 8016 vertices and 57203 cells
     Elapsed wall-clock time 0.259876 : 
Iteration #118, max movement is 104.793067, there are 8016 vertices and 57232 cells
     Elapsed wall-clock time 0.262394 : 
Iteration #119, max movement is 121.898241, there are 8016 vertices and 57188 cells
     Elapsed wall-clock time 0.264158 : 
Iteration #120, max movement is 110.276412, there are 8016 vertices and 57266 cells
     Elapsed wall-clock time 0.263577 : 
Iteration #121, max movement is 122.229067, there are 8016 vertices and 57211 cells
     Elapsed wall-clock time 0.268224 : 
Iteration #122, max movement is 105.725111, there are 8016 vertices and 57235 cells
     Elapsed wall-clock time 0.264958 : 
Iteration #123, max movement is 127.424908, there are 8016 vertices and 57231 cells
     Elapsed wall-clock time 0.268988 : 
Iteration #124, max movement is 106.913913, there are 8016 vertices and 57243 cells
     Elapsed wall-clock time 0.265085 : 
Iteration #125, max movement is 122.739155, there are 8016 vertices and 57212 cells
     Elapsed wall-clock time 0.252595 : 
Iteration #126, max movement is 106.785400, there are 8016 vertices and 57238 cells
     Elapsed wall-clock time 0.264818 : 
Iteration #127, max movement is 126.292441, there are 8016 vertices and 57232 cells
     Elapsed wall-clock time 0.341284 : 
Iteration #128, max movement is 103.716276, there are 8016 vertices and 57230 cells
     Elapsed wall-clock time 0.264899 : 
Iteration #129, max movement is 122.229671, there are 8016 vertices and 57219 cells
     Elapsed wall-clock time 0.301990 : 
Iteration #130, max movement is 107.261895, there are 8016 vertices and 57230 cells
     Elapsed wall-clock time 0.263350 : 
Iteration #131, max movement is 125.762727, there are 8016 vertices and 57241 cells
     Elapsed wall-clock time 0.263798 : 
Iteration #132, max movement is 103.963281, there are 8016 vertices and 57282 cells
     Elapsed wall-clock time 0.265080 : 
Iteration #133, max movement is 124.945212, there are 8016 vertices and 57251 cells
     Elapsed wall-clock time 0.263588 : 
Iteration #134, max movement is 101.923549, there are 8016 vertices and 57297 cells
     Elapsed wall-clock time 0.265449 : 
Iteration #135, max movement is 124.217384, there are 8016 vertices and 57264 cells
     Elapsed wall-clock time 0.259591 : 
Iteration #136, max movement is 107.351901, there are 8016 vertices and 57219 cells
     Elapsed wall-clock time 0.270846 : 
Iteration #137, max movement is 123.804500, there are 8016 vertices and 57264 cells
     Elapsed wall-clock time 0.259831 : 
Iteration #138, max movement is 112.061115, there are 8016 vertices and 57239 cells
     Elapsed wall-clock time 0.266799 : 
Iteration #139, max movement is 123.514688, there are 8016 vertices and 57332 cells
     Elapsed wall-clock time 0.262989 : 
Iteration #140, max movement is 107.372463, there are 8016 vertices and 57252 cells
     Elapsed wall-clock time 0.265178 : 
Iteration #141, max movement is 119.006965, there are 8016 vertices and 57304 cells
     Elapsed wall-clock time 0.266249 : 
Iteration #142, max movement is 112.208727, there are 8016 vertices and 57275 cells
     Elapsed wall-clock time 0.340174 : 
Iteration #143, max movement is 117.749590, there are 8016 vertices and 57344 cells
     Elapsed wall-clock time 0.333572 : 
Iteration #144, max movement is 115.067970, there are 8016 vertices and 57329 cells
     Elapsed wall-clock time 0.278421 : 
Iteration #145, max movement is 115.854081, there are 8016 vertices and 57286 cells
     Elapsed wall-clock time 0.264847 : 
Iteration #146, max movement is 121.760683, there are 8016 vertices and 57325 cells
     Elapsed wall-clock time 0.262607 : 
Iteration #147, max movement is 114.670534, there are 8016 vertices and 57325 cells
     Elapsed wall-clock time 0.260567 : 
Iteration #148, max movement is 123.588581, there are 8016 vertices and 57288 cells
     Elapsed wall-clock time 0.261847 : 
Iteration #149, max movement is 113.941082, there are 8016 vertices and 57317 cells
     Elapsed wall-clock time 0.263367 : 
Iteration #150, max movement is 110.551739, there are 8016 vertices and 57305 cells
     Elapsed wall-clock time 0.257401 : 
Iteration #151, max movement is 110.830358, there are 8016 vertices and 57351 cells
     Elapsed wall-clock time 0.261182 : 
Iteration #152, max movement is 108.966493, there are 8016 vertices and 57349 cells
     Elapsed wall-clock time 0.258390 : 
Iteration #153, max movement is 111.599886, there are 8016 vertices and 57396 cells
     Elapsed wall-clock time 0.264135 : 
Iteration #154, max movement is 122.085418, there are 8016 vertices and 57323 cells
     Elapsed wall-clock time 0.257811 : 
Iteration #155, max movement is 108.603117, there are 8016 vertices and 57311 cells
     Elapsed wall-clock time 0.261959 : 
Iteration #156, max movement is 107.189264, there are 8016 vertices and 57308 cells
     Elapsed wall-clock time 0.281294 : 
Iteration #157, max movement is 107.480386, there are 8016 vertices and 57333 cells
     Elapsed wall-clock time 0.306750 : 
Iteration #158, max movement is 119.637956, there are 8016 vertices and 57330 cells
     Elapsed wall-clock time 0.258573 : 
Iteration #159, max movement is 108.984570, there are 8016 vertices and 57317 cells
     Elapsed wall-clock time 0.265342 : 
Iteration #160, max movement is 107.176790, there are 8016 vertices and 57314 cells
     Elapsed wall-clock time 0.258205 : 
Iteration #161, max movement is 106.138482, there are 8016 vertices and 57342 cells
     Elapsed wall-clock time 0.265946 : 
Iteration #162, max movement is 106.836823, there are 8016 vertices and 57312 cells
     Elapsed wall-clock time 0.266522 : 
Iteration #163, max movement is 106.294808, there are 8016 vertices and 57308 cells
     Elapsed wall-clock time 0.265864 : 
Iteration #164, max movement is 106.707295, there are 8016 vertices and 57313 cells
     Elapsed wall-clock time 0.263876 : 
Iteration #165, max movement is 105.968316, there are 8016 vertices and 57347 cells
     Elapsed wall-clock time 0.266231 : 
Iteration #166, max movement is 106.017879, there are 8016 vertices and 57362 cells
     Elapsed wall-clock time 0.266826 : 
Iteration #167, max movement is 106.530803, there are 8016 vertices and 57320 cells
     Elapsed wall-clock time 0.263234 : 
Iteration #168, max movement is 105.903353, there are 8016 vertices and 57345 cells
     Elapsed wall-clock time 0.266288 : 
Iteration #169, max movement is 108.754294, there are 8016 vertices and 57282 cells
     Elapsed wall-clock time 0.257362 : 
Iteration #170, max movement is 108.203542, there are 8016 vertices and 57293 cells
     Elapsed wall-clock time 0.265498 : 
Iteration #171, max movement is 108.229822, there are 8016 vertices and 57276 cells
     Elapsed wall-clock time 0.263768 : 
Iteration #172, max movement is 105.307700, there are 8016 vertices and 57330 cells
     Elapsed wall-clock time 0.347433 : 
Iteration #173, max movement is 108.574798, there are 8016 vertices and 57302 cells
     Elapsed wall-clock time 0.263245 : 
Iteration #174, max movement is 107.148548, there are 8016 vertices and 57287 cells
     Elapsed wall-clock time 0.258603 : 
Iteration #175, max movement is 106.553553, there are 8016 vertices and 57276 cells
     Elapsed wall-clock time 0.259882 : 
Iteration #176, max movement is 106.387891, there are 8016 vertices and 57276 cells
     Elapsed wall-clock time 0.260950 : 
Iteration #177, max movement is 106.559447, there are 8016 vertices and 57264 cells
     Elapsed wall-clock time 0.262137 : 
Iteration #178, max movement is 107.558004, there are 8016 vertices and 57335 cells
     Elapsed wall-clock time 0.263893 : 
Iteration #179, max movement is 105.171579, there are 8016 vertices and 57308 cells
     Elapsed wall-clock time 0.260154 : 
Iteration #180, max movement is 109.153005, there are 8016 vertices and 57312 cells
     Elapsed wall-clock time 0.261150 : 
Iteration #181, max movement is 105.160368, there are 8016 vertices and 57280 cells
     Elapsed wall-clock time 0.261839 : 
Iteration #182, max movement is 110.352212, there are 8016 vertices and 57347 cells
     Elapsed wall-clock time 0.260366 : 
Iteration #183, max movement is 108.181655, there are 8016 vertices and 57292 cells
     Elapsed wall-clock time 0.258538 : 
Iteration #184, max movement is 111.659954, there are 8016 vertices and 57335 cells
     Elapsed wall-clock time 0.266249 : 
Iteration #185, max movement is 105.816510, there are 8016 vertices and 57288 cells
     Elapsed wall-clock time 0.264904 : 
Iteration #186, max movement is 112.628247, there are 8016 vertices and 57352 cells
     Elapsed wall-clock time 0.261041 : 
Iteration #187, max movement is 105.481728, there are 8016 vertices and 57292 cells
     Elapsed wall-clock time 0.259381 : 
Iteration #188, max movement is 113.609200, there are 8016 vertices and 57308 cells
     Elapsed wall-clock time 0.331433 : 
Iteration #189, max movement is 104.994809, there are 8016 vertices and 57280 cells
     Elapsed wall-clock time 0.264168 : 
Iteration #190, max movement is 106.223255, there are 8016 vertices and 57323 cells
     Elapsed wall-clock time 0.257753 : 
Iteration #191, max movement is 105.437095, there are 8016 vertices and 57295 cells
     Elapsed wall-clock time 0.264988 : 
Iteration #192, max movement is 106.219077, there are 8016 vertices and 57326 cells
     Elapsed wall-clock time 0.265734 : 
Iteration #193, max movement is 108.915840, there are 8016 vertices and 57276 cells
     Elapsed wall-clock time 0.259109 : 
Iteration #194, max movement is 107.468117, there are 8016 vertices and 57332 cells
     Elapsed wall-clock time 0.258776 : 
Iteration #195, max movement is 108.547095, there are 8016 vertices and 57253 cells
     Elapsed wall-clock time 0.258283 : 
Iteration #196, max movement is 106.679450, there are 8016 vertices and 57322 cells
     Elapsed wall-clock time 0.266385 : 
Iteration #197, max movement is 104.789450, there are 8016 vertices and 57249 cells
     Elapsed wall-clock time 0.263807 : 
Iteration #198, max movement is 107.871253, there are 8016 vertices and 57310 cells
     Elapsed wall-clock time 0.265009 : 
Iteration #199, max movement is 104.346578, there are 8016 vertices and 57255 cells
     Elapsed wall-clock time 0.265836 : 
Iteration #200, max movement is 107.508523, there are 8016 vertices and 57303 cells
     Elapsed wall-clock time 0.260439 : 
Iteration #201, max movement is 103.709595, there are 8016 vertices and 57241 cells
     Elapsed wall-clock time 0.302501 : 
Iteration #202, max movement is 106.536438, there are 8016 vertices and 57297 cells
     Elapsed wall-clock time 0.290105 : 
Iteration #203, max movement is 103.767206, there are 8016 vertices and 57276 cells
     Elapsed wall-clock time 0.258980 : 
Iteration #204, max movement is 105.973032, there are 8016 vertices and 57294 cells
     Elapsed wall-clock time 0.262524 : 
Iteration #205, max movement is 103.436751, there are 8016 vertices and 57268 cells
     Elapsed wall-clock time 0.261640 : 
Iteration #206, max movement is 106.768582, there are 8016 vertices and 57260 cells
     Elapsed wall-clock time 0.262043 : 
Iteration #207, max movement is 102.961276, there are 8016 vertices and 57254 cells
     Elapsed wall-clock time 0.259749 : 
Iteration #208, max movement is 107.671524, there are 8016 vertices and 57267 cells
     Elapsed wall-clock time 0.263772 : 
Iteration #209, max movement is 101.908952, there are 8016 vertices and 57263 cells
     Elapsed wall-clock time 0.261552 : 
Iteration #210, max movement is 109.760252, there are 8016 vertices and 57290 cells
     Elapsed wall-clock time 0.261903 : 
Iteration #211, max movement is 101.155951, there are 8016 vertices and 57285 cells
     Elapsed wall-clock time 0.258598 : 
Iteration #212, max movement is 111.512978, there are 8016 vertices and 57276 cells
     Elapsed wall-clock time 0.261082 : 
Iteration #213, max movement is 105.869413, there are 8016 vertices and 57262 cells
     Elapsed wall-clock time 0.260790 : 
Iteration #214, max movement is 112.916376, there are 8016 vertices and 57284 cells
     Elapsed wall-clock time 0.258940 : 
Iteration #215, max movement is 99.546868, there are 8016 vertices and 57306 cells
     Elapsed wall-clock time 0.262098 : 
Iteration #216, max movement is 114.413817, there are 8016 vertices and 57270 cells
     Elapsed wall-clock time 0.307495 : 
Iteration #217, max movement is 104.194666, there are 8016 vertices and 57272 cells
     Elapsed wall-clock time 0.290665 : 
Iteration #218, max movement is 115.483609, there are 8016 vertices and 57297 cells
     Elapsed wall-clock time 0.262157 : 
Iteration #219, max movement is 99.118853, there are 8016 vertices and 57261 cells
     Elapsed wall-clock time 0.265349 : 
Iteration #220, max movement is 116.666336, there are 8016 vertices and 57291 cells
     Elapsed wall-clock time 0.258878 : 
Iteration #221, max movement is 98.976913, there are 8016 vertices and 57290 cells
     Elapsed wall-clock time 0.263913 : 
Iteration #222, max movement is 118.153045, there are 8016 vertices and 57279 cells
     Elapsed wall-clock time 0.265908 : 
Iteration #223, max movement is 101.974624, there are 8016 vertices and 57299 cells
     Elapsed wall-clock time 0.265917 : 
Iteration #224, max movement is 119.353878, there are 8016 vertices and 57267 cells
     Elapsed wall-clock time 0.260515 : 
Iteration #225, max movement is 102.730344, there are 8016 vertices and 57252 cells
     Elapsed wall-clock time 0.262454 : 
Iteration #226, max movement is 120.705887, there are 8016 vertices and 57295 cells
     Elapsed wall-clock time 0.265856 : 
Iteration #227, max movement is 97.613290, there are 8016 vertices and 57268 cells
     Elapsed wall-clock time 0.264989 : 
Iteration #228, max movement is 121.069804, there are 8016 vertices and 57323 cells
     Elapsed wall-clock time 0.266624 : 
Iteration #229, max movement is 103.051089, there are 8016 vertices and 57266 cells
     Elapsed wall-clock time 0.257816 : 
Iteration #230, max movement is 123.030251, there are 8016 vertices and 57308 cells
     Elapsed wall-clock time 0.265718 : 
Iteration #231, max movement is 96.905512, there are 8016 vertices and 57255 cells
     Elapsed wall-clock time 0.320880 : 
Iteration #232, max movement is 120.354330, there are 8016 vertices and 57264 cells
     Elapsed wall-clock time 0.277241 : 
Iteration #233, max movement is 96.454476, there are 8016 vertices and 57283 cells
     Elapsed wall-clock time 0.260239 : 
Iteration #234, max movement is 119.388602, there are 8016 vertices and 57305 cells
     Elapsed wall-clock time 0.259858 : 
Iteration #235, max movement is 95.940427, there are 8016 vertices and 57274 cells
     Elapsed wall-clock time 0.261181 : 
Iteration #236, max movement is 118.459345, there are 8016 vertices and 57283 cells
     Elapsed wall-clock time 0.261333 : 
Iteration #237, max movement is 95.192430, there are 8016 vertices and 57236 cells
     Elapsed wall-clock time 0.261060 : 
Iteration #238, max movement is 118.385626, there are 8016 vertices and 57296 cells
     Elapsed wall-clock time 0.262396 : 
Iteration #239, max movement is 96.456663, there are 8016 vertices and 57273 cells
     Elapsed wall-clock time 0.262480 : 
Iteration #240, max movement is 120.736761, there are 8016 vertices and 57296 cells
     Elapsed wall-clock time 0.262668 : 
Iteration #241, max movement is 100.669233, there are 8016 vertices and 57271 cells
     Elapsed wall-clock time 0.260544 : 
Iteration #242, max movement is 120.970856, there are 8016 vertices and 57314 cells
     Elapsed wall-clock time 0.260439 : 
Iteration #243, max movement is 100.246760, there are 8016 vertices and 57294 cells
     Elapsed wall-clock time 0.260670 : 
Iteration #244, max movement is 117.678977, there are 8016 vertices and 57321 cells
     Elapsed wall-clock time 0.261483 : 
Iteration #245, max movement is 102.315467, there are 8016 vertices and 57283 cells
     Elapsed wall-clock time 0.260451 : 
Iteration #246, max movement is 117.309432, there are 8016 vertices and 57330 cells
     Elapsed wall-clock time 0.314644 : 
Iteration #247, max movement is 101.183496, there are 8016 vertices and 57221 cells
     Elapsed wall-clock time 0.279474 : 
Iteration #248, max movement is 116.886398, there are 8016 vertices and 57291 cells
     Elapsed wall-clock time 0.256798 : 
Iteration #249, max movement is 101.362088, there are 8016 vertices and 57306 cells
     Elapsed wall-clock time 0.264870 : 
Termination reached...maximum number of iterations reached.
Will attempt 100 iterations to bound the dihedral angles...
Enforcing a min. dihedral bound of: 3.0 degrees...
Enforcing a max. dihedral bound of: 180.0 degrees...
Commencing sliver removal with 39245 vertices on rank 0.
On rank: 0 There are 157 slivers...
     Elapsed wall-clock time 0.148566 : 
On rank: 0 There are 31 slivers...
     Elapsed wall-clock time 0.238565 : 
On rank: 0 There are 15 slivers...
     Elapsed wall-clock time 0.206635 : 
On rank: 0 There are 8 slivers...
     Elapsed wall-clock time 0.199701 : 
On rank: 0 There are 3 slivers...
     Elapsed wall-clock time 0.199898 : 
On rank: 0 There are 4 slivers...
     Elapsed wall-clock time 0.210586 : 
On rank: 0 There are 1 slivers...
     Elapsed wall-clock time 0.202811 : 
On rank: 0 There are 1 slivers...
     Elapsed wall-clock time 0.196939 : 
On rank: 0 There are 1 slivers...
     Elapsed wall-clock time 0.199769 : 
On rank: 0 There are 1 slivers...
     Elapsed wall-clock time 0.198470 : 
On rank: 0 There are 2 slivers...
     Elapsed wall-clock time 0.198292 : 
On rank: 0 There are 1 slivers...
     Elapsed wall-clock time 0.199216 : 
On rank: 0 There are 0 slivers...
Termination reached in 12 iterations...no slivers detected!
Will attempt 100 iterations to bound the dihedral angles...
Enforcing a min. dihedral bound of: 5.0 degrees...
Enforcing a max. dihedral bound of: 180.0 degrees...
Commencing sliver removal with 39229 vertices on rank 0.
On rank: 0 There are 240 slivers...
     Elapsed wall-clock time 0.143432 : 
On rank: 0 There are 78 slivers...
     Elapsed wall-clock time 0.214015 : 
On rank: 0 There are 55 slivers...
     Elapsed wall-clock time 0.210435 : 
On rank: 0 There are 48 slivers...
     Elapsed wall-clock time 0.206953 : 
On rank: 0 There are 32 slivers...
     Elapsed wall-clock time 0.200142 : 
On rank: 0 There are 22 slivers...
     Elapsed wall-clock time 0.196711 : 
On rank: 0 There are 17 slivers...
     Elapsed wall-clock time 0.199945 : 
On rank: 0 There are 16 slivers...
     Elapsed wall-clock time 0.197010 : 
On rank: 0 There are 14 slivers...
     Elapsed wall-clock time 0.198813 : 
On rank: 0 There are 15 slivers...
     Elapsed wall-clock time 0.195721 : 
On rank: 0 There are 8 slivers...
     Elapsed wall-clock time 0.198392 : 
On rank: 0 There are 6 slivers...
     Elapsed wall-clock time 0.196700 : 
On rank: 0 There are 4 slivers...
     Elapsed wall-clock time 0.198472 : 
On rank: 0 There are 6 slivers...
     Elapsed wall-clock time 0.197143 : 
On rank: 0 There are 5 slivers...
     Elapsed wall-clock time 0.199164 : 
On rank: 0 There are 7 slivers...
     Elapsed wall-clock time 0.196562 : 
On rank: 0 There are 3 slivers...
     Elapsed wall-clock time 0.198680 : 
On rank: 0 There are 5 slivers...
     Elapsed wall-clock time 0.197006 : 
On rank: 0 There are 4 slivers...
     Elapsed wall-clock time 0.199344 : 
On rank: 0 There are 1 slivers...
     Elapsed wall-clock time 0.197146 : 
On rank: 0 There are 1 slivers...
     Elapsed wall-clock time 0.198638 : 
On rank: 0 There are 3 slivers...
     Elapsed wall-clock time 0.195617 : 
On rank: 0 There are 1 slivers...
     Elapsed wall-clock time 0.198462 : 
On rank: 0 There are 1 slivers...
     Elapsed wall-clock time 0.196622 : 
On rank: 0 There are 0 slivers...
Termination reached in 24 iterations...no slivers detected!
Will attempt 100 iterations to bound the dihedral angles...
Enforcing a min. dihedral bound of: 7.0 degrees...
Enforcing a max. dihedral bound of: 180.0 degrees...
Commencing sliver removal with 39210 vertices on rank 0.
On rank: 0 There are 337 slivers...
     Elapsed wall-clock time 0.143451 : 
On rank: 0 There are 144 slivers...
     Elapsed wall-clock time 0.218588 : 
On rank: 0 There are 96 slivers...
     Elapsed wall-clock time 0.208770 : 
On rank: 0 There are 72 slivers...
     Elapsed wall-clock time 0.204335 : 
On rank: 0 There are 61 slivers...
     Elapsed wall-clock time 0.205768 : 
On rank: 0 There are 52 slivers...
     Elapsed wall-clock time 0.202336 : 
On rank: 0 There are 32 slivers...
     Elapsed wall-clock time 0.201555 : 
On rank: 0 There are 31 slivers...
     Elapsed wall-clock time 0.197183 : 
On rank: 0 There are 34 slivers...
     Elapsed wall-clock time 0.200629 : 
On rank: 0 There are 28 slivers...
     Elapsed wall-clock time 0.197310 : 
On rank: 0 There are 26 slivers...
     Elapsed wall-clock time 0.200606 : 
On rank: 0 There are 13 slivers...
     Elapsed wall-clock time 0.197114 : 
On rank: 0 There are 12 slivers...
     Elapsed wall-clock time 0.199528 : 
On rank: 0 There are 11 slivers...
     Elapsed wall-clock time 0.196543 : 
On rank: 0 There are 15 slivers...
     Elapsed wall-clock time 0.198585 : 
On rank: 0 There are 10 slivers...
     Elapsed wall-clock time 0.195644 : 
On rank: 0 There are 15 slivers...
     Elapsed wall-clock time 0.198442 : 
On rank: 0 There are 10 slivers...
     Elapsed wall-clock time 0.196547 : 
On rank: 0 There are 13 slivers...
     Elapsed wall-clock time 0.197515 : 
On rank: 0 There are 8 slivers...
     Elapsed wall-clock time 0.195699 : 
On rank: 0 There are 3 slivers...
     Elapsed wall-clock time 0.198362 : 
On rank: 0 There are 3 slivers...
     Elapsed wall-clock time 0.196664 : 
On rank: 0 There are 4 slivers...
     Elapsed wall-clock time 0.198191 : 
On rank: 0 There are 6 slivers...
     Elapsed wall-clock time 0.195837 : 
On rank: 0 There are 7 slivers...
     Elapsed wall-clock time 0.198871 : 
On rank: 0 There are 6 slivers...
     Elapsed wall-clock time 0.197267 : 
On rank: 0 There are 2 slivers...
     Elapsed wall-clock time 0.199060 : 
On rank: 0 There are 3 slivers...
     Elapsed wall-clock time 0.196488 : 
On rank: 0 There are 4 slivers...
     Elapsed wall-clock time 0.199456 : 
On rank: 0 There are 3 slivers...
     Elapsed wall-clock time 0.196291 : 
On rank: 0 There are 1 slivers...
     Elapsed wall-clock time 0.199611 : 
On rank: 0 There are 1 slivers...
     Elapsed wall-clock time 0.198049 : 
On rank: 0 There are 0 slivers...
Termination reached in 32 iterations...no slivers detected!
Will attempt 100 iterations to bound the dihedral angles...
Enforcing a min. dihedral bound of: 8.0 degrees...
Enforcing a max. dihedral bound of: 180.0 degrees...
Commencing sliver removal with 39185 vertices on rank 0.
On rank: 0 There are 172 slivers...
     Elapsed wall-clock time 0.143199 : 
On rank: 0 There are 106 slivers...
     Elapsed wall-clock time 0.204149 : 
On rank: 0 There are 89 slivers...
     Elapsed wall-clock time 0.205740 : 
On rank: 0 There are 73 slivers...
     Elapsed wall-clock time 0.200154 : 
On rank: 0 There are 60 slivers...
     Elapsed wall-clock time 0.199784 : 
On rank: 0 There are 44 slivers...
     Elapsed wall-clock time 0.199864 : 
On rank: 0 There are 43 slivers...
     Elapsed wall-clock time 0.197404 : 
On rank: 0 There are 45 slivers...
     Elapsed wall-clock time 0.197310 : 
On rank: 0 There are 50 slivers...
     Elapsed wall-clock time 0.201923 : 
On rank: 0 There are 43 slivers...
     Elapsed wall-clock time 0.198232 : 
On rank: 0 There are 38 slivers...
     Elapsed wall-clock time 0.199574 : 
On rank: 0 There are 44 slivers...
     Elapsed wall-clock time 0.199149 : 
On rank: 0 There are 35 slivers...
     Elapsed wall-clock time 0.197284 : 
On rank: 0 There are 19 slivers...
     Elapsed wall-clock time 0.197907 : 
On rank: 0 There are 23 slivers...
     Elapsed wall-clock time 0.196320 : 
On rank: 0 There are 25 slivers...
     Elapsed wall-clock time 0.196337 : 
On rank: 0 There are 15 slivers...
     Elapsed wall-clock time 0.196378 : 
On rank: 0 There are 29 slivers...
     Elapsed wall-clock time 0.197356 : 
On rank: 0 There are 25 slivers...
     Elapsed wall-clock time 0.197074 : 
On rank: 0 There are 11 slivers...
     Elapsed wall-clock time 0.196641 : 
On rank: 0 There are 10 slivers...
     Elapsed wall-clock time 0.196260 : 
On rank: 0 There are 16 slivers...
     Elapsed wall-clock time 0.195662 : 
On rank: 0 There are 11 slivers...
     Elapsed wall-clock time 0.195880 : 
On rank: 0 There are 12 slivers...
     Elapsed wall-clock time 0.197415 : 
On rank: 0 There are 11 slivers...
     Elapsed wall-clock time 0.196313 : 
On rank: 0 There are 6 slivers...
     Elapsed wall-clock time 0.195550 : 
On rank: 0 There are 7 slivers...
     Elapsed wall-clock time 0.195435 : 
On rank: 0 There are 4 slivers...
     Elapsed wall-clock time 0.196758 : 
On rank: 0 There are 9 slivers...
     Elapsed wall-clock time 0.195472 : 
On rank: 0 There are 7 slivers...
     Elapsed wall-clock time 0.196842 : 
On rank: 0 There are 9 slivers...
     Elapsed wall-clock time 0.195510 : 
On rank: 0 There are 5 slivers...
     Elapsed wall-clock time 0.195824 : 
On rank: 0 There are 2 slivers...
     Elapsed wall-clock time 0.195182 : 
On rank: 0 There are 2 slivers...
     Elapsed wall-clock time 0.195213 : 
On rank: 0 There are 4 slivers...
     Elapsed wall-clock time 0.195198 : 
On rank: 0 There are 3 slivers...
     Elapsed wall-clock time 0.196664 : 
On rank: 0 There are 1 slivers...
     Elapsed wall-clock time 0.195354 : 
On rank: 0 There are 1 slivers...
     Elapsed wall-clock time 0.196758 : 
On rank: 0 There are 1 slivers...
     Elapsed wall-clock time 0.195200 : 
On rank: 0 There are 1 slivers...
     Elapsed wall-clock time 0.196795 : 
On rank: 0 There are 2 slivers...
     Elapsed wall-clock time 0.195552 : 
On rank: 0 There are 2 slivers...
     Elapsed wall-clock time 0.196889 : 
On rank: 0 There are 4 slivers...
     Elapsed wall-clock time 0.195339 : 
On rank: 0 There are 3 slivers...
     Elapsed wall-clock time 0.197090 : 
On rank: 0 There are 6 slivers...
     Elapsed wall-clock time 0.195146 : 
On rank: 0 There are 2 slivers...
     Elapsed wall-clock time 0.196615 : 
On rank: 0 There are 4 slivers...
     Elapsed wall-clock time 0.195447 : 
On rank: 0 There are 2 slivers...
     Elapsed wall-clock time 0.194692 : 
On rank: 0 There are 0 slivers...
Termination reached in 48 iterations...no slivers detected!
Will attempt 100 iterations to bound the dihedral angles...
Enforcing a min. dihedral bound of: 9.0 degrees...
Enforcing a max. dihedral bound of: 180.0 degrees...
Commencing sliver removal with 39171 vertices on rank 0.
On rank: 0 There are 243 slivers...
     Elapsed wall-clock time 0.144790 : 
On rank: 0 There are 165 slivers...
     Elapsed wall-clock time 0.215196 : 
On rank: 0 There are 131 slivers...
     Elapsed wall-clock time 0.206443 : 
On rank: 0 There are 106 slivers...
     Elapsed wall-clock time 0.203410 : 
On rank: 0 There are 87 slivers...
     Elapsed wall-clock time 0.201328 : 
On rank: 0 There are 84 slivers...
     Elapsed wall-clock time 0.201356 : 
On rank: 0 There are 67 slivers...
     Elapsed wall-clock time 0.199100 : 
On rank: 0 There are 48 slivers...
     Elapsed wall-clock time 0.200966 : 
On rank: 0 There are 51 slivers...
     Elapsed wall-clock time 0.197635 : 
On rank: 0 There are 43 slivers...
     Elapsed wall-clock time 0.196793 : 
On rank: 0 There are 58 slivers...
     Elapsed wall-clock time 0.198300 : 
On rank: 0 There are 55 slivers...
     Elapsed wall-clock time 0.198264 : 
On rank: 0 There are 54 slivers...
     Elapsed wall-clock time 0.198025 : 
On rank: 0 There are 46 slivers...
     Elapsed wall-clock time 0.198463 : 
On rank: 0 There are 38 slivers...
     Elapsed wall-clock time 0.197162 : 
On rank: 0 There are 33 slivers...
     Elapsed wall-clock time 0.197987 : 
On rank: 0 There are 42 slivers...
     Elapsed wall-clock time 0.196482 : 
On rank: 0 There are 34 slivers...
     Elapsed wall-clock time 0.198542 : 
On rank: 0 There are 35 slivers...
     Elapsed wall-clock time 0.196578 : 
On rank: 0 There are 25 slivers...
     Elapsed wall-clock time 0.196615 : 
On rank: 0 There are 28 slivers...
     Elapsed wall-clock time 0.196666 : 
On rank: 0 There are 27 slivers...
     Elapsed wall-clock time 0.197385 : 
On rank: 0 There are 25 slivers...
     Elapsed wall-clock time 0.196779 : 
On rank: 0 There are 28 slivers...
     Elapsed wall-clock time 0.196387 : 
On rank: 0 There are 35 slivers...
     Elapsed wall-clock time 0.197212 : 
On rank: 0 There are 27 slivers...
     Elapsed wall-clock time 0.196806 : 
On rank: 0 There are 24 slivers...
     Elapsed wall-clock time 0.197383 : 
On rank: 0 There are 16 slivers...
     Elapsed wall-clock time 0.196351 : 
On rank: 0 There are 29 slivers...
     Elapsed wall-clock time 0.196428 : 
On rank: 0 There are 20 slivers...
     Elapsed wall-clock time 0.198238 : 
On rank: 0 There are 23 slivers...
     Elapsed wall-clock time 0.196238 : 
On rank: 0 There are 18 slivers...
     Elapsed wall-clock time 0.197578 : 
On rank: 0 There are 13 slivers...
     Elapsed wall-clock time 0.196455 : 
On rank: 0 There are 19 slivers...
     Elapsed wall-clock time 0.196384 : 
On rank: 0 There are 13 slivers...
     Elapsed wall-clock time 0.196295 : 
On rank: 0 There are 12 slivers...
     Elapsed wall-clock time 0.198445 : 
On rank: 0 There are 13 slivers...
     Elapsed wall-clock time 0.196018 : 
On rank: 0 There are 17 slivers...
     Elapsed wall-clock time 0.197991 : 
On rank: 0 There are 13 slivers...
     Elapsed wall-clock time 0.196239 : 
On rank: 0 There are 7 slivers...
     Elapsed wall-clock time 0.197811 : 
On rank: 0 There are 8 slivers...
     Elapsed wall-clock time 0.195844 : 
On rank: 0 There are 6 slivers...
     Elapsed wall-clock time 0.197553 : 
On rank: 0 There are 8 slivers...
     Elapsed wall-clock time 0.195556 : 
On rank: 0 There are 10 slivers...
     Elapsed wall-clock time 0.195600 : 
On rank: 0 There are 4 slivers...
     Elapsed wall-clock time 0.195902 : 
On rank: 0 There are 9 slivers...
     Elapsed wall-clock time 0.197153 : 
On rank: 0 There are 7 slivers...
     Elapsed wall-clock time 0.196042 : 
On rank: 0 There are 4 slivers...
     Elapsed wall-clock time 0.197446 : 
On rank: 0 There are 7 slivers...
     Elapsed wall-clock time 0.195584 : 
On rank: 0 There are 6 slivers...
     Elapsed wall-clock time 0.197366 : 
On rank: 0 There are 3 slivers...
     Elapsed wall-clock time 0.196183 : 
On rank: 0 There are 2 slivers...
     Elapsed wall-clock time 0.196957 : 
On rank: 0 There are 1 slivers...
     Elapsed wall-clock time 0.195790 : 
On rank: 0 There are 1 slivers...
     Elapsed wall-clock time 0.195364 : 
On rank: 0 There are 2 slivers...
     Elapsed wall-clock time 0.195781 : 
On rank: 0 There are 7 slivers...
     Elapsed wall-clock time 0.196153 : 
On rank: 0 There are 10 slivers...
     Elapsed wall-clock time 0.196154 : 
On rank: 0 There are 4 slivers...
     Elapsed wall-clock time 0.196774 : 
On rank: 0 There are 6 slivers...
     Elapsed wall-clock time 0.195621 : 
On rank: 0 There are 5 slivers...
     Elapsed wall-clock time 0.195523 : 
On rank: 0 There are 4 slivers...
     Elapsed wall-clock time 0.195511 : 
On rank: 0 There are 5 slivers...
     Elapsed wall-clock time 0.197360 : 
On rank: 0 There are 6 slivers...
     Elapsed wall-clock time 0.196057 : 
On rank: 0 There are 3 slivers...
     Elapsed wall-clock time 0.195838 : 
On rank: 0 There are 2 slivers...
     Elapsed wall-clock time 0.195649 : 
On rank: 0 There are 2 slivers...
     Elapsed wall-clock time 0.195918 : 
On rank: 0 There are 2 slivers...
     Elapsed wall-clock time 0.195790 : 
On rank: 0 There are 2 slivers...
     Elapsed wall-clock time 0.195528 : 
On rank: 0 There are 4 slivers...
     Elapsed wall-clock time 0.195696 : 
On rank: 0 There are 5 slivers...
     Elapsed wall-clock time 0.197497 : 
On rank: 0 There are 2 slivers...
     Elapsed wall-clock time 0.195711 : 
On rank: 0 There are 2 slivers...
     Elapsed wall-clock time 0.197544 : 
On rank: 0 There are 2 slivers...
     Elapsed wall-clock time 0.195573 : 
On rank: 0 There are 1 slivers...
     Elapsed wall-clock time 0.195978 : 
On rank: 0 There are 0 slivers...
Termination reached in 74 iterations...no slivers detected!
Will attempt 100 iterations to bound the dihedral angles...
Enforcing a min. dihedral bound of: 9.3 degrees...
Enforcing a max. dihedral bound of: 180.0 degrees...
Commencing sliver removal with 39158 vertices on rank 0.
On rank: 0 There are 78 slivers...
     Elapsed wall-clock time 0.145025 : 
On rank: 0 There are 57 slivers...
     Elapsed wall-clock time 0.205997 : 
On rank: 0 There are 52 slivers...
     Elapsed wall-clock time 0.206067 : 
On rank: 0 There are 37 slivers...
     Elapsed wall-clock time 0.200515 : 
On rank: 0 There are 42 slivers...
     Elapsed wall-clock time 0.204417 : 
On rank: 0 There are 28 slivers...
     Elapsed wall-clock time 0.200186 : 
On rank: 0 There are 32 slivers...
     Elapsed wall-clock time 0.203408 : 
On rank: 0 There are 25 slivers...
     Elapsed wall-clock time 0.199739 : 
On rank: 0 There are 28 slivers...
     Elapsed wall-clock time 0.203589 : 
On rank: 0 There are 24 slivers...
     Elapsed wall-clock time 0.199560 : 
On rank: 0 There are 20 slivers...
     Elapsed wall-clock time 0.202938 : 
On rank: 0 There are 21 slivers...
     Elapsed wall-clock time 0.199130 : 
On rank: 0 There are 31 slivers...
     Elapsed wall-clock time 0.198289 : 
On rank: 0 There are 18 slivers...
     Elapsed wall-clock time 0.196627 : 
On rank: 0 There are 22 slivers...
     Elapsed wall-clock time 0.198284 : 
On rank: 0 There are 18 slivers...
     Elapsed wall-clock time 0.194596 : 
On rank: 0 There are 18 slivers...
     Elapsed wall-clock time 0.198056 : 
On rank: 0 There are 21 slivers...
     Elapsed wall-clock time 0.194958 : 
On rank: 0 There are 14 slivers...
     Elapsed wall-clock time 0.198610 : 
On rank: 0 There are 11 slivers...
     Elapsed wall-clock time 0.194363 : 
On rank: 0 There are 5 slivers...
     Elapsed wall-clock time 0.197701 : 
On rank: 0 There are 6 slivers...
     Elapsed wall-clock time 0.195916 : 
On rank: 0 There are 4 slivers...
     Elapsed wall-clock time 0.197289 : 
On rank: 0 There are 6 slivers...
     Elapsed wall-clock time 0.194029 : 
On rank: 0 There are 4 slivers...
     Elapsed wall-clock time 0.197720 : 
On rank: 0 There are 4 slivers...
     Elapsed wall-clock time 0.194422 : 
On rank: 0 There are 11 slivers...
     Elapsed wall-clock time 0.198011 : 
On rank: 0 There are 11 slivers...
     Elapsed wall-clock time 0.194914 : 
On rank: 0 There are 7 slivers...
     Elapsed wall-clock time 0.198302 : 
On rank: 0 There are 7 slivers...
     Elapsed wall-clock time 0.194607 : 
On rank: 0 There are 8 slivers...
     Elapsed wall-clock time 0.198123 : 
On rank: 0 There are 3 slivers...
     Elapsed wall-clock time 0.194388 : 
On rank: 0 There are 2 slivers...
     Elapsed wall-clock time 0.198108 : 
On rank: 0 There are 3 slivers...
     Elapsed wall-clock time 0.195768 : 
On rank: 0 There are 4 slivers...
     Elapsed wall-clock time 0.197967 : 
On rank: 0 There are 2 slivers...
     Elapsed wall-clock time 0.194428 : 
On rank: 0 There are 4 slivers...
     Elapsed wall-clock time 0.197816 : 
On rank: 0 There are 4 slivers...
     Elapsed wall-clock time 0.195767 : 
On rank: 0 There are 5 slivers...
     Elapsed wall-clock time 0.198012 : 
On rank: 0 There are 7 slivers...
     Elapsed wall-clock time 0.195987 : 
On rank: 0 There are 5 slivers...
     Elapsed wall-clock time 0.197905 : 
On rank: 0 There are 1 slivers...
     Elapsed wall-clock time 0.195666 : 
On rank: 0 There are 0 slivers...
Termination reached in 42 iterations...no slivers detected!
Will attempt 100 iterations to bound the dihedral angles...
Enforcing a min. dihedral bound of: 9.7 degrees...
Enforcing a max. dihedral bound of: 180.0 degrees...
Commencing sliver removal with 39148 vertices on rank 0.
On rank: 0 There are 74 slivers...
     Elapsed wall-clock time 0.143049 : 
On rank: 0 There are 57 slivers...
     Elapsed wall-clock time 0.199914 : 
On rank: 0 There are 34 slivers...
     Elapsed wall-clock time 0.197307 : 
On rank: 0 There are 24 slivers...
     Elapsed wall-clock time 0.197905 : 
On rank: 0 There are 17 slivers...
     Elapsed wall-clock time 0.196437 : 
On rank: 0 There are 20 slivers...
     Elapsed wall-clock time 0.194899 : 
On rank: 0 There are 24 slivers...
     Elapsed wall-clock time 0.196208 : 
On rank: 0 There are 25 slivers...
     Elapsed wall-clock time 0.199278 : 
On rank: 0 There are 16 slivers...
     Elapsed wall-clock time 0.198031 : 
On rank: 0 There are 20 slivers...
     Elapsed wall-clock time 0.196544 : 
On rank: 0 There are 23 slivers...
     Elapsed wall-clock time 0.196516 : 
On rank: 0 There are 13 slivers...
     Elapsed wall-clock time 0.195097 : 
On rank: 0 There are 14 slivers...
     Elapsed wall-clock time 0.196589 : 
On rank: 0 There are 15 slivers...
     Elapsed wall-clock time 0.195245 : 
On rank: 0 There are 12 slivers...
     Elapsed wall-clock time 0.196308 : 
On rank: 0 There are 10 slivers...
     Elapsed wall-clock time 0.194554 : 
On rank: 0 There are 12 slivers...
     Elapsed wall-clock time 0.195080 : 
On rank: 0 There are 8 slivers...
     Elapsed wall-clock time 0.194296 : 
On rank: 0 There are 4 slivers...
     Elapsed wall-clock time 0.196039 : 
On rank: 0 There are 5 slivers...
     Elapsed wall-clock time 0.195413 : 
On rank: 0 There are 3 slivers...
     Elapsed wall-clock time 0.195160 : 
On rank: 0 There are 2 slivers...
     Elapsed wall-clock time 0.196111 : 
On rank: 0 There are 1 slivers...
     Elapsed wall-clock time 0.195726 : 
On rank: 0 There are 1 slivers...
     Elapsed wall-clock time 0.196483 : 
On rank: 0 There are 1 slivers...
     Elapsed wall-clock time 0.195572 : 
On rank: 0 There are 1 slivers...
     Elapsed wall-clock time 0.195734 : 
On rank: 0 There are 1 slivers...
     Elapsed wall-clock time 0.195502 : 
On rank: 0 There are 1 slivers...
     Elapsed wall-clock time 0.195668 : 
On rank: 0 There are 2 slivers...
     Elapsed wall-clock time 0.200352 : 
On rank: 0 There are 0 slivers...
Termination reached in 29 iterations...no slivers detected!
Will attempt 100 iterations to bound the dihedral angles...
Enforcing a min. dihedral bound of: 10.0 degrees...
Enforcing a max. dihedral bound of: 180.0 degrees...
Commencing sliver removal with 39139 vertices on rank 0.
On rank: 0 There are 75 slivers...
     Elapsed wall-clock time 0.144712 : 
On rank: 0 There are 68 slivers...
     Elapsed wall-clock time 0.201202 : 
On rank: 0 There are 48 slivers...
     Elapsed wall-clock time 0.201536 : 
On rank: 0 There are 48 slivers...
     Elapsed wall-clock time 0.201054 : 
On rank: 0 There are 49 slivers...
     Elapsed wall-clock time 0.201967 : 
On rank: 0 There are 54 slivers...
     Elapsed wall-clock time 0.199842 : 
On rank: 0 There are 54 slivers...
     Elapsed wall-clock time 0.201207 : 
On rank: 0 There are 52 slivers...
     Elapsed wall-clock time 0.197377 : 
On rank: 0 There are 61 slivers...
     Elapsed wall-clock time 0.201291 : 
On rank: 0 There are 62 slivers...
     Elapsed wall-clock time 0.202469 : 
On rank: 0 There are 38 slivers...
     Elapsed wall-clock time 0.199347 : 
On rank: 0 There are 46 slivers...
     Elapsed wall-clock time 0.198344 : 
On rank: 0 There are 46 slivers...
     Elapsed wall-clock time 0.201479 : 
On rank: 0 There are 39 slivers...
     Elapsed wall-clock time 0.199384 : 
On rank: 0 There are 37 slivers...
     Elapsed wall-clock time 0.199751 : 
On rank: 0 There are 19 slivers...
     Elapsed wall-clock time 0.202107 : 
On rank: 0 There are 16 slivers...
     Elapsed wall-clock time 0.198395 : 
On rank: 0 There are 23 slivers...
     Elapsed wall-clock time 0.198198 : 
On rank: 0 There are 20 slivers...
     Elapsed wall-clock time 0.199458 : 
On rank: 0 There are 25 slivers...
     Elapsed wall-clock time 0.197077 : 
On rank: 0 There are 24 slivers...
     Elapsed wall-clock time 0.199280 : 
On rank: 0 There are 12 slivers...
     Elapsed wall-clock time 0.200645 : 
On rank: 0 There are 12 slivers...
     Elapsed wall-clock time 0.198191 : 
On rank: 0 There are 14 slivers...
     Elapsed wall-clock time 0.195886 : 
On rank: 0 There are 18 slivers...
     Elapsed wall-clock time 0.198935 : 
On rank: 0 There are 7 slivers...
     Elapsed wall-clock time 0.194828 : 
On rank: 0 There are 7 slivers...
     Elapsed wall-clock time 0.198287 : 
On rank: 0 There are 7 slivers...
     Elapsed wall-clock time 0.200169 : 
On rank: 0 There are 8 slivers...
     Elapsed wall-clock time 0.198181 : 
On rank: 0 There are 5 slivers...
     Elapsed wall-clock time 0.197986 : 
On rank: 0 There are 7 slivers...
     Elapsed wall-clock time 0.198835 : 
On rank: 0 There are 1 slivers...
     Elapsed wall-clock time 0.195569 : 
On rank: 0 There are 1 slivers...
     Elapsed wall-clock time 0.198071 : 
On rank: 0 There are 2 slivers...
     Elapsed wall-clock time 0.199726 : 
On rank: 0 There are 1 slivers...
     Elapsed wall-clock time 0.198346 : 
On rank: 0 There are 0 slivers...
Termination reached in 35 iterations...no slivers detected!
Minimum dihedral angle is 10.002992647816916
Will attempt 100 iterations to bound the dihedral angles...
Enforcing a min. dihedral bound of: 10.300000000000002 degrees...
Enforcing a max. dihedral bound of: 180.0 degrees...
Commencing sliver removal with 39132 vertices on rank 0.
On rank: 0 There are 65 slivers...
     Elapsed wall-clock time 0.147766 : 
On rank: 0 There are 42 slivers...
     Elapsed wall-clock time 0.203088 : 
On rank: 0 There are 41 slivers...
     Elapsed wall-clock time 0.201901 : 
On rank: 0 There are 26 slivers...
     Elapsed wall-clock time 0.198542 : 
On rank: 0 There are 17 slivers...
     Elapsed wall-clock time 0.198431 : 
On rank: 0 There are 9 slivers...
     Elapsed wall-clock time 0.198308 : 
On rank: 0 There are 8 slivers...
     Elapsed wall-clock time 0.196497 : 
On rank: 0 There are 5 slivers...
     Elapsed wall-clock time 0.198244 : 
On rank: 0 There are 6 slivers...
     Elapsed wall-clock time 0.197382 : 
On rank: 0 There are 7 slivers...
     Elapsed wall-clock time 0.197152 : 
On rank: 0 There are 8 slivers...
     Elapsed wall-clock time 0.197610 : 
On rank: 0 There are 4 slivers...
     Elapsed wall-clock time 0.197459 : 
On rank: 0 There are 2 slivers...
     Elapsed wall-clock time 0.196329 : 
On rank: 0 There are 4 slivers...
     Elapsed wall-clock time 0.196492 : 
On rank: 0 There are 3 slivers...
     Elapsed wall-clock time 0.197608 : 
On rank: 0 There are 4 slivers...
     Elapsed wall-clock time 0.197780 : 
On rank: 0 There are 6 slivers...
     Elapsed wall-clock time 0.197027 : 
On rank: 0 There are 6 slivers...
     Elapsed wall-clock time 0.196756 : 
On rank: 0 There are 5 slivers...
     Elapsed wall-clock time 0.198604 : 
On rank: 0 There are 11 slivers...
     Elapsed wall-clock time 0.197650 : 
On rank: 0 There are 10 slivers...
     Elapsed wall-clock time 0.197482 : 
On rank: 0 There are 9 slivers...
     Elapsed wall-clock time 0.198737 : 
On rank: 0 There are 10 slivers...
     Elapsed wall-clock time 0.198153 : 
On rank: 0 There are 7 slivers...
     Elapsed wall-clock time 0.197938 : 
On rank: 0 There are 12 slivers...
     Elapsed wall-clock time 0.198462 : 
On rank: 0 There are 7 slivers...
     Elapsed wall-clock time 0.197687 : 
On rank: 0 There are 6 slivers...
     Elapsed wall-clock time 0.196577 : 
On rank: 0 There are 8 slivers...
     Elapsed wall-clock time 0.197624 : 
On rank: 0 There are 4 slivers...
     Elapsed wall-clock time 0.197376 : 
On rank: 0 There are 2 slivers...
     Elapsed wall-clock time 0.196301 : 
On rank: 0 There are 2 slivers...
     Elapsed wall-clock time 0.197441 : 
On rank: 0 There are 3 slivers...
     Elapsed wall-clock time 0.197644 : 
On rank: 0 There are 2 slivers...
     Elapsed wall-clock time 0.196728 : 
On rank: 0 There are 2 slivers...
     Elapsed wall-clock time 0.197580 : 
On rank: 0 There are 5 slivers...
     Elapsed wall-clock time 0.197924 : 
On rank: 0 There are 2 slivers...
     Elapsed wall-clock time 0.197345 : 
On rank: 0 There are 3 slivers...
     Elapsed wall-clock time 0.197932 : 
On rank: 0 There are 0 slivers...
Termination reached in 37 iterations...no slivers detected!
Will attempt 100 iterations to bound the dihedral angles...
Enforcing a min. dihedral bound of: 10.5 degrees...
Enforcing a max. dihedral bound of: 180.0 degrees...
Commencing sliver removal with 39125 vertices on rank 0.
On rank: 0 There are 57 slivers...
     Elapsed wall-clock time 0.143823 : 
On rank: 0 There are 40 slivers...
     Elapsed wall-clock time 0.202618 : 
On rank: 0 There are 41 slivers...
     Elapsed wall-clock time 0.202725 : 
On rank: 0 There are 30 slivers...
     Elapsed wall-clock time 0.201901 : 
On rank: 0 There are 29 slivers...
     Elapsed wall-clock time 0.200076 : 
On rank: 0 There are 29 slivers...
     Elapsed wall-clock time 0.201093 : 
On rank: 0 There are 18 slivers...
     Elapsed wall-clock time 0.199012 : 
On rank: 0 There are 8 slivers...
     Elapsed wall-clock time 0.200253 : 
On rank: 0 There are 8 slivers...
     Elapsed wall-clock time 0.199303 : 
On rank: 0 There are 3 slivers...
     Elapsed wall-clock time 0.202167 : 
On rank: 0 There are 5 slivers...
     Elapsed wall-clock time 0.199394 : 
On rank: 0 There are 2 slivers...
     Elapsed wall-clock time 0.196656 : 
On rank: 0 There are 6 slivers...
     Elapsed wall-clock time 0.198584 : 
On rank: 0 There are 7 slivers...
     Elapsed wall-clock time 0.198247 : 
On rank: 0 There are 14 slivers...
     Elapsed wall-clock time 0.201804 : 
On rank: 0 There are 19 slivers...
     Elapsed wall-clock time 0.199432 : 
On rank: 0 There are 12 slivers...
     Elapsed wall-clock time 0.202292 : 
On rank: 0 There are 20 slivers...
     Elapsed wall-clock time 0.198632 : 
On rank: 0 There are 13 slivers...
     Elapsed wall-clock time 0.201907 : 
On rank: 0 There are 11 slivers...
     Elapsed wall-clock time 0.199325 : 
On rank: 0 There are 13 slivers...
     Elapsed wall-clock time 0.201771 : 
On rank: 0 There are 11 slivers...
     Elapsed wall-clock time 0.198837 : 
On rank: 0 There are 10 slivers...
     Elapsed wall-clock time 0.202391 : 
On rank: 0 There are 9 slivers...
     Elapsed wall-clock time 0.198201 : 
On rank: 0 There are 10 slivers...
     Elapsed wall-clock time 0.201265 : 
On rank: 0 There are 4 slivers...
     Elapsed wall-clock time 0.199175 : 
On rank: 0 There are 3 slivers...
     Elapsed wall-clock time 0.201216 : 
On rank: 0 There are 4 slivers...
     Elapsed wall-clock time 0.197650 : 
On rank: 0 There are 6 slivers...
     Elapsed wall-clock time 0.200861 : 
On rank: 0 There are 5 slivers...
     Elapsed wall-clock time 0.197800 : 
On rank: 0 There are 4 slivers...
     Elapsed wall-clock time 0.201421 : 
On rank: 0 There are 3 slivers...
     Elapsed wall-clock time 0.198514 : 
On rank: 0 There are 4 slivers...
     Elapsed wall-clock time 0.201583 : 
On rank: 0 There are 2 slivers...
     Elapsed wall-clock time 0.198558 : 
On rank: 0 There are 6 slivers...
     Elapsed wall-clock time 0.201436 : 
On rank: 0 There are 4 slivers...
     Elapsed wall-clock time 0.198673 : 
On rank: 0 There are 5 slivers...
     Elapsed wall-clock time 0.202068 : 
On rank: 0 There are 5 slivers...
     Elapsed wall-clock time 0.198673 : 
On rank: 0 There are 3 slivers...
     Elapsed wall-clock time 0.201705 : 
On rank: 0 There are 2 slivers...
     Elapsed wall-clock time 0.198523 : 
On rank: 0 There are 7 slivers...
     Elapsed wall-clock time 0.202116 : 
On rank: 0 There are 6 slivers...
     Elapsed wall-clock time 0.198887 : 
On rank: 0 There are 6 slivers...
     Elapsed wall-clock time 0.201694 : 
On rank: 0 There are 9 slivers...
     Elapsed wall-clock time 0.198269 : 
On rank: 0 There are 12 slivers...
     Elapsed wall-clock time 0.202052 : 
On rank: 0 There are 11 slivers...
     Elapsed wall-clock time 0.198881 : 
On rank: 0 There are 8 slivers...
     Elapsed wall-clock time 0.201857 : 
On rank: 0 There are 8 slivers...
     Elapsed wall-clock time 0.198668 : 
On rank: 0 There are 4 slivers...
     Elapsed wall-clock time 0.201586 : 
On rank: 0 There are 1 slivers...
     Elapsed wall-clock time 0.198608 : 
On rank: 0 There are 1 slivers...
     Elapsed wall-clock time 0.202659 : 
On rank: 0 There are 0 slivers...
Termination reached in 51 iterations...no slivers detected!
Will attempt 100 iterations to bound the dihedral angles...
Enforcing a min. dihedral bound of: 10.7 degrees...
Enforcing a max. dihedral bound of: 180.0 degrees...
Commencing sliver removal with 39120 vertices on rank 0.
On rank: 0 There are 50 slivers...
     Elapsed wall-clock time 0.143919 : 
On rank: 0 There are 44 slivers...
     Elapsed wall-clock time 0.199308 : 
On rank: 0 There are 34 slivers...
     Elapsed wall-clock time 0.201652 : 
On rank: 0 There are 28 slivers...
     Elapsed wall-clock time 0.199956 : 
On rank: 0 There are 26 slivers...
     Elapsed wall-clock time 0.200964 : 
On rank: 0 There are 24 slivers...
     Elapsed wall-clock time 0.199092 : 
On rank: 0 There are 21 slivers...
     Elapsed wall-clock time 0.199795 : 
On rank: 0 There are 24 slivers...
     Elapsed wall-clock time 0.198721 : 
On rank: 0 There are 21 slivers...
     Elapsed wall-clock time 0.196338 : 
On rank: 0 There are 22 slivers...
     Elapsed wall-clock time 0.198910 : 
On rank: 0 There are 14 slivers...
     Elapsed wall-clock time 0.199809 : 
On rank: 0 There are 15 slivers...
     Elapsed wall-clock time 0.196071 : 
On rank: 0 There are 21 slivers...
     Elapsed wall-clock time 0.198651 : 
On rank: 0 There are 27 slivers...
     Elapsed wall-clock time 0.199931 : 
On rank: 0 There are 20 slivers...
     Elapsed wall-clock time 0.196471 : 
On rank: 0 There are 14 slivers...
     Elapsed wall-clock time 0.203384 : 
On rank: 0 There are 13 slivers...
     Elapsed wall-clock time 0.204761 : 
On rank: 0 There are 18 slivers...
     Elapsed wall-clock time 0.197268 : 
On rank: 0 There are 14 slivers...
     Elapsed wall-clock time 0.199520 : 
On rank: 0 There are 14 slivers...
     Elapsed wall-clock time 0.200248 : 
On rank: 0 There are 14 slivers...
     Elapsed wall-clock time 0.196494 : 
On rank: 0 There are 18 slivers...
     Elapsed wall-clock time 0.199081 : 
On rank: 0 There are 17 slivers...
     Elapsed wall-clock time 0.198149 : 
On rank: 0 There are 18 slivers...
     Elapsed wall-clock time 0.198254 : 
On rank: 0 There are 20 slivers...
     Elapsed wall-clock time 0.198838 : 
On rank: 0 There are 15 slivers...
     Elapsed wall-clock time 0.198340 : 
On rank: 0 There are 23 slivers...
     Elapsed wall-clock time 0.198224 : 
On rank: 0 There are 25 slivers...
     Elapsed wall-clock time 0.198982 : 
On rank: 0 There are 27 slivers...
     Elapsed wall-clock time 0.198666 : 
On rank: 0 There are 28 slivers...
     Elapsed wall-clock time 0.199404 : 
On rank: 0 There are 25 slivers...
     Elapsed wall-clock time 0.198974 : 
On rank: 0 There are 32 slivers...
     Elapsed wall-clock time 0.198880 : 
On rank: 0 There are 25 slivers...
     Elapsed wall-clock time 0.197037 : 
On rank: 0 There are 37 slivers...
     Elapsed wall-clock time 0.199375 : 
On rank: 0 There are 35 slivers...
     Elapsed wall-clock time 0.200693 : 
On rank: 0 There are 28 slivers...
     Elapsed wall-clock time 0.198901 : 
On rank: 0 There are 23 slivers...
     Elapsed wall-clock time 0.199689 : 
On rank: 0 There are 12 slivers...
     Elapsed wall-clock time 0.198759 : 
On rank: 0 There are 16 slivers...
     Elapsed wall-clock time 0.196417 : 
On rank: 0 There are 13 slivers...
     Elapsed wall-clock time 0.199425 : 
On rank: 0 There are 10 slivers...
     Elapsed wall-clock time 0.198786 : 
On rank: 0 There are 19 slivers...
     Elapsed wall-clock time 0.196351 : 
On rank: 0 There are 8 slivers...
     Elapsed wall-clock time 0.199319 : 
On rank: 0 There are 8 slivers...
     Elapsed wall-clock time 0.197793 : 
On rank: 0 There are 7 slivers...
     Elapsed wall-clock time 0.196316 : 
On rank: 0 There are 8 slivers...
     Elapsed wall-clock time 0.199047 : 
On rank: 0 There are 13 slivers...
     Elapsed wall-clock time 0.199855 : 
On rank: 0 There are 6 slivers...
     Elapsed wall-clock time 0.198023 : 
On rank: 0 There are 3 slivers...
     Elapsed wall-clock time 0.198893 : 
On rank: 0 There are 2 slivers...
     Elapsed wall-clock time 0.199765 : 
On rank: 0 There are 4 slivers...
     Elapsed wall-clock time 0.195772 : 
On rank: 0 There are 2 slivers...
     Elapsed wall-clock time 0.198278 : 
On rank: 0 There are 7 slivers...
     Elapsed wall-clock time 0.199287 : 
On rank: 0 There are 8 slivers...
     Elapsed wall-clock time 0.196240 : 
On rank: 0 There are 3 slivers...
     Elapsed wall-clock time 0.198607 : 
On rank: 0 There are 5 slivers...
     Elapsed wall-clock time 0.197900 : 
On rank: 0 There are 4 slivers...
     Elapsed wall-clock time 0.196115 : 
On rank: 0 There are 8 slivers...
     Elapsed wall-clock time 0.198965 : 
On rank: 0 There are 5 slivers...
     Elapsed wall-clock time 0.197486 : 
On rank: 0 There are 7 slivers...
     Elapsed wall-clock time 0.195566 : 
On rank: 0 There are 8 slivers...
     Elapsed wall-clock time 0.198139 : 
On rank: 0 There are 7 slivers...
     Elapsed wall-clock time 0.199920 : 
On rank: 0 There are 4 slivers...
     Elapsed wall-clock time 0.196009 : 
On rank: 0 There are 4 slivers...
     Elapsed wall-clock time 0.198066 : 
On rank: 0 There are 6 slivers...
     Elapsed wall-clock time 0.197813 : 
On rank: 0 There are 6 slivers...
     Elapsed wall-clock time 0.196074 : 
On rank: 0 There are 8 slivers...
     Elapsed wall-clock time 0.198777 : 
On rank: 0 There are 2 slivers...
     Elapsed wall-clock time 0.198189 : 
On rank: 0 There are 5 slivers...
     Elapsed wall-clock time 0.197279 : 
On rank: 0 There are 14 slivers...
     Elapsed wall-clock time 0.198409 : 
On rank: 0 There are 7 slivers...
     Elapsed wall-clock time 0.198836 : 
On rank: 0 There are 2 slivers...
     Elapsed wall-clock time 0.196148 : 
On rank: 0 There are 1 slivers...
     Elapsed wall-clock time 0.198557 : 
On rank: 0 There are 6 slivers...
     Elapsed wall-clock time 0.199629 : 
On rank: 0 There are 5 slivers...
     Elapsed wall-clock time 0.197774 : 
On rank: 0 There are 0 slivers...
Termination reached in 75 iterations...no slivers detected!
Will attempt 100 iterations to bound the dihedral angles...
Enforcing a min. dihedral bound of: 10.8 degrees...
Enforcing a max. dihedral bound of: 180.0 degrees...
Commencing sliver removal with 39114 vertices on rank 0.
On rank: 0 There are 24 slivers...
     Elapsed wall-clock time 0.143621 : 
On rank: 0 There are 17 slivers...
     Elapsed wall-clock time 0.197862 : 
On rank: 0 There are 8 slivers...
     Elapsed wall-clock time 0.200698 : 
On rank: 0 There are 8 slivers...
     Elapsed wall-clock time 0.198456 : 
On rank: 0 There are 10 slivers...
     Elapsed wall-clock time 0.196234 : 
On rank: 0 There are 12 slivers...
     Elapsed wall-clock time 0.195294 : 
On rank: 0 There are 10 slivers...
     Elapsed wall-clock time 0.197781 : 
On rank: 0 There are 11 slivers...
     Elapsed wall-clock time 0.196686 : 
On rank: 0 There are 9 slivers...
     Elapsed wall-clock time 0.196142 : 
On rank: 0 There are 11 slivers...
     Elapsed wall-clock time 0.196866 : 
On rank: 0 There are 9 slivers...
     Elapsed wall-clock time 0.196961 : 
On rank: 0 There are 12 slivers...
     Elapsed wall-clock time 0.195254 : 
On rank: 0 There are 14 slivers...
     Elapsed wall-clock time 0.197751 : 
On rank: 0 There are 22 slivers...
     Elapsed wall-clock time 0.198109 : 
On rank: 0 There are 22 slivers...
     Elapsed wall-clock time 0.196555 : 
On rank: 0 There are 17 slivers...
     Elapsed wall-clock time 0.198790 : 
On rank: 0 There are 15 slivers...
     Elapsed wall-clock time 0.197513 : 
On rank: 0 There are 14 slivers...
     Elapsed wall-clock time 0.198310 : 
On rank: 0 There are 11 slivers...
     Elapsed wall-clock time 0.196258 : 
On rank: 0 There are 7 slivers...
     Elapsed wall-clock time 0.198433 : 
On rank: 0 There are 12 slivers...
     Elapsed wall-clock time 0.197302 : 
On rank: 0 There are 12 slivers...
     Elapsed wall-clock time 0.196240 : 
On rank: 0 There are 10 slivers...
     Elapsed wall-clock time 0.194159 : 
On rank: 0 There are 15 slivers...
     Elapsed wall-clock time 0.196820 : 
On rank: 0 There are 14 slivers...
     Elapsed wall-clock time 0.196761 : 
On rank: 0 There are 6 slivers...
     Elapsed wall-clock time 0.197724 : 
On rank: 0 There are 7 slivers...
     Elapsed wall-clock time 0.196171 : 
On rank: 0 There are 7 slivers...
     Elapsed wall-clock time 0.197326 : 
On rank: 0 There are 5 slivers...
     Elapsed wall-clock time 0.196136 : 
On rank: 0 There are 7 slivers...
     Elapsed wall-clock time 0.197398 : 
On rank: 0 There are 10 slivers...
     Elapsed wall-clock time 0.196027 : 
On rank: 0 There are 5 slivers...
     Elapsed wall-clock time 0.197622 : 
On rank: 0 There are 3 slivers...
     Elapsed wall-clock time 0.196575 : 
On rank: 0 There are 3 slivers...
     Elapsed wall-clock time 0.197222 : 
On rank: 0 There are 2 slivers...
     Elapsed wall-clock time 0.196100 : 
On rank: 0 There are 1 slivers...
     Elapsed wall-clock time 0.197126 : 
On rank: 0 There are 4 slivers...
     Elapsed wall-clock time 0.195784 : 
On rank: 0 There are 1 slivers...
     Elapsed wall-clock time 0.197157 : 
On rank: 0 There are 1 slivers...
     Elapsed wall-clock time 0.195941 : 
On rank: 0 There are 3 slivers...
     Elapsed wall-clock time 0.197278 : 
On rank: 0 There are 7 slivers...
     Elapsed wall-clock time 0.196326 : 
On rank: 0 There are 5 slivers...
     Elapsed wall-clock time 0.290943 : 
On rank: 0 There are 8 slivers...
     Elapsed wall-clock time 0.310529 : 
On rank: 0 There are 5 slivers...
     Elapsed wall-clock time 0.200842 : 
On rank: 0 There are 5 slivers...
     Elapsed wall-clock time 0.196077 : 
On rank: 0 There are 4 slivers...
     Elapsed wall-clock time 0.197139 : 
On rank: 0 There are 4 slivers...
     Elapsed wall-clock time 0.196313 : 
On rank: 0 There are 2 slivers...
     Elapsed wall-clock time 0.197360 : 
On rank: 0 There are 0 slivers...
Termination reached in 48 iterations...no slivers detected!
Will attempt 100 iterations to bound the dihedral angles...
Enforcing a min. dihedral bound of: 10.9 degrees...
Enforcing a max. dihedral bound of: 180.0 degrees...
Commencing sliver removal with 39111 vertices on rank 0.
On rank: 0 There are 33 slivers...
     Elapsed wall-clock time 0.143036 : 
On rank: 0 There are 21 slivers...
     Elapsed wall-clock time 0.198187 : 
On rank: 0 There are 16 slivers...
     Elapsed wall-clock time 0.199674 : 
On rank: 0 There are 22 slivers...
     Elapsed wall-clock time 0.199047 : 
On rank: 0 There are 20 slivers...
     Elapsed wall-clock time 0.196905 : 
On rank: 0 There are 21 slivers...
     Elapsed wall-clock time 0.198898 : 
On rank: 0 There are 20 slivers...
     Elapsed wall-clock time 0.196418 : 
On rank: 0 There are 21 slivers...
     Elapsed wall-clock time 0.197469 : 
On rank: 0 There are 23 slivers...
     Elapsed wall-clock time 0.196785 : 
On rank: 0 There are 21 slivers...
     Elapsed wall-clock time 0.197371 : 
On rank: 0 There are 22 slivers...
     Elapsed wall-clock time 0.198213 : 
On rank: 0 There are 22 slivers...
     Elapsed wall-clock time 0.196868 : 
On rank: 0 There are 13 slivers...
     Elapsed wall-clock time 0.199379 : 
On rank: 0 There are 14 slivers...
     Elapsed wall-clock time 0.197265 : 
On rank: 0 There are 19 slivers...
     Elapsed wall-clock time 0.198474 : 
On rank: 0 There are 16 slivers...
     Elapsed wall-clock time 0.201066 : 
On rank: 0 There are 16 slivers...
     Elapsed wall-clock time 0.199110 : 
On rank: 0 There are 7 slivers...
     Elapsed wall-clock time 0.198599 : 
On rank: 0 There are 5 slivers...
     Elapsed wall-clock time 0.195879 : 
On rank: 0 There are 14 slivers...
     Elapsed wall-clock time 0.195310 : 
On rank: 0 There are 12 slivers...
     Elapsed wall-clock time 0.196765 : 
On rank: 0 There are 11 slivers...
     Elapsed wall-clock time 0.196974 : 
On rank: 0 There are 5 slivers...
     Elapsed wall-clock time 0.197897 : 
On rank: 0 There are 6 slivers...
     Elapsed wall-clock time 0.194667 : 
On rank: 0 There are 6 slivers...
     Elapsed wall-clock time 0.198176 : 
On rank: 0 There are 6 slivers...
     Elapsed wall-clock time 0.199243 : 
On rank: 0 There are 12 slivers...
     Elapsed wall-clock time 0.195980 : 
On rank: 0 There are 8 slivers...
     Elapsed wall-clock time 0.196355 : 
On rank: 0 There are 7 slivers...
     Elapsed wall-clock time 0.197104 : 
On rank: 0 There are 4 slivers...
     Elapsed wall-clock time 0.197834 : 
On rank: 0 There are 2 slivers...
     Elapsed wall-clock time 0.196422 : 
On rank: 0 There are 4 slivers...
     Elapsed wall-clock time 0.195596 : 
On rank: 0 There are 3 slivers...
     Elapsed wall-clock time 0.197115 : 
On rank: 0 There are 3 slivers...
     Elapsed wall-clock time 0.195849 : 
On rank: 0 There are 5 slivers...
     Elapsed wall-clock time 0.197304 : 
On rank: 0 There are 7 slivers...
     Elapsed wall-clock time 0.196227 : 
On rank: 0 There are 14 slivers...
     Elapsed wall-clock time 0.198702 : 
On rank: 0 There are 10 slivers...
     Elapsed wall-clock time 0.198699 : 
On rank: 0 There are 9 slivers...
     Elapsed wall-clock time 0.205528 : 
On rank: 0 There are 4 slivers...
     Elapsed wall-clock time 0.198920 : 
On rank: 0 There are 1 slivers...
     Elapsed wall-clock time 0.196151 : 
On rank: 0 There are 3 slivers...
     Elapsed wall-clock time 0.196812 : 
On rank: 0 There are 3 slivers...
     Elapsed wall-clock time 0.196395 : 
On rank: 0 There are 2 slivers...
     Elapsed wall-clock time 0.198173 : 
On rank: 0 There are 3 slivers...
     Elapsed wall-clock time 0.196469 : 
On rank: 0 There are 2 slivers...
     Elapsed wall-clock time 0.194267 : 
On rank: 0 There are 0 slivers...
Termination reached in 46 iterations...no slivers detected!
Will attempt 100 iterations to bound the dihedral angles...
Enforcing a min. dihedral bound of: 10.999999999999998 degrees...
Enforcing a max. dihedral bound of: 180.0 degrees...
Commencing sliver removal with 39110 vertices on rank 0.
On rank: 0 There are 23 slivers...
     Elapsed wall-clock time 0.144296 : 
On rank: 0 There are 14 slivers...
     Elapsed wall-clock time 0.200154 : 
On rank: 0 There are 13 slivers...
     Elapsed wall-clock time 0.198430 : 
On rank: 0 There are 11 slivers...
     Elapsed wall-clock time 0.200675 : 
On rank: 0 There are 9 slivers...
     Elapsed wall-clock time 0.198184 : 
On rank: 0 There are 8 slivers...
     Elapsed wall-clock time 0.198934 : 
On rank: 0 There are 11 slivers...
     Elapsed wall-clock time 0.198107 : 
On rank: 0 There are 14 slivers...
     Elapsed wall-clock time 0.198818 : 
On rank: 0 There are 9 slivers...
     Elapsed wall-clock time 0.197901 : 
On rank: 0 There are 6 slivers...
     Elapsed wall-clock time 0.198721 : 
On rank: 0 There are 6 slivers...
     Elapsed wall-clock time 0.197874 : 
On rank: 0 There are 6 slivers...
     Elapsed wall-clock time 0.198213 : 
On rank: 0 There are 7 slivers...
     Elapsed wall-clock time 0.198020 : 
On rank: 0 There are 3 slivers...
     Elapsed wall-clock time 0.199312 : 
On rank: 0 There are 2 slivers...
     Elapsed wall-clock time 0.197288 : 
On rank: 0 There are 4 slivers...
     Elapsed wall-clock time 0.198366 : 
On rank: 0 There are 7 slivers...
     Elapsed wall-clock time 0.197484 : 
On rank: 0 There are 8 slivers...
     Elapsed wall-clock time 0.198403 : 
On rank: 0 There are 5 slivers...
     Elapsed wall-clock time 0.198273 : 
On rank: 0 There are 4 slivers...
     Elapsed wall-clock time 0.198422 : 
On rank: 0 There are 2 slivers...
     Elapsed wall-clock time 0.197601 : 
On rank: 0 There are 3 slivers...
     Elapsed wall-clock time 0.197884 : 
On rank: 0 There are 5 slivers...
     Elapsed wall-clock time 0.196817 : 
On rank: 0 There are 6 slivers...
     Elapsed wall-clock time 0.198337 : 
On rank: 0 There are 6 slivers...
     Elapsed wall-clock time 0.197304 : 
On rank: 0 There are 7 slivers...
     Elapsed wall-clock time 0.198260 : 
On rank: 0 There are 2 slivers...
     Elapsed wall-clock time 0.197578 : 
On rank: 0 There are 0 slivers...
Termination reached in 27 iterations...no slivers detected!
Minimum dihedral angle is 11.000644610467505
Minimum dihedral angle is 11.000644610467505

## Job finished on 22-03-2023 as 09:41:16 ###################
