
## Job started at 15-03-2023 as 14:26:19 #####################


## Jobs activated by olender: 

             JOBID PARTITION     NAME     USER ST       TIME  NODES NODELIST(REASON)
             23553 intel_lar overthur  olender  R       0:00      3 n[06-08]

## Execution node:         n06 


## Number of tasks per job: 60 


## Diretorio de submissao do job:   /home/olender/Thesis/chapter_acoustic_wave_fundamentals/spyro-1 

  rank 0 on ensemble 19 owns 145468 elements and can access 27151 vertices
  rank 1 on ensemble 19 owns 145469 elements and can access 27192 vertices
  rank 2 on ensemble 19 owns 145468 elements and can access 27393 vertices
  rank 0 on ensemble 10 owns 145468 elements and can access 27151 vertices
  rank 2 on ensemble 10 owns 145468 elements and can access 27393 vertices
  rank 1 on ensemble 10 owns 145469 elements and can access 27192 vertices
  rank 0 on ensemble 1 owns 145468 elements and can access 27151 vertices
  rank 1 on ensemble 1 owns 145469 elements and can access 27192 vertices
  rank 2 on ensemble 1 owns 145468 elements and can access 27393 vertices
  rank 1 on ensemble 0 owns 145469 elements and can access 27192 vertices
INFO: Distributing 20 shot(s) across 60 core(s). Each shot is using 3 cores
  rank 0 on ensemble 0 owns 145468 elements and can access 27151 vertices
  rank 2 on ensemble 0 owns 145468 elements and can access 27393 vertices
  rank 0 on ensemble 16 owns 145468 elements and can access 27151 vertices
  rank 1 on ensemble 16 owns 145469 elements and can access 27192 vertices
  rank 2 on ensemble 16 owns 145468 elements and can access 27393 vertices
  rank 0 on ensemble 6 owns 145468 elements and can access 27151 vertices
  rank 2 on ensemble 6 owns 145468 elements and can access 27393 vertices
  rank 1 on ensemble 6 owns 145469 elements and can access 27192 vertices
  rank 0 on ensemble 7 owns 145468 elements and can access 27151 vertices
  rank 1 on ensemble 7 owns 145469 elements and can access 27192 vertices
  rank 2 on ensemble 7 owns 145468 elements and can access 27393 vertices
  rank 1 on ensemble 8 owns 145469 elements and can access 27192 vertices
  rank 0 on ensemble 8 owns 145468 elements and can access 27151 vertices
  rank 2 on ensemble 8 owns 145468 elements and can access 27393 vertices
  rank 0 on ensemble 15 owns 145468 elements and can access 27151 vertices
  rank 2 on ensemble 15 owns 145468 elements and can access 27393 vertices
  rank 1 on ensemble 15 owns 145469 elements and can access 27192 vertices
  rank 0 on ensemble 12 owns 145468 elements and can access 27151 vertices
  rank 1 on ensemble 12 owns 145469 elements and can access 27192 vertices
  rank 2 on ensemble 12 owns 145468 elements and can access 27393 vertices
  rank 0 on ensemble 11 owns 145468 elements and can access 27151 vertices
  rank 1 on ensemble 11 owns 145469 elements and can access 27192 vertices
  rank 2 on ensemble 11 owns 145468 elements and can access 27393 vertices
  rank 0 on ensemble 4 owns 145468 elements and can access 27151 vertices
  rank 2 on ensemble 4 owns 145468 elements and can access 27393 vertices
  rank 1 on ensemble 4 owns 145469 elements and can access 27192 vertices
  rank 0 on ensemble 18 owns 145468 elements and can access 27151 vertices
  rank 1 on ensemble 18 owns 145469 elements and can access 27192 vertices
  rank 2 on ensemble 18 owns 145468 elements and can access 27393 vertices
  rank 1 on ensemble 3 owns 145469 elements and can access 27192 vertices
  rank 0 on ensemble 3 owns 145468 elements and can access 27151 vertices
  rank 2 on ensemble 3 owns 145468 elements and can access 27393 vertices
  rank 2 on ensemble 5 owns 145468 elements and can access 27393 vertices
  rank 0 on ensemble 5 owns 145468 elements and can access 27151 vertices
  rank 1 on ensemble 5 owns 145469 elements and can access 27192 vertices
  rank 2 on ensemble 13 owns 145468 elements and can access 27393 vertices
  rank 0 on ensemble 13 owns 145468 elements and can access 27151 vertices
  rank 1 on ensemble 13 owns 145469 elements and can access 27192 vertices
  rank 2 on ensemble 9 owns 145468 elements and can access 27393 vertices
  rank 1 on ensemble 9 owns 145469 elements and can access 27192 vertices
  rank 0 on ensemble 9 owns 145468 elements and can access 27151 vertices
  rank 1 on ensemble 17 owns 145469 elements and can access 27192 vertices
  rank 2 on ensemble 17 owns 145468 elements and can access 27393 vertices
  rank 0 on ensemble 17 owns 145468 elements and can access 27151 vertices
  rank 1 on ensemble 14 owns 145469 elements and can access 27192 vertices
  rank 2 on ensemble 14 owns 145468 elements and can access 27393 vertices
  rank 0 on ensemble 14 owns 145468 elements and can access 27151 vertices
  rank 2 on ensemble 2 owns 145468 elements and can access 27393 vertices
  rank 1 on ensemble 2 owns 145469 elements and can access 27192 vertices
  rank 0 on ensemble 2 owns 145468 elements and can access 27151 vertices
INFO: converting from m/s to km/s

## Job finished on 15-03-2023 as 14:27:37 ###################
