
## Job started at 15-03-2023 as 14:26:22 #####################


## Jobs activated by olender: 

             JOBID PARTITION     NAME     USER ST       TIME  NODES NODELIST(REASON)
             23554 intel_lar overthur  olender  R       0:00      1 n09
             23553 intel_lar overthur  olender  R       0:03      3 n[06-08]

## Execution node:         n09 


## Number of tasks per job: 20 


## Diretorio de submissao do job:   /home/olender/Thesis/chapter_acoustic_wave_fundamentals/spyro-1 

  rank 0 on ensemble 2 owns 436405 elements and can access 79132 vertices
  rank 0 on ensemble 7 owns 436405 elements and can access 79132 vertices
  rank 0 on ensemble 16 owns 436405 elements and can access 79132 vertices
  rank 0 on ensemble 9 owns 436405 elements and can access 79132 vertices
  rank 0 on ensemble 5 owns 436405 elements and can access 79132 vertices
  rank 0 on ensemble 8 owns 436405 elements and can access 79132 vertices
  rank 0 on ensemble 6 owns 436405 elements and can access 79132 vertices
  rank 0 on ensemble 19 owns 436405 elements and can access 79132 vertices
INFO: Distributing 20 shot(s) across 20 core(s). Each shot is using 1 cores
  rank 0 on ensemble 0 owns 436405 elements and can access 79132 vertices
  rank 0 on ensemble 18 owns 436405 elements and can access 79132 vertices
  rank 0 on ensemble 1 owns 436405 elements and can access 79132 vertices
  rank 0 on ensemble 14 owns 436405 elements and can access 79132 vertices
  rank 0 on ensemble 15 owns 436405 elements and can access 79132 vertices
  rank 0 on ensemble 11 owns 436405 elements and can access 79132 vertices
  rank 0 on ensemble 13 owns 436405 elements and can access 79132 vertices
  rank 0 on ensemble 4 owns 436405 elements and can access 79132 vertices
  rank 0 on ensemble 10 owns 436405 elements and can access 79132 vertices
  rank 0 on ensemble 17 owns 436405 elements and can access 79132 vertices
  rank 0 on ensemble 3 owns 436405 elements and can access 79132 vertices
  rank 0 on ensemble 12 owns 436405 elements and can access 79132 vertices
INFO: converting from m/s to km/s
Simulation time is:    0.07425 seconds
Simulation time is:     0.1492 seconds
Simulation time is:     0.2243 seconds
Simulation time is:     0.2993 seconds
Simulation time is:     0.3743 seconds
Simulation time is:     0.4492 seconds
Simulation time is:     0.5242 seconds
Simulation time is:     0.5993 seconds
Simulation time is:     0.6743 seconds
Simulation time is:     0.7492 seconds
Simulation time is:     0.8243 seconds
Simulation time is:     0.8992 seconds
Simulation time is:     0.9743 seconds
Simulation time is:      1.049 seconds
Simulation time is:      1.124 seconds
Simulation time is:      1.199 seconds
Simulation time is:      1.274 seconds
Simulation time is:      1.349 seconds
Simulation time is:      1.424 seconds
Simulation time is:      1.499 seconds
Simulation time is:      1.574 seconds
Simulation time is:      1.649 seconds
Simulation time is:      1.724 seconds
Simulation time is:      1.799 seconds
Simulation time is:      1.874 seconds
Simulation time is:      1.949 seconds
Simulation time is:      2.024 seconds
Simulation time is:      2.099 seconds
Simulation time is:      2.174 seconds
Simulation time is:      2.249 seconds
Simulation time is:      2.324 seconds
Simulation time is:      2.399 seconds
Simulation time is:      2.474 seconds
Simulation time is:      2.549 seconds
Simulation time is:      2.624 seconds
Simulation time is:      2.699 seconds
Simulation time is:      2.774 seconds
Simulation time is:      2.849 seconds
Simulation time is:      2.924 seconds
Simulation time is:      2.999 seconds
Simulation time is:      3.074 seconds
Simulation time is:      3.149 seconds
Simulation time is:      3.224 seconds
Simulation time is:      3.299 seconds
Simulation time is:      3.374 seconds
Simulation time is:      3.449 seconds
Simulation time is:      3.524 seconds
Simulation time is:      3.599 seconds
Simulation time is:      3.674 seconds
Simulation time is:      3.749 seconds
Simulation time is:      3.824 seconds
Simulation time is:      3.899 seconds
Simulation time is:      3.974 seconds
Total simulation time, for marmousi, without PML = 22041.386608839035
Memory usage = 3092.8203125

## Job finished on 15-03-2023 as 20:34:08 ###################
