
## Job started at 22-03-2023 as 10:20:13 #####################


## Jobs activated by olender: 

             JOBID PARTITION     NAME     USER ST       TIME  NODES NODELIST(REASON)
             23649 intel_lar overthur  olender  R       0:00      1 n06

## Execution node:         n06 


## Number of tasks per job: 20 


## Diretorio de submissao do job:   /home/olender/Thesis/chapter_acoustic_wave_fundamentals/spyro-1 

  rank 0 on ensemble 2 owns 207524 elements and can access 39108 vertices
  rank 0 on ensemble 17 owns 207524 elements and can access 39108 vertices
  rank 0 on ensemble 10 owns 207524 elements and can access 39108 vertices
  rank 0 on ensemble 16 owns 207524 elements and can access 39108 vertices
  rank 0 on ensemble 6 owns 207524 elements and can access 39108 vertices
  rank 0 on ensemble 12 owns 207524 elements and can access 39108 vertices
INFO: Distributing 20 shot(s) across 20 core(s). Each shot is using 1 cores
  rank 0 on ensemble 0 owns 207524 elements and can access 39108 vertices
  rank 0 on ensemble 5 owns 207524 elements and can access 39108 vertices
  rank 0 on ensemble 11 owns 207524 elements and can access 39108 vertices
  rank 0 on ensemble 15 owns 207524 elements and can access 39108 vertices
  rank 0 on ensemble 1 owns 207524 elements and can access 39108 vertices
  rank 0 on ensemble 4 owns 207524 elements and can access 39108 vertices
  rank 0 on ensemble 18 owns 207524 elements and can access 39108 vertices
  rank 0 on ensemble 3 owns 207524 elements and can access 39108 vertices
  rank 0 on ensemble 14 owns 207524 elements and can access 39108 vertices
  rank 0 on ensemble 9 owns 207524 elements and can access 39108 vertices
  rank 0 on ensemble 8 owns 207524 elements and can access 39108 vertices
  rank 0 on ensemble 7 owns 207524 elements and can access 39108 vertices
  rank 0 on ensemble 13 owns 207524 elements and can access 39108 vertices
  rank 0 on ensemble 19 owns 207524 elements and can access 39108 vertices
INFO: converting from m/s to km/s
Simulation time is:    0.02475 seconds
Simulation time is:    0.04975 seconds
Simulation time is:    0.07475 seconds
Simulation time is:    0.09975 seconds
Simulation time is:     0.1247 seconds
Simulation time is:     0.1497 seconds
Simulation time is:     0.1748 seconds
Simulation time is:     0.1998 seconds
Simulation time is:     0.2248 seconds
Simulation time is:     0.2497 seconds
Simulation time is:     0.2747 seconds
Simulation time is:     0.2998 seconds
Simulation time is:     0.3247 seconds
Simulation time is:     0.3498 seconds
Simulation time is:     0.3748 seconds
Simulation time is:     0.3997 seconds
Simulation time is:     0.4248 seconds
Simulation time is:     0.4497 seconds
Simulation time is:     0.4748 seconds
Simulation time is:     0.4998 seconds
Simulation time is:     0.5248 seconds
Simulation time is:     0.5497 seconds
Simulation time is:     0.5747 seconds
Simulation time is:     0.5998 seconds
Simulation time is:     0.6248 seconds
Simulation time is:     0.6498 seconds
Simulation time is:     0.6747 seconds
Simulation time is:     0.6997 seconds
Simulation time is:     0.7248 seconds
Simulation time is:     0.7498 seconds
Simulation time is:     0.7748 seconds
Simulation time is:     0.7998 seconds
Simulation time is:     0.8247 seconds
Simulation time is:     0.8498 seconds
Simulation time is:     0.8748 seconds
Simulation time is:     0.8998 seconds
Simulation time is:     0.9248 seconds
Simulation time is:     0.9497 seconds
Simulation time is:     0.9748 seconds
Simulation time is:     0.9998 seconds
Simulation time is:      1.025 seconds
Simulation time is:       1.05 seconds
Simulation time is:      1.075 seconds
Simulation time is:        1.1 seconds
Simulation time is:      1.125 seconds
Simulation time is:       1.15 seconds
Simulation time is:      1.175 seconds
Simulation time is:        1.2 seconds
Simulation time is:      1.225 seconds
Simulation time is:       1.25 seconds
Simulation time is:      1.275 seconds
Simulation time is:        1.3 seconds
Simulation time is:      1.325 seconds
Simulation time is:       1.35 seconds
Simulation time is:      1.375 seconds
Simulation time is:        1.4 seconds
Simulation time is:      1.425 seconds
Simulation time is:       1.45 seconds
Simulation time is:      1.475 seconds
Simulation time is:        1.5 seconds
Simulation time is:      1.525 seconds
Simulation time is:       1.55 seconds
Simulation time is:      1.575 seconds
Simulation time is:        1.6 seconds
Simulation time is:      1.625 seconds
Simulation time is:       1.65 seconds
Simulation time is:      1.675 seconds
Simulation time is:        1.7 seconds
Simulation time is:      1.725 seconds
Simulation time is:       1.75 seconds
Simulation time is:      1.775 seconds
Simulation time is:        1.8 seconds
Simulation time is:      1.825 seconds
Simulation time is:       1.85 seconds
Simulation time is:      1.875 seconds
Simulation time is:        1.9 seconds
Simulation time is:      1.925 seconds
Simulation time is:       1.95 seconds
Simulation time is:      1.975 seconds
Simulation time is:        2.0 seconds
Simulation time is:      2.025 seconds
Simulation time is:       2.05 seconds
Simulation time is:      2.075 seconds
Simulation time is:        2.1 seconds
Simulation time is:      2.125 seconds
Simulation time is:       2.15 seconds
Simulation time is:      2.175 seconds
Simulation time is:        2.2 seconds
Simulation time is:      2.225 seconds
Simulation time is:       2.25 seconds
Simulation time is:      2.275 seconds
Simulation time is:        2.3 seconds
Simulation time is:      2.325 seconds
Simulation time is:       2.35 seconds
Simulation time is:      2.375 seconds
Simulation time is:        2.4 seconds
Simulation time is:      2.425 seconds
Simulation time is:       2.45 seconds
Simulation time is:      2.475 seconds
Simulation time is:        2.5 seconds
Simulation time is:      2.525 seconds
Simulation time is:       2.55 seconds
Simulation time is:      2.575 seconds
Simulation time is:        2.6 seconds
Simulation time is:      2.625 seconds
Simulation time is:       2.65 seconds
Simulation time is:      2.675 seconds
Simulation time is:        2.7 seconds
Simulation time is:      2.725 seconds
Simulation time is:       2.75 seconds
Simulation time is:      2.775 seconds
Simulation time is:        2.8 seconds
Simulation time is:      2.825 seconds
Simulation time is:       2.85 seconds
Simulation time is:      2.875 seconds
Simulation time is:        2.9 seconds
Simulation time is:      2.925 seconds
Simulation time is:       2.95 seconds
Simulation time is:      2.975 seconds
Simulation time is:        3.0 seconds
Simulation time is:      3.025 seconds
Simulation time is:       3.05 seconds
Simulation time is:      3.075 seconds
Simulation time is:        3.1 seconds
Simulation time is:      3.125 seconds
Simulation time is:       3.15 seconds
Simulation time is:      3.175 seconds
Simulation time is:        3.2 seconds
Simulation time is:      3.225 seconds
Simulation time is:       3.25 seconds
Simulation time is:      3.275 seconds
Simulation time is:        3.3 seconds
Simulation time is:      3.325 seconds
Simulation time is:       3.35 seconds
Simulation time is:      3.375 seconds
Simulation time is:        3.4 seconds
Simulation time is:      3.425 seconds
Simulation time is:       3.45 seconds
Simulation time is:      3.475 seconds
Simulation time is:        3.5 seconds
Simulation time is:      3.525 seconds
Simulation time is:       3.55 seconds
Simulation time is:      3.575 seconds
Simulation time is:        3.6 seconds
Simulation time is:      3.625 seconds
Simulation time is:       3.65 seconds
Simulation time is:      3.675 seconds
Simulation time is:        3.7 seconds
Simulation time is:      3.725 seconds
Simulation time is:       3.75 seconds
Simulation time is:      3.775 seconds
Simulation time is:        3.8 seconds
Simulation time is:      3.825 seconds
Simulation time is:       3.85 seconds
Simulation time is:      3.875 seconds
Simulation time is:        3.9 seconds
Simulation time is:      3.925 seconds
Simulation time is:       3.95 seconds
Simulation time is:      3.975 seconds
Total simulation time, for marmousi, with PML = 31197.274524450302
Memory usage = 1817.75

## Job finished on 22-03-2023 as 19:13:46 ###################
